running egg_info
writing ../build/puzzlebot_ros/puzzlebot_ros.egg-info/PKG-INFO
writing dependency_links to ../build/puzzlebot_ros/puzzlebot_ros.egg-info/dependency_links.txt
writing entry points to ../build/puzzlebot_ros/puzzlebot_ros.egg-info/entry_points.txt
writing requirements to ../build/puzzlebot_ros/puzzlebot_ros.egg-info/requires.txt
writing top-level names to ../build/puzzlebot_ros/puzzlebot_ros.egg-info/top_level.txt
reading manifest file '../build/puzzlebot_ros/puzzlebot_ros.egg-info/SOURCES.txt'
writing manifest file '../build/puzzlebot_ros/puzzlebot_ros.egg-info/SOURCES.txt'
running build
running build_py
running install
running install_lib
running install_data
running install_egg_info
removing '/home/puzzlebot/ros2_ws/src/install/puzzlebot_ros/lib/python3.8/site-packages/puzzlebot_ros-0.0.0-py3.8.egg-info' (and everything under it)
Copying ../build/puzzlebot_ros/puzzlebot_ros.egg-info to /home/puzzlebot/ros2_ws/src/install/puzzlebot_ros/lib/python3.8/site-packages/puzzlebot_ros-0.0.0-py3.8.egg-info
running install_scripts
Installing distance_control script to /home/puzzlebot/ros2_ws/src/install/puzzlebot_ros/lib/puzzlebot_ros
Installing goto_point script to /home/puzzlebot/ros2_ws/src/install/puzzlebot_ros/lib/puzzlebot_ros
Installing kalman script to /home/puzzlebot/ros2_ws/src/install/puzzlebot_ros/lib/puzzlebot_ros
Installing kalman_aruco script to /home/puzzlebot/ros2_ws/src/install/puzzlebot_ros/lib/puzzlebot_ros
Installing pwm_control script to /home/puzzlebot/ros2_ws/src/install/puzzlebot_ros/lib/puzzlebot_ros
Installing test_imu script to /home/puzzlebot/ros2_ws/src/install/puzzlebot_ros/lib/puzzlebot_ros
Installing velocity_control script to /home/puzzlebot/ros2_ws/src/install/puzzlebot_ros/lib/puzzlebot_ros
writing list of installed files to '/home/puzzlebot/ros2_ws/src/build/puzzlebot_ros/install.log'
