[11.894s] DEBUG:colcon:Command line arguments: ['/usr/bin/colcon', 'build']
[11.895s] DEBUG:colcon:Parsed command line arguments: Namespace(allow_overriding=[], ament_cmake_args=None, base_paths=['.'], build_base='build', catkin_cmake_args=None, catkin_skip_building_tests=False, cmake_args=None, cmake_clean_cache=False, cmake_clean_first=False, cmake_force_configure=False, cmake_target=None, cmake_target_skip_unavailable=False, continue_on_error=False, event_handlers=None, executor='parallel', ignore_user_meta=False, install_base='install', log_base=None, log_level=None, main=<bound method BuildVerb.main of <colcon_core.verb.build.BuildVerb object at 0x7f9c17cca0>>, merge_install=False, metas=['./colcon.meta'], packages_above=None, packages_above_and_dependencies=None, packages_above_depth=None, packages_end=None, packages_ignore=None, packages_ignore_regex=None, packages_select=None, packages_select_build_failed=False, packages_select_by_dep=None, packages_select_regex=None, packages_select_test_failures=False, packages_skip=None, packages_skip_build_finished=False, packages_skip_by_dep=None, packages_skip_regex=None, packages_skip_test_passed=False, packages_skip_up_to=None, packages_start=None, packages_up_to=None, packages_up_to_regex=None, parallel_workers=4, paths=None, symlink_install=False, test_result_base=None, verb_extension=<colcon_core.verb.build.BuildVerb object at 0x7f9c17cca0>, verb_name='build', verb_parser=<colcon_defaults.argument_parser.defaults.DefaultArgumentsDecorator object at 0x7f9bdd20a0>)
[12.421s] Level 1:colcon.colcon_core.package_discovery:discover_packages(colcon_meta) check parameters
[12.422s] Level 1:colcon.colcon_core.package_discovery:discover_packages(recursive) check parameters
[12.422s] Level 1:colcon.colcon_core.package_discovery:discover_packages(ignore) check parameters
[12.422s] Level 1:colcon.colcon_core.package_discovery:discover_packages(path) check parameters
[12.422s] Level 1:colcon.colcon_core.package_discovery:discover_packages(colcon_meta) discover
[12.422s] Level 1:colcon.colcon_core.package_discovery:discover_packages(recursive) discover
[12.422s] INFO:colcon.colcon_core.package_discovery:Crawling recursively for packages in '/home/puzzlebot/ros2_ws/src'
[12.423s] Level 1:colcon.colcon_core.package_identification:_identify(.) by extensions ['ignore', 'ignore_ament_install']
[12.423s] Level 1:colcon.colcon_core.package_identification:_identify(.) by extension 'ignore'
[12.424s] Level 1:colcon.colcon_core.package_identification:_identify(.) by extension 'ignore_ament_install'
[12.424s] Level 1:colcon.colcon_core.package_identification:_identify(.) by extensions ['colcon_pkg']
[12.424s] Level 1:colcon.colcon_core.package_identification:_identify(.) by extension 'colcon_pkg'
[12.424s] Level 1:colcon.colcon_core.package_identification:_identify(.) by extensions ['colcon_meta']
[12.424s] Level 1:colcon.colcon_core.package_identification:_identify(.) by extension 'colcon_meta'
[12.424s] Level 1:colcon.colcon_core.package_identification:_identify(.) by extensions ['ros']
[12.425s] Level 1:colcon.colcon_core.package_identification:_identify(.) by extension 'ros'
[12.473s] Level 1:colcon.colcon_core.package_identification:_identify(.) by extensions ['cmake', 'python']
[12.473s] Level 1:colcon.colcon_core.package_identification:_identify(.) by extension 'cmake'
[12.474s] Level 1:colcon.colcon_core.package_identification:_identify(.) by extension 'python'
[12.474s] Level 1:colcon.colcon_core.package_identification:_identify(.) by extensions ['python_setup_py']
[12.474s] Level 1:colcon.colcon_core.package_identification:_identify(.) by extension 'python_setup_py'
[12.474s] Level 1:colcon.colcon_core.package_identification:_identify(build) by extensions ['ignore', 'ignore_ament_install']
[12.475s] Level 1:colcon.colcon_core.package_identification:_identify(build) by extension 'ignore'
[12.475s] Level 1:colcon.colcon_core.package_identification:_identify(build) ignored
[12.476s] Level 1:colcon.colcon_core.package_identification:_identify(color_identification) by extensions ['ignore', 'ignore_ament_install']
[12.476s] Level 1:colcon.colcon_core.package_identification:_identify(color_identification) by extension 'ignore'
[12.476s] Level 1:colcon.colcon_core.package_identification:_identify(color_identification) by extension 'ignore_ament_install'
[12.476s] Level 1:colcon.colcon_core.package_identification:_identify(color_identification) by extensions ['colcon_pkg']
[12.477s] Level 1:colcon.colcon_core.package_identification:_identify(color_identification) by extension 'colcon_pkg'
[12.477s] Level 1:colcon.colcon_core.package_identification:_identify(color_identification) by extensions ['colcon_meta']
[12.477s] Level 1:colcon.colcon_core.package_identification:_identify(color_identification) by extension 'colcon_meta'
[12.477s] Level 1:colcon.colcon_core.package_identification:_identify(color_identification) by extensions ['ros']
[12.477s] Level 1:colcon.colcon_core.package_identification:_identify(color_identification) by extension 'ros'
[12.487s] DEBUG:colcon.colcon_core.package_identification:Package 'color_identification' with type 'ros.ament_python' and name 'color_identification'
[12.487s] Level 1:colcon.colcon_core.package_identification:_identify(install) by extensions ['ignore', 'ignore_ament_install']
[12.488s] Level 1:colcon.colcon_core.package_identification:_identify(install) by extension 'ignore'
[12.488s] Level 1:colcon.colcon_core.package_identification:_identify(install) ignored
[12.488s] Level 1:colcon.colcon_core.package_identification:_identify(log) by extensions ['ignore', 'ignore_ament_install']
[12.489s] Level 1:colcon.colcon_core.package_identification:_identify(log) by extension 'ignore'
[12.489s] Level 1:colcon.colcon_core.package_identification:_identify(log) ignored
[12.489s] Level 1:colcon.colcon_core.package_identification:_identify(odometry) by extensions ['ignore', 'ignore_ament_install']
[12.490s] Level 1:colcon.colcon_core.package_identification:_identify(odometry) by extension 'ignore'
[12.490s] Level 1:colcon.colcon_core.package_identification:_identify(odometry) by extension 'ignore_ament_install'
[12.490s] Level 1:colcon.colcon_core.package_identification:_identify(odometry) by extensions ['colcon_pkg']
[12.490s] Level 1:colcon.colcon_core.package_identification:_identify(odometry) by extension 'colcon_pkg'
[12.490s] Level 1:colcon.colcon_core.package_identification:_identify(odometry) by extensions ['colcon_meta']
[12.490s] Level 1:colcon.colcon_core.package_identification:_identify(odometry) by extension 'colcon_meta'
[12.491s] Level 1:colcon.colcon_core.package_identification:_identify(odometry) by extensions ['ros']
[12.491s] Level 1:colcon.colcon_core.package_identification:_identify(odometry) by extension 'ros'
[12.494s] DEBUG:colcon.colcon_core.package_identification:Package 'odometry' with type 'ros.ament_python' and name 'odometry'
[12.494s] Level 1:colcon.colcon_core.package_identification:_identify(puzzlebot_ros) by extensions ['ignore', 'ignore_ament_install']
[12.495s] Level 1:colcon.colcon_core.package_identification:_identify(puzzlebot_ros) by extension 'ignore'
[12.495s] Level 1:colcon.colcon_core.package_identification:_identify(puzzlebot_ros) by extension 'ignore_ament_install'
[12.495s] Level 1:colcon.colcon_core.package_identification:_identify(puzzlebot_ros) by extensions ['colcon_pkg']
[12.495s] Level 1:colcon.colcon_core.package_identification:_identify(puzzlebot_ros) by extension 'colcon_pkg'
[12.495s] Level 1:colcon.colcon_core.package_identification:_identify(puzzlebot_ros) by extensions ['colcon_meta']
[12.496s] Level 1:colcon.colcon_core.package_identification:_identify(puzzlebot_ros) by extension 'colcon_meta'
[12.496s] Level 1:colcon.colcon_core.package_identification:_identify(puzzlebot_ros) by extensions ['ros']
[12.496s] Level 1:colcon.colcon_core.package_identification:_identify(puzzlebot_ros) by extension 'ros'
[12.498s] DEBUG:colcon.colcon_core.package_identification:Package 'puzzlebot_ros' with type 'ros.ament_python' and name 'puzzlebot_ros'
[12.499s] Level 1:colcon.colcon_core.package_identification:_identify(reduno) by extensions ['ignore', 'ignore_ament_install']
[12.499s] Level 1:colcon.colcon_core.package_identification:_identify(reduno) by extension 'ignore'
[12.499s] Level 1:colcon.colcon_core.package_identification:_identify(reduno) by extension 'ignore_ament_install'
[12.499s] Level 1:colcon.colcon_core.package_identification:_identify(reduno) by extensions ['colcon_pkg']
[12.500s] Level 1:colcon.colcon_core.package_identification:_identify(reduno) by extension 'colcon_pkg'
[12.500s] Level 1:colcon.colcon_core.package_identification:_identify(reduno) by extensions ['colcon_meta']
[12.500s] Level 1:colcon.colcon_core.package_identification:_identify(reduno) by extension 'colcon_meta'
[12.500s] Level 1:colcon.colcon_core.package_identification:_identify(reduno) by extensions ['ros']
[12.500s] Level 1:colcon.colcon_core.package_identification:_identify(reduno) by extension 'ros'
[12.503s] DEBUG:colcon.colcon_core.package_identification:Package 'reduno' with type 'ros.ament_python' and name 'reduno'
[12.503s] Level 1:colcon.colcon_core.package_discovery:discover_packages(recursive) using defaults
[12.503s] Level 1:colcon.colcon_core.package_discovery:discover_packages(ignore) discover
[12.503s] Level 1:colcon.colcon_core.package_discovery:discover_packages(ignore) using defaults
[12.503s] Level 1:colcon.colcon_core.package_discovery:discover_packages(path) discover
[12.503s] Level 1:colcon.colcon_core.package_discovery:discover_packages(path) using defaults
[13.654s] Level 1:colcon.colcon_core.package_discovery:discover_packages(prefix_path) check parameters
[13.654s] Level 1:colcon.colcon_core.package_discovery:discover_packages(prefix_path) discover
[14.083s] DEBUG:colcon.colcon_installed_package_information.package_discovery:Found 10 installed packages in /home/puzzlebot/ros2_ws/src/install
[14.295s] DEBUG:colcon.colcon_installed_package_information.package_discovery:Found 4 installed packages in /home/puzzlebot/ros2_ws/install
[14.506s] DEBUG:colcon.colcon_installed_package_information.package_discovery:Found 5 installed packages in /home/puzzlebot/ros2_packages_ws/install
[14.720s] DEBUG:colcon.colcon_installed_package_information.package_discovery:Found 276 installed packages in /opt/ros/humble
[14.729s] Level 1:colcon.colcon_core.package_discovery:discover_packages(prefix_path) using defaults
[15.569s] Level 5:colcon.colcon_core.verb:set package 'color_identification' build argument 'cmake_args' from command line to 'None'
[15.569s] Level 5:colcon.colcon_core.verb:set package 'color_identification' build argument 'cmake_target' from command line to 'None'
[15.569s] Level 5:colcon.colcon_core.verb:set package 'color_identification' build argument 'cmake_target_skip_unavailable' from command line to 'False'
[15.570s] Level 5:colcon.colcon_core.verb:set package 'color_identification' build argument 'cmake_clean_cache' from command line to 'False'
[15.570s] Level 5:colcon.colcon_core.verb:set package 'color_identification' build argument 'cmake_clean_first' from command line to 'False'
[15.570s] Level 5:colcon.colcon_core.verb:set package 'color_identification' build argument 'cmake_force_configure' from command line to 'False'
[15.570s] Level 5:colcon.colcon_core.verb:set package 'color_identification' build argument 'ament_cmake_args' from command line to 'None'
[15.570s] Level 5:colcon.colcon_core.verb:set package 'color_identification' build argument 'catkin_cmake_args' from command line to 'None'
[15.570s] Level 5:colcon.colcon_core.verb:set package 'color_identification' build argument 'catkin_skip_building_tests' from command line to 'False'
[15.570s] DEBUG:colcon.colcon_core.verb:Building package 'color_identification' with the following arguments: {'ament_cmake_args': None, 'build_base': '/home/puzzlebot/ros2_ws/src/build/color_identification', 'catkin_cmake_args': None, 'catkin_skip_building_tests': False, 'cmake_args': None, 'cmake_clean_cache': False, 'cmake_clean_first': False, 'cmake_force_configure': False, 'cmake_target': None, 'cmake_target_skip_unavailable': False, 'install_base': '/home/puzzlebot/ros2_ws/src/install/color_identification', 'merge_install': False, 'path': '/home/puzzlebot/ros2_ws/src/color_identification', 'symlink_install': False, 'test_result_base': None}
[15.782s] Level 5:colcon.colcon_core.verb:set package 'odometry' build argument 'cmake_args' from command line to 'None'
[15.782s] Level 5:colcon.colcon_core.verb:set package 'odometry' build argument 'cmake_target' from command line to 'None'
[15.782s] Level 5:colcon.colcon_core.verb:set package 'odometry' build argument 'cmake_target_skip_unavailable' from command line to 'False'
[15.783s] Level 5:colcon.colcon_core.verb:set package 'odometry' build argument 'cmake_clean_cache' from command line to 'False'
[15.783s] Level 5:colcon.colcon_core.verb:set package 'odometry' build argument 'cmake_clean_first' from command line to 'False'
[15.783s] Level 5:colcon.colcon_core.verb:set package 'odometry' build argument 'cmake_force_configure' from command line to 'False'
[15.783s] Level 5:colcon.colcon_core.verb:set package 'odometry' build argument 'ament_cmake_args' from command line to 'None'
[15.783s] Level 5:colcon.colcon_core.verb:set package 'odometry' build argument 'catkin_cmake_args' from command line to 'None'
[15.783s] Level 5:colcon.colcon_core.verb:set package 'odometry' build argument 'catkin_skip_building_tests' from command line to 'False'
[15.783s] DEBUG:colcon.colcon_core.verb:Building package 'odometry' with the following arguments: {'ament_cmake_args': None, 'build_base': '/home/puzzlebot/ros2_ws/src/build/odometry', 'catkin_cmake_args': None, 'catkin_skip_building_tests': False, 'cmake_args': None, 'cmake_clean_cache': False, 'cmake_clean_first': False, 'cmake_force_configure': False, 'cmake_target': None, 'cmake_target_skip_unavailable': False, 'install_base': '/home/puzzlebot/ros2_ws/src/install/odometry', 'merge_install': False, 'path': '/home/puzzlebot/ros2_ws/src/odometry', 'symlink_install': False, 'test_result_base': None}
[16.031s] Level 5:colcon.colcon_core.verb:set package 'puzzlebot_ros' build argument 'cmake_args' from command line to 'None'
[16.031s] Level 5:colcon.colcon_core.verb:set package 'puzzlebot_ros' build argument 'cmake_target' from command line to 'None'
[16.031s] Level 5:colcon.colcon_core.verb:set package 'puzzlebot_ros' build argument 'cmake_target_skip_unavailable' from command line to 'False'
[16.031s] Level 5:colcon.colcon_core.verb:set package 'puzzlebot_ros' build argument 'cmake_clean_cache' from command line to 'False'
[16.031s] Level 5:colcon.colcon_core.verb:set package 'puzzlebot_ros' build argument 'cmake_clean_first' from command line to 'False'
[16.031s] Level 5:colcon.colcon_core.verb:set package 'puzzlebot_ros' build argument 'cmake_force_configure' from command line to 'False'
[16.032s] Level 5:colcon.colcon_core.verb:set package 'puzzlebot_ros' build argument 'ament_cmake_args' from command line to 'None'
[16.032s] Level 5:colcon.colcon_core.verb:set package 'puzzlebot_ros' build argument 'catkin_cmake_args' from command line to 'None'
[16.032s] Level 5:colcon.colcon_core.verb:set package 'puzzlebot_ros' build argument 'catkin_skip_building_tests' from command line to 'False'
[16.032s] DEBUG:colcon.colcon_core.verb:Building package 'puzzlebot_ros' with the following arguments: {'ament_cmake_args': None, 'build_base': '/home/puzzlebot/ros2_ws/src/build/puzzlebot_ros', 'catkin_cmake_args': None, 'catkin_skip_building_tests': False, 'cmake_args': None, 'cmake_clean_cache': False, 'cmake_clean_first': False, 'cmake_force_configure': False, 'cmake_target': None, 'cmake_target_skip_unavailable': False, 'install_base': '/home/puzzlebot/ros2_ws/src/install/puzzlebot_ros', 'merge_install': False, 'path': '/home/puzzlebot/ros2_ws/src/puzzlebot_ros', 'symlink_install': False, 'test_result_base': None}
[16.239s] Level 5:colcon.colcon_core.verb:set package 'reduno' build argument 'cmake_args' from command line to 'None'
[16.239s] Level 5:colcon.colcon_core.verb:set package 'reduno' build argument 'cmake_target' from command line to 'None'
[16.240s] Level 5:colcon.colcon_core.verb:set package 'reduno' build argument 'cmake_target_skip_unavailable' from command line to 'False'
[16.240s] Level 5:colcon.colcon_core.verb:set package 'reduno' build argument 'cmake_clean_cache' from command line to 'False'
[16.240s] Level 5:colcon.colcon_core.verb:set package 'reduno' build argument 'cmake_clean_first' from command line to 'False'
[16.240s] Level 5:colcon.colcon_core.verb:set package 'reduno' build argument 'cmake_force_configure' from command line to 'False'
[16.240s] Level 5:colcon.colcon_core.verb:set package 'reduno' build argument 'ament_cmake_args' from command line to 'None'
[16.240s] Level 5:colcon.colcon_core.verb:set package 'reduno' build argument 'catkin_cmake_args' from command line to 'None'
[16.240s] Level 5:colcon.colcon_core.verb:set package 'reduno' build argument 'catkin_skip_building_tests' from command line to 'False'
[16.241s] DEBUG:colcon.colcon_core.verb:Building package 'reduno' with the following arguments: {'ament_cmake_args': None, 'build_base': '/home/puzzlebot/ros2_ws/src/build/reduno', 'catkin_cmake_args': None, 'catkin_skip_building_tests': False, 'cmake_args': None, 'cmake_clean_cache': False, 'cmake_clean_first': False, 'cmake_force_configure': False, 'cmake_target': None, 'cmake_target_skip_unavailable': False, 'install_base': '/home/puzzlebot/ros2_ws/src/install/reduno', 'merge_install': False, 'path': '/home/puzzlebot/ros2_ws/src/reduno', 'symlink_install': False, 'test_result_base': None}
[16.451s] INFO:colcon.colcon_core.executor:Executing jobs using 'parallel' executor
[16.662s] DEBUG:colcon.colcon_parallel_executor.executor.parallel:run_until_complete
[16.663s] INFO:colcon.colcon_ros.task.ament_python.build:Building ROS package in '/home/puzzlebot/ros2_ws/src/color_identification' with build type 'ament_python'
[16.664s] Level 1:colcon.colcon_core.shell:create_environment_hook('color_identification', 'ament_prefix_path')
[16.887s] INFO:colcon.colcon_core.plugin_system:Skipping extension 'colcon_core.shell.bat': Not used on non-Windows systems
[16.889s] INFO:colcon.colcon_core.shell:Creating environment hook '/home/puzzlebot/ros2_ws/src/install/color_identification/share/color_identification/hook/ament_prefix_path.ps1'
[16.891s] INFO:colcon.colcon_core.shell:Creating environment descriptor '/home/puzzlebot/ros2_ws/src/install/color_identification/share/color_identification/hook/ament_prefix_path.dsv'
[16.898s] INFO:colcon.colcon_core.shell:Creating environment hook '/home/puzzlebot/ros2_ws/src/install/color_identification/share/color_identification/hook/ament_prefix_path.sh'
[17.119s] INFO:colcon.colcon_core.shell:Skip shell extension 'powershell' for command environment: Not usable outside of PowerShell
[17.119s] DEBUG:colcon.colcon_core.shell:Skip shell extension 'dsv' for command environment
[18.220s] INFO:colcon.colcon_ros.task.ament_python.build:Building ROS package in '/home/puzzlebot/ros2_ws/src/odometry' with build type 'ament_python'
[18.221s] Level 1:colcon.colcon_core.shell:create_environment_hook('odometry', 'ament_prefix_path')
[18.442s] INFO:colcon.colcon_core.shell:Creating environment hook '/home/puzzlebot/ros2_ws/src/install/odometry/share/odometry/hook/ament_prefix_path.ps1'
[18.444s] INFO:colcon.colcon_core.shell:Creating environment descriptor '/home/puzzlebot/ros2_ws/src/install/odometry/share/odometry/hook/ament_prefix_path.dsv'
[18.445s] INFO:colcon.colcon_core.shell:Creating environment hook '/home/puzzlebot/ros2_ws/src/install/odometry/share/odometry/hook/ament_prefix_path.sh'
[18.662s] INFO:colcon.colcon_core.shell:Skip shell extension 'powershell' for command environment: Not usable outside of PowerShell
[18.663s] DEBUG:colcon.colcon_core.shell:Skip shell extension 'dsv' for command environment
[19.775s] INFO:colcon.colcon_ros.task.ament_python.build:Building ROS package in '/home/puzzlebot/ros2_ws/src/puzzlebot_ros' with build type 'ament_python'
[19.776s] Level 1:colcon.colcon_core.shell:create_environment_hook('puzzlebot_ros', 'ament_prefix_path')
[19.994s] INFO:colcon.colcon_core.shell:Creating environment hook '/home/puzzlebot/ros2_ws/src/install/puzzlebot_ros/share/puzzlebot_ros/hook/ament_prefix_path.ps1'
[19.996s] INFO:colcon.colcon_core.shell:Creating environment descriptor '/home/puzzlebot/ros2_ws/src/install/puzzlebot_ros/share/puzzlebot_ros/hook/ament_prefix_path.dsv'
[19.998s] INFO:colcon.colcon_core.shell:Creating environment hook '/home/puzzlebot/ros2_ws/src/install/puzzlebot_ros/share/puzzlebot_ros/hook/ament_prefix_path.sh'
[20.214s] INFO:colcon.colcon_core.shell:Skip shell extension 'powershell' for command environment: Not usable outside of PowerShell
[20.214s] DEBUG:colcon.colcon_core.shell:Skip shell extension 'dsv' for command environment
[21.317s] INFO:colcon.colcon_ros.task.ament_python.build:Building ROS package in '/home/puzzlebot/ros2_ws/src/reduno' with build type 'ament_python'
[21.318s] Level 1:colcon.colcon_core.shell:create_environment_hook('reduno', 'ament_prefix_path')
[21.536s] INFO:colcon.colcon_core.shell:Creating environment hook '/home/puzzlebot/ros2_ws/src/install/reduno/share/reduno/hook/ament_prefix_path.ps1'
[21.537s] INFO:colcon.colcon_core.shell:Creating environment descriptor '/home/puzzlebot/ros2_ws/src/install/reduno/share/reduno/hook/ament_prefix_path.dsv'
[21.538s] INFO:colcon.colcon_core.shell:Creating environment hook '/home/puzzlebot/ros2_ws/src/install/reduno/share/reduno/hook/ament_prefix_path.sh'
[21.753s] INFO:colcon.colcon_core.shell:Skip shell extension 'powershell' for command environment: Not usable outside of PowerShell
[21.753s] DEBUG:colcon.colcon_core.shell:Skip shell extension 'dsv' for command environment
[24.089s] INFO:colcon.colcon_core.task.python.build:Building Python package in '/home/puzzlebot/ros2_ws/src/color_identification'
[24.306s] INFO:colcon.colcon_core.shell:Skip shell extension 'powershell' for command environment: Not usable outside of PowerShell
[24.307s] DEBUG:colcon.colcon_core.shell:Skip shell extension 'dsv' for command environment
[26.582s] INFO:colcon.colcon_core.task.python.build:Building Python package in '/home/puzzlebot/ros2_ws/src/odometry'
[26.800s] INFO:colcon.colcon_core.shell:Skip shell extension 'powershell' for command environment: Not usable outside of PowerShell
[26.800s] DEBUG:colcon.colcon_core.shell:Skip shell extension 'dsv' for command environment
[29.083s] INFO:colcon.colcon_core.task.python.build:Building Python package in '/home/puzzlebot/ros2_ws/src/puzzlebot_ros'
[29.307s] INFO:colcon.colcon_core.shell:Skip shell extension 'powershell' for command environment: Not usable outside of PowerShell
[29.307s] DEBUG:colcon.colcon_core.shell:Skip shell extension 'dsv' for command environment
[31.618s] INFO:colcon.colcon_core.task.python.build:Building Python package in '/home/puzzlebot/ros2_ws/src/reduno'
[31.872s] INFO:colcon.colcon_core.shell:Skip shell extension 'powershell' for command environment: Not usable outside of PowerShell
[31.872s] DEBUG:colcon.colcon_core.shell:Skip shell extension 'dsv' for command environment
[36.235s] DEBUG:colcon.colcon_core.event_handler.log_command:Invoking command in '/home/puzzlebot/ros2_ws/src/reduno': PYTHONPATH=/home/puzzlebot/ros2_ws/src/build/reduno/prefix_override:/home/puzzlebot/ros2_ws/src/install/reduno/lib/python3.8/site-packages:${PYTHONPATH} /usr/bin/python3 setup.py egg_info --egg-base ../build/reduno build --build-base /home/puzzlebot/ros2_ws/src/build/reduno/build install --record /home/puzzlebot/ros2_ws/src/build/reduno/install.log --single-version-externally-managed
[36.433s] DEBUG:colcon.colcon_core.event_handler.log_command:Invoking command in '/home/puzzlebot/ros2_ws/src/color_identification': PYTHONPATH=/home/puzzlebot/ros2_ws/src/build/color_identification/prefix_override:/home/puzzlebot/ros2_ws/src/install/color_identification/lib/python3.8/site-packages:${PYTHONPATH} /usr/bin/python3 setup.py egg_info --egg-base ../build/color_identification build --build-base /home/puzzlebot/ros2_ws/src/build/color_identification/build install --record /home/puzzlebot/ros2_ws/src/build/color_identification/install.log --single-version-externally-managed
[36.661s] DEBUG:colcon.colcon_core.event_handler.log_command:Invoking command in '/home/puzzlebot/ros2_ws/src/puzzlebot_ros': PYTHONPATH=/home/puzzlebot/ros2_ws/src/build/puzzlebot_ros/prefix_override:/home/puzzlebot/ros2_ws/src/install/puzzlebot_ros/lib/python3.8/site-packages:${PYTHONPATH} /usr/bin/python3 setup.py egg_info --egg-base ../build/puzzlebot_ros build --build-base /home/puzzlebot/ros2_ws/src/build/puzzlebot_ros/build install --record /home/puzzlebot/ros2_ws/src/build/puzzlebot_ros/install.log --single-version-externally-managed
[36.892s] DEBUG:colcon.colcon_core.event_handler.log_command:Invoking command in '/home/puzzlebot/ros2_ws/src/odometry': PYTHONPATH=/home/puzzlebot/ros2_ws/src/build/odometry/prefix_override:/home/puzzlebot/ros2_ws/src/install/odometry/lib/python3.8/site-packages:${PYTHONPATH} /usr/bin/python3 setup.py egg_info --egg-base ../build/odometry build --build-base /home/puzzlebot/ros2_ws/src/build/odometry/build install --record /home/puzzlebot/ros2_ws/src/build/odometry/install.log --single-version-externally-managed
[38.505s] DEBUG:colcon.colcon_core.event_handler.log_command:Invoked command in '/home/puzzlebot/ros2_ws/src/color_identification' returned '0': PYTHONPATH=/home/puzzlebot/ros2_ws/src/build/color_identification/prefix_override:/home/puzzlebot/ros2_ws/src/install/color_identification/lib/python3.8/site-packages:${PYTHONPATH} /usr/bin/python3 setup.py egg_info --egg-base ../build/color_identification build --build-base /home/puzzlebot/ros2_ws/src/build/color_identification/build install --record /home/puzzlebot/ros2_ws/src/build/color_identification/install.log --single-version-externally-managed
[38.818s] Level 1:colcon.colcon_core.environment:checking '/home/puzzlebot/ros2_ws/src/install/color_identification' for CMake module files
[38.821s] Level 1:colcon.colcon_core.environment:checking '/home/puzzlebot/ros2_ws/src/install/color_identification' for CMake config files
[38.824s] Level 1:colcon.colcon_core.environment:checking '/home/puzzlebot/ros2_ws/src/install/color_identification/lib'
[38.827s] Level 1:colcon.colcon_core.environment:checking '/home/puzzlebot/ros2_ws/src/install/color_identification/bin'
[38.827s] Level 1:colcon.colcon_core.environment:checking '/home/puzzlebot/ros2_ws/src/install/color_identification/lib/pkgconfig/color_identification.pc'
[38.828s] Level 1:colcon.colcon_core.environment:checking '/home/puzzlebot/ros2_ws/src/install/color_identification/lib/python3.8/site-packages'
[38.829s] Level 1:colcon.colcon_core.shell:create_environment_hook('color_identification', 'pythonpath')
[39.092s] INFO:colcon.colcon_core.shell:Creating environment hook '/home/puzzlebot/ros2_ws/src/install/color_identification/share/color_identification/hook/pythonpath.ps1'
[39.093s] INFO:colcon.colcon_core.shell:Creating environment descriptor '/home/puzzlebot/ros2_ws/src/install/color_identification/share/color_identification/hook/pythonpath.dsv'
[39.095s] INFO:colcon.colcon_core.shell:Creating environment hook '/home/puzzlebot/ros2_ws/src/install/color_identification/share/color_identification/hook/pythonpath.sh'
[39.097s] Level 1:colcon.colcon_core.environment:checking '/home/puzzlebot/ros2_ws/src/install/color_identification/bin'
[39.097s] Level 1:colcon.colcon_core.environment:create_environment_scripts_only(color_identification)
[39.338s] INFO:colcon.colcon_core.shell:Creating package script '/home/puzzlebot/ros2_ws/src/install/color_identification/share/color_identification/package.ps1'
[39.342s] INFO:colcon.colcon_core.shell:Creating package descriptor '/home/puzzlebot/ros2_ws/src/install/color_identification/share/color_identification/package.dsv'
[39.345s] INFO:colcon.colcon_core.shell:Creating package script '/home/puzzlebot/ros2_ws/src/install/color_identification/share/color_identification/package.sh'
[39.348s] INFO:colcon.colcon_core.shell:Creating package script '/home/puzzlebot/ros2_ws/src/install/color_identification/share/color_identification/package.bash'
[39.351s] INFO:colcon.colcon_core.shell:Creating package script '/home/puzzlebot/ros2_ws/src/install/color_identification/share/color_identification/package.zsh'
[39.354s] Level 1:colcon.colcon_core.environment:create_file_with_runtime_dependencies(/home/puzzlebot/ros2_ws/src/install/color_identification/share/colcon-core/packages/color_identification)
[39.360s] DEBUG:colcon.colcon_core.event_handler.log_command:Invoked command in '/home/puzzlebot/ros2_ws/src/reduno' returned '0': PYTHONPATH=/home/puzzlebot/ros2_ws/src/build/reduno/prefix_override:/home/puzzlebot/ros2_ws/src/install/reduno/lib/python3.8/site-packages:${PYTHONPATH} /usr/bin/python3 setup.py egg_info --egg-base ../build/reduno build --build-base /home/puzzlebot/ros2_ws/src/build/reduno/build install --record /home/puzzlebot/ros2_ws/src/build/reduno/install.log --single-version-externally-managed
[39.578s] Level 1:colcon.colcon_core.environment:checking '/home/puzzlebot/ros2_ws/src/install/reduno' for CMake module files
[39.581s] Level 1:colcon.colcon_core.environment:checking '/home/puzzlebot/ros2_ws/src/install/reduno' for CMake config files
[39.583s] Level 1:colcon.colcon_core.environment:checking '/home/puzzlebot/ros2_ws/src/install/reduno/lib'
[39.583s] Level 1:colcon.colcon_core.environment:checking '/home/puzzlebot/ros2_ws/src/install/reduno/bin'
[39.583s] Level 1:colcon.colcon_core.environment:checking '/home/puzzlebot/ros2_ws/src/install/reduno/lib/pkgconfig/reduno.pc'
[39.584s] Level 1:colcon.colcon_core.environment:checking '/home/puzzlebot/ros2_ws/src/install/reduno/lib/python3.8/site-packages'
[39.585s] Level 1:colcon.colcon_core.shell:create_environment_hook('reduno', 'pythonpath')
[39.809s] INFO:colcon.colcon_core.shell:Creating environment hook '/home/puzzlebot/ros2_ws/src/install/reduno/share/reduno/hook/pythonpath.ps1'
[39.811s] INFO:colcon.colcon_core.shell:Creating environment descriptor '/home/puzzlebot/ros2_ws/src/install/reduno/share/reduno/hook/pythonpath.dsv'
[39.812s] INFO:colcon.colcon_core.shell:Creating environment hook '/home/puzzlebot/ros2_ws/src/install/reduno/share/reduno/hook/pythonpath.sh'
[39.814s] Level 1:colcon.colcon_core.environment:checking '/home/puzzlebot/ros2_ws/src/install/reduno/bin'
[39.815s] Level 1:colcon.colcon_core.environment:create_environment_scripts_only(reduno)
[40.038s] INFO:colcon.colcon_core.shell:Creating package script '/home/puzzlebot/ros2_ws/src/install/reduno/share/reduno/package.ps1'
[40.040s] INFO:colcon.colcon_core.shell:Creating package descriptor '/home/puzzlebot/ros2_ws/src/install/reduno/share/reduno/package.dsv'
[40.042s] INFO:colcon.colcon_core.shell:Creating package script '/home/puzzlebot/ros2_ws/src/install/reduno/share/reduno/package.sh'
[40.044s] INFO:colcon.colcon_core.shell:Creating package script '/home/puzzlebot/ros2_ws/src/install/reduno/share/reduno/package.bash'
[40.045s] INFO:colcon.colcon_core.shell:Creating package script '/home/puzzlebot/ros2_ws/src/install/reduno/share/reduno/package.zsh'
[40.046s] Level 1:colcon.colcon_core.environment:create_file_with_runtime_dependencies(/home/puzzlebot/ros2_ws/src/install/reduno/share/colcon-core/packages/reduno)
[40.050s] DEBUG:colcon.colcon_core.event_handler.log_command:Invoked command in '/home/puzzlebot/ros2_ws/src/puzzlebot_ros' returned '0': PYTHONPATH=/home/puzzlebot/ros2_ws/src/build/puzzlebot_ros/prefix_override:/home/puzzlebot/ros2_ws/src/install/puzzlebot_ros/lib/python3.8/site-packages:${PYTHONPATH} /usr/bin/python3 setup.py egg_info --egg-base ../build/puzzlebot_ros build --build-base /home/puzzlebot/ros2_ws/src/build/puzzlebot_ros/build install --record /home/puzzlebot/ros2_ws/src/build/puzzlebot_ros/install.log --single-version-externally-managed
[40.266s] Level 1:colcon.colcon_core.environment:checking '/home/puzzlebot/ros2_ws/src/install/puzzlebot_ros' for CMake module files
[40.269s] Level 1:colcon.colcon_core.environment:checking '/home/puzzlebot/ros2_ws/src/install/puzzlebot_ros' for CMake config files
[40.272s] Level 1:colcon.colcon_core.environment:checking '/home/puzzlebot/ros2_ws/src/install/puzzlebot_ros/lib'
[40.273s] Level 1:colcon.colcon_core.environment:checking '/home/puzzlebot/ros2_ws/src/install/puzzlebot_ros/bin'
[40.273s] Level 1:colcon.colcon_core.environment:checking '/home/puzzlebot/ros2_ws/src/install/puzzlebot_ros/lib/pkgconfig/puzzlebot_ros.pc'
[40.274s] Level 1:colcon.colcon_core.environment:checking '/home/puzzlebot/ros2_ws/src/install/puzzlebot_ros/lib/python3.8/site-packages'
[40.274s] Level 1:colcon.colcon_core.shell:create_environment_hook('puzzlebot_ros', 'pythonpath')
[40.497s] INFO:colcon.colcon_core.shell:Creating environment hook '/home/puzzlebot/ros2_ws/src/install/puzzlebot_ros/share/puzzlebot_ros/hook/pythonpath.ps1'
[40.499s] INFO:colcon.colcon_core.shell:Creating environment descriptor '/home/puzzlebot/ros2_ws/src/install/puzzlebot_ros/share/puzzlebot_ros/hook/pythonpath.dsv'
[40.501s] INFO:colcon.colcon_core.shell:Creating environment hook '/home/puzzlebot/ros2_ws/src/install/puzzlebot_ros/share/puzzlebot_ros/hook/pythonpath.sh'
[40.503s] Level 1:colcon.colcon_core.environment:checking '/home/puzzlebot/ros2_ws/src/install/puzzlebot_ros/bin'
[40.503s] Level 1:colcon.colcon_core.environment:create_environment_scripts_only(puzzlebot_ros)
[40.723s] INFO:colcon.colcon_core.shell:Creating package script '/home/puzzlebot/ros2_ws/src/install/puzzlebot_ros/share/puzzlebot_ros/package.ps1'
[40.726s] INFO:colcon.colcon_core.shell:Creating package descriptor '/home/puzzlebot/ros2_ws/src/install/puzzlebot_ros/share/puzzlebot_ros/package.dsv'
[40.729s] INFO:colcon.colcon_core.shell:Creating package script '/home/puzzlebot/ros2_ws/src/install/puzzlebot_ros/share/puzzlebot_ros/package.sh'
[40.730s] INFO:colcon.colcon_core.shell:Creating package script '/home/puzzlebot/ros2_ws/src/install/puzzlebot_ros/share/puzzlebot_ros/package.bash'
[40.732s] INFO:colcon.colcon_core.shell:Creating package script '/home/puzzlebot/ros2_ws/src/install/puzzlebot_ros/share/puzzlebot_ros/package.zsh'
[40.733s] Level 1:colcon.colcon_core.environment:create_file_with_runtime_dependencies(/home/puzzlebot/ros2_ws/src/install/puzzlebot_ros/share/colcon-core/packages/puzzlebot_ros)
[40.737s] DEBUG:colcon.colcon_core.event_handler.log_command:Invoked command in '/home/puzzlebot/ros2_ws/src/odometry' returned '0': PYTHONPATH=/home/puzzlebot/ros2_ws/src/build/odometry/prefix_override:/home/puzzlebot/ros2_ws/src/install/odometry/lib/python3.8/site-packages:${PYTHONPATH} /usr/bin/python3 setup.py egg_info --egg-base ../build/odometry build --build-base /home/puzzlebot/ros2_ws/src/build/odometry/build install --record /home/puzzlebot/ros2_ws/src/build/odometry/install.log --single-version-externally-managed
[40.956s] Level 1:colcon.colcon_core.environment:checking '/home/puzzlebot/ros2_ws/src/install/odometry' for CMake module files
[40.958s] Level 1:colcon.colcon_core.environment:checking '/home/puzzlebot/ros2_ws/src/install/odometry' for CMake config files
[40.961s] Level 1:colcon.colcon_core.environment:checking '/home/puzzlebot/ros2_ws/src/install/odometry/lib'
[40.961s] Level 1:colcon.colcon_core.environment:checking '/home/puzzlebot/ros2_ws/src/install/odometry/bin'
[40.961s] Level 1:colcon.colcon_core.environment:checking '/home/puzzlebot/ros2_ws/src/install/odometry/lib/pkgconfig/odometry.pc'
[40.962s] Level 1:colcon.colcon_core.environment:checking '/home/puzzlebot/ros2_ws/src/install/odometry/lib/python3.8/site-packages'
[40.962s] Level 1:colcon.colcon_core.shell:create_environment_hook('odometry', 'pythonpath')
[41.197s] INFO:colcon.colcon_core.shell:Creating environment hook '/home/puzzlebot/ros2_ws/src/install/odometry/share/odometry/hook/pythonpath.ps1'
[41.200s] INFO:colcon.colcon_core.shell:Creating environment descriptor '/home/puzzlebot/ros2_ws/src/install/odometry/share/odometry/hook/pythonpath.dsv'
[41.202s] INFO:colcon.colcon_core.shell:Creating environment hook '/home/puzzlebot/ros2_ws/src/install/odometry/share/odometry/hook/pythonpath.sh'
[41.204s] Level 1:colcon.colcon_core.environment:checking '/home/puzzlebot/ros2_ws/src/install/odometry/bin'
[41.204s] Level 1:colcon.colcon_core.environment:create_environment_scripts_only(odometry)
[41.442s] INFO:colcon.colcon_core.shell:Creating package script '/home/puzzlebot/ros2_ws/src/install/odometry/share/odometry/package.ps1'
[41.444s] INFO:colcon.colcon_core.shell:Creating package descriptor '/home/puzzlebot/ros2_ws/src/install/odometry/share/odometry/package.dsv'
[41.445s] INFO:colcon.colcon_core.shell:Creating package script '/home/puzzlebot/ros2_ws/src/install/odometry/share/odometry/package.sh'
[41.447s] INFO:colcon.colcon_core.shell:Creating package script '/home/puzzlebot/ros2_ws/src/install/odometry/share/odometry/package.bash'
[41.448s] INFO:colcon.colcon_core.shell:Creating package script '/home/puzzlebot/ros2_ws/src/install/odometry/share/odometry/package.zsh'
[41.450s] Level 1:colcon.colcon_core.environment:create_file_with_runtime_dependencies(/home/puzzlebot/ros2_ws/src/install/odometry/share/colcon-core/packages/odometry)
[41.451s] DEBUG:colcon.colcon_parallel_executor.executor.parallel:closing loop
[41.451s] DEBUG:colcon.colcon_parallel_executor.executor.parallel:loop closed
[41.452s] DEBUG:colcon.colcon_parallel_executor.executor.parallel:run_until_complete finished with '0'
[41.452s] DEBUG:colcon.colcon_core.event_reactor:joining thread
[41.688s] INFO:colcon.colcon_core.plugin_system:Skipping extension 'colcon_notification.desktop_notification.terminal_notifier': Not used on non-Darwin systems
[41.688s] INFO:colcon.colcon_core.plugin_system:Skipping extension 'colcon_notification.desktop_notification.win32': Not used on non-Windows systems
[41.688s] INFO:colcon.colcon_notification.desktop_notification:Sending desktop notification using 'notify2'
[41.740s] DEBUG:colcon.colcon_core.event_reactor:joined thread
[41.973s] INFO:colcon.colcon_core.shell:Creating prefix script '/home/puzzlebot/ros2_ws/src/install/local_setup.ps1'
[41.977s] INFO:colcon.colcon_core.shell:Creating prefix util module '/home/puzzlebot/ros2_ws/src/install/_local_setup_util_ps1.py'
[41.982s] INFO:colcon.colcon_core.shell:Creating prefix chain script '/home/puzzlebot/ros2_ws/src/install/setup.ps1'
[42.207s] INFO:colcon.colcon_core.shell:Creating prefix script '/home/puzzlebot/ros2_ws/src/install/local_setup.sh'
[42.209s] INFO:colcon.colcon_core.shell:Creating prefix util module '/home/puzzlebot/ros2_ws/src/install/_local_setup_util_sh.py'
[42.220s] INFO:colcon.colcon_core.shell:Creating prefix chain script '/home/puzzlebot/ros2_ws/src/install/setup.sh'
[42.445s] INFO:colcon.colcon_core.shell:Creating prefix script '/home/puzzlebot/ros2_ws/src/install/local_setup.bash'
[42.447s] INFO:colcon.colcon_core.shell:Creating prefix chain script '/home/puzzlebot/ros2_ws/src/install/setup.bash'
[42.670s] INFO:colcon.colcon_core.shell:Creating prefix script '/home/puzzlebot/ros2_ws/src/install/local_setup.zsh'
[42.672s] INFO:colcon.colcon_core.shell:Creating prefix chain script '/home/puzzlebot/ros2_ws/src/install/setup.zsh'
