[16.407s] Invoking command in '/home/puzzlebot/ros2_ws/src/color_identification': PYTHONPATH=/home/puzzlebot/ros2_ws/src/build/color_identification/prefix_override:/home/puzzlebot/ros2_ws/src/install/color_identification/lib/python3.8/site-packages:${PYTHONPATH} /usr/bin/python3 setup.py egg_info --egg-base ../build/color_identification build --build-base /home/puzzlebot/ros2_ws/src/build/color_identification/build install --record /home/puzzlebot/ros2_ws/src/build/color_identification/install.log --single-version-externally-managed
[17.633s] running egg_info
[17.636s] writing ../build/color_identification/color_identification.egg-info/PKG-INFO
[17.638s] writing dependency_links to ../build/color_identification/color_identification.egg-info/dependency_links.txt
[17.638s] writing entry points to ../build/color_identification/color_identification.egg-info/entry_points.txt
[17.639s] writing requirements to ../build/color_identification/color_identification.egg-info/requires.txt
[17.640s] writing top-level names to ../build/color_identification/color_identification.egg-info/top_level.txt
[17.811s] reading manifest file '../build/color_identification/color_identification.egg-info/SOURCES.txt'
[17.817s] writing manifest file '../build/color_identification/color_identification.egg-info/SOURCES.txt'
[17.818s] running build
[17.819s] running build_py
[17.821s] running install
[17.827s] running install_lib
[17.835s] running install_data
[17.838s] running install_egg_info
[17.847s] removing '/home/puzzlebot/ros2_ws/src/install/color_identification/lib/python3.8/site-packages/color_identification-0.0.0-py3.8.egg-info' (and everything under it)
[17.849s] Copying ../build/color_identification/color_identification.egg-info to /home/puzzlebot/ros2_ws/src/install/color_identification/lib/python3.8/site-packages/color_identification-0.0.0-py3.8.egg-info
[17.854s] running install_scripts
[17.945s] Installing color_identification script to /home/puzzlebot/ros2_ws/src/install/color_identification/lib/color_identification
[17.948s] writing list of installed files to '/home/puzzlebot/ros2_ws/src/build/color_identification/install.log'
[19.954s] Invoked command in '/home/puzzlebot/ros2_ws/src/color_identification' returned '0': PYTHONPATH=/home/puzzlebot/ros2_ws/src/build/color_identification/prefix_override:/home/puzzlebot/ros2_ws/src/install/color_identification/lib/python3.8/site-packages:${PYTHONPATH} /usr/bin/python3 setup.py egg_info --egg-base ../build/color_identification build --build-base /home/puzzlebot/ros2_ws/src/build/color_identification/build install --record /home/puzzlebot/ros2_ws/src/build/color_identification/install.log --single-version-externally-managed
