[13.877s] Invoking command in '/home/puzzlebot/ros2_ws/src/zoe': PYTHONPATH=/home/puzzlebot/ros2_ws/src/build/zoe/prefix_override:/home/puzzlebot/ros2_ws/src/install/zoe/lib/python3.8/site-packages:${PYTHONPATH} /usr/bin/python3 setup.py egg_info --egg-base ../build/zoe build --build-base /home/puzzlebot/ros2_ws/src/build/zoe/build install --record /home/puzzlebot/ros2_ws/src/build/zoe/install.log --single-version-externally-managed
[15.111s] running egg_info
[15.115s] writing ../build/zoe/zoe.egg-info/PKG-INFO
[15.118s] writing dependency_links to ../build/zoe/zoe.egg-info/dependency_links.txt
[15.119s] writing entry points to ../build/zoe/zoe.egg-info/entry_points.txt
[15.120s] writing requirements to ../build/zoe/zoe.egg-info/requires.txt
[15.120s] writing top-level names to ../build/zoe/zoe.egg-info/top_level.txt
[15.297s] reading manifest file '../build/zoe/zoe.egg-info/SOURCES.txt'
[15.302s] writing manifest file '../build/zoe/zoe.egg-info/SOURCES.txt'
[15.303s] running build
[15.304s] running build_py
[15.308s] running install
[15.313s] running install_lib
[15.333s] running install_data
[15.334s] running install_egg_info
[15.337s] removing '/home/puzzlebot/ros2_ws/src/install/zoe/lib/python3.8/site-packages/zoe-0.0.0-py3.8.egg-info' (and everything under it)
[15.338s] Copying ../build/zoe/zoe.egg-info to /home/puzzlebot/ros2_ws/src/install/zoe/lib/python3.8/site-packages/zoe-0.0.0-py3.8.egg-info
[15.342s] running install_scripts
[15.438s] Installing zoe script to /home/puzzlebot/ros2_ws/src/install/zoe/lib/zoe
[15.442s] writing list of installed files to '/home/puzzlebot/ros2_ws/src/build/zoe/install.log'
[16.892s] Invoked command in '/home/puzzlebot/ros2_ws/src/zoe' returned '0': PYTHONPATH=/home/puzzlebot/ros2_ws/src/build/zoe/prefix_override:/home/puzzlebot/ros2_ws/src/install/zoe/lib/python3.8/site-packages:${PYTHONPATH} /usr/bin/python3 setup.py egg_info --egg-base ../build/zoe build --build-base /home/puzzlebot/ros2_ws/src/build/zoe/build install --record /home/puzzlebot/ros2_ws/src/build/zoe/install.log --single-version-externally-managed
