[11.656s] DEBUG:colcon:Command line arguments: ['/usr/bin/colcon', 'build']
[11.657s] DEBUG:colcon:Parsed command line arguments: Namespace(allow_overriding=[], ament_cmake_args=None, base_paths=['.'], build_base='build', catkin_cmake_args=None, catkin_skip_building_tests=False, cmake_args=None, cmake_clean_cache=False, cmake_clean_first=False, cmake_force_configure=False, cmake_target=None, cmake_target_skip_unavailable=False, continue_on_error=False, event_handlers=None, executor='parallel', ignore_user_meta=False, install_base='install', log_base=None, log_level=None, main=<bound method BuildVerb.main of <colcon_core.verb.build.BuildVerb object at 0x7fb0eebe50>>, merge_install=False, metas=['./colcon.meta'], packages_above=None, packages_above_and_dependencies=None, packages_above_depth=None, packages_end=None, packages_ignore=None, packages_ignore_regex=None, packages_select=None, packages_select_build_failed=False, packages_select_by_dep=None, packages_select_regex=None, packages_select_test_failures=False, packages_skip=None, packages_skip_build_finished=False, packages_skip_by_dep=None, packages_skip_regex=None, packages_skip_test_passed=False, packages_skip_up_to=None, packages_start=None, packages_up_to=None, packages_up_to_regex=None, parallel_workers=4, paths=None, symlink_install=False, test_result_base=None, verb_extension=<colcon_core.verb.build.BuildVerb object at 0x7fb0eebe50>, verb_name='build', verb_parser=<colcon_defaults.argument_parser.defaults.DefaultArgumentsDecorator object at 0x7fb0b249d0>)
[12.206s] Level 1:colcon.colcon_core.package_discovery:discover_packages(colcon_meta) check parameters
[12.206s] Level 1:colcon.colcon_core.package_discovery:discover_packages(recursive) check parameters
[12.206s] Level 1:colcon.colcon_core.package_discovery:discover_packages(ignore) check parameters
[12.206s] Level 1:colcon.colcon_core.package_discovery:discover_packages(path) check parameters
[12.206s] Level 1:colcon.colcon_core.package_discovery:discover_packages(colcon_meta) discover
[12.207s] Level 1:colcon.colcon_core.package_discovery:discover_packages(recursive) discover
[12.207s] INFO:colcon.colcon_core.package_discovery:Crawling recursively for packages in '/home/puzzlebot/ros2_ws/src'
[12.207s] Level 1:colcon.colcon_core.package_identification:_identify(.) by extensions ['ignore', 'ignore_ament_install']
[12.208s] Level 1:colcon.colcon_core.package_identification:_identify(.) by extension 'ignore'
[12.208s] Level 1:colcon.colcon_core.package_identification:_identify(.) by extension 'ignore_ament_install'
[12.208s] Level 1:colcon.colcon_core.package_identification:_identify(.) by extensions ['colcon_pkg']
[12.208s] Level 1:colcon.colcon_core.package_identification:_identify(.) by extension 'colcon_pkg'
[12.209s] Level 1:colcon.colcon_core.package_identification:_identify(.) by extensions ['colcon_meta']
[12.209s] Level 1:colcon.colcon_core.package_identification:_identify(.) by extension 'colcon_meta'
[12.209s] Level 1:colcon.colcon_core.package_identification:_identify(.) by extensions ['ros']
[12.209s] Level 1:colcon.colcon_core.package_identification:_identify(.) by extension 'ros'
[12.268s] Level 1:colcon.colcon_core.package_identification:_identify(.) by extensions ['cmake', 'python']
[12.269s] Level 1:colcon.colcon_core.package_identification:_identify(.) by extension 'cmake'
[12.269s] Level 1:colcon.colcon_core.package_identification:_identify(.) by extension 'python'
[12.269s] Level 1:colcon.colcon_core.package_identification:_identify(.) by extensions ['python_setup_py']
[12.269s] Level 1:colcon.colcon_core.package_identification:_identify(.) by extension 'python_setup_py'
[12.270s] Level 1:colcon.colcon_core.package_identification:_identify(build) by extensions ['ignore', 'ignore_ament_install']
[12.270s] Level 1:colcon.colcon_core.package_identification:_identify(build) by extension 'ignore'
[12.270s] Level 1:colcon.colcon_core.package_identification:_identify(build) ignored
[12.271s] Level 1:colcon.colcon_core.package_identification:_identify(color_identification) by extensions ['ignore', 'ignore_ament_install']
[12.271s] Level 1:colcon.colcon_core.package_identification:_identify(color_identification) by extension 'ignore'
[12.271s] Level 1:colcon.colcon_core.package_identification:_identify(color_identification) by extension 'ignore_ament_install'
[12.271s] Level 1:colcon.colcon_core.package_identification:_identify(color_identification) by extensions ['colcon_pkg']
[12.272s] Level 1:colcon.colcon_core.package_identification:_identify(color_identification) by extension 'colcon_pkg'
[12.272s] Level 1:colcon.colcon_core.package_identification:_identify(color_identification) by extensions ['colcon_meta']
[12.272s] Level 1:colcon.colcon_core.package_identification:_identify(color_identification) by extension 'colcon_meta'
[12.272s] Level 1:colcon.colcon_core.package_identification:_identify(color_identification) by extensions ['ros']
[12.272s] Level 1:colcon.colcon_core.package_identification:_identify(color_identification) by extension 'ros'
[12.286s] DEBUG:colcon.colcon_core.package_identification:Package 'color_identification' with type 'ros.ament_python' and name 'color_identification'
[12.286s] Level 1:colcon.colcon_core.package_identification:_identify(install) by extensions ['ignore', 'ignore_ament_install']
[12.287s] Level 1:colcon.colcon_core.package_identification:_identify(install) by extension 'ignore'
[12.287s] Level 1:colcon.colcon_core.package_identification:_identify(install) ignored
[12.287s] Level 1:colcon.colcon_core.package_identification:_identify(log) by extensions ['ignore', 'ignore_ament_install']
[12.288s] Level 1:colcon.colcon_core.package_identification:_identify(log) by extension 'ignore'
[12.288s] Level 1:colcon.colcon_core.package_identification:_identify(log) ignored
[12.288s] Level 1:colcon.colcon_core.package_identification:_identify(puzzlebot_ros) by extensions ['ignore', 'ignore_ament_install']
[12.289s] Level 1:colcon.colcon_core.package_identification:_identify(puzzlebot_ros) by extension 'ignore'
[12.289s] Level 1:colcon.colcon_core.package_identification:_identify(puzzlebot_ros) by extension 'ignore_ament_install'
[12.289s] Level 1:colcon.colcon_core.package_identification:_identify(puzzlebot_ros) by extensions ['colcon_pkg']
[12.289s] Level 1:colcon.colcon_core.package_identification:_identify(puzzlebot_ros) by extension 'colcon_pkg'
[12.289s] Level 1:colcon.colcon_core.package_identification:_identify(puzzlebot_ros) by extensions ['colcon_meta']
[12.290s] Level 1:colcon.colcon_core.package_identification:_identify(puzzlebot_ros) by extension 'colcon_meta'
[12.290s] Level 1:colcon.colcon_core.package_identification:_identify(puzzlebot_ros) by extensions ['ros']
[12.290s] Level 1:colcon.colcon_core.package_identification:_identify(puzzlebot_ros) by extension 'ros'
[12.293s] DEBUG:colcon.colcon_core.package_identification:Package 'puzzlebot_ros' with type 'ros.ament_python' and name 'puzzlebot_ros'
[12.294s] Level 1:colcon.colcon_core.package_discovery:discover_packages(recursive) using defaults
[12.294s] Level 1:colcon.colcon_core.package_discovery:discover_packages(ignore) discover
[12.294s] Level 1:colcon.colcon_core.package_discovery:discover_packages(ignore) using defaults
[12.294s] Level 1:colcon.colcon_core.package_discovery:discover_packages(path) discover
[12.294s] Level 1:colcon.colcon_core.package_discovery:discover_packages(path) using defaults
[13.345s] Level 1:colcon.colcon_core.package_discovery:discover_packages(prefix_path) check parameters
[13.346s] Level 1:colcon.colcon_core.package_discovery:discover_packages(prefix_path) discover
[13.745s] DEBUG:colcon.colcon_installed_package_information.package_discovery:Found 1 installed packages in /home/puzzlebot/ros2_ws/install
[13.940s] DEBUG:colcon.colcon_installed_package_information.package_discovery:Found 5 installed packages in /home/puzzlebot/ros2_packages_ws/install
[14.142s] DEBUG:colcon.colcon_installed_package_information.package_discovery:Found 276 installed packages in /opt/ros/humble
[14.151s] Level 1:colcon.colcon_core.package_discovery:discover_packages(prefix_path) using defaults
[15.032s] Level 5:colcon.colcon_core.verb:set package 'color_identification' build argument 'cmake_args' from command line to 'None'
[15.032s] Level 5:colcon.colcon_core.verb:set package 'color_identification' build argument 'cmake_target' from command line to 'None'
[15.032s] Level 5:colcon.colcon_core.verb:set package 'color_identification' build argument 'cmake_target_skip_unavailable' from command line to 'False'
[15.032s] Level 5:colcon.colcon_core.verb:set package 'color_identification' build argument 'cmake_clean_cache' from command line to 'False'
[15.032s] Level 5:colcon.colcon_core.verb:set package 'color_identification' build argument 'cmake_clean_first' from command line to 'False'
[15.032s] Level 5:colcon.colcon_core.verb:set package 'color_identification' build argument 'cmake_force_configure' from command line to 'False'
[15.033s] Level 5:colcon.colcon_core.verb:set package 'color_identification' build argument 'ament_cmake_args' from command line to 'None'
[15.033s] Level 5:colcon.colcon_core.verb:set package 'color_identification' build argument 'catkin_cmake_args' from command line to 'None'
[15.033s] Level 5:colcon.colcon_core.verb:set package 'color_identification' build argument 'catkin_skip_building_tests' from command line to 'False'
[15.033s] DEBUG:colcon.colcon_core.verb:Building package 'color_identification' with the following arguments: {'ament_cmake_args': None, 'build_base': '/home/puzzlebot/ros2_ws/src/build/color_identification', 'catkin_cmake_args': None, 'catkin_skip_building_tests': False, 'cmake_args': None, 'cmake_clean_cache': False, 'cmake_clean_first': False, 'cmake_force_configure': False, 'cmake_target': None, 'cmake_target_skip_unavailable': False, 'install_base': '/home/puzzlebot/ros2_ws/src/install/color_identification', 'merge_install': False, 'path': '/home/puzzlebot/ros2_ws/src/color_identification', 'symlink_install': False, 'test_result_base': None}
[15.229s] Level 5:colcon.colcon_core.verb:set package 'puzzlebot_ros' build argument 'cmake_args' from command line to 'None'
[15.229s] Level 5:colcon.colcon_core.verb:set package 'puzzlebot_ros' build argument 'cmake_target' from command line to 'None'
[15.229s] Level 5:colcon.colcon_core.verb:set package 'puzzlebot_ros' build argument 'cmake_target_skip_unavailable' from command line to 'False'
[15.229s] Level 5:colcon.colcon_core.verb:set package 'puzzlebot_ros' build argument 'cmake_clean_cache' from command line to 'False'
[15.229s] Level 5:colcon.colcon_core.verb:set package 'puzzlebot_ros' build argument 'cmake_clean_first' from command line to 'False'
[15.230s] Level 5:colcon.colcon_core.verb:set package 'puzzlebot_ros' build argument 'cmake_force_configure' from command line to 'False'
[15.230s] Level 5:colcon.colcon_core.verb:set package 'puzzlebot_ros' build argument 'ament_cmake_args' from command line to 'None'
[15.230s] Level 5:colcon.colcon_core.verb:set package 'puzzlebot_ros' build argument 'catkin_cmake_args' from command line to 'None'
[15.230s] Level 5:colcon.colcon_core.verb:set package 'puzzlebot_ros' build argument 'catkin_skip_building_tests' from command line to 'False'
[15.230s] DEBUG:colcon.colcon_core.verb:Building package 'puzzlebot_ros' with the following arguments: {'ament_cmake_args': None, 'build_base': '/home/puzzlebot/ros2_ws/src/build/puzzlebot_ros', 'catkin_cmake_args': None, 'catkin_skip_building_tests': False, 'cmake_args': None, 'cmake_clean_cache': False, 'cmake_clean_first': False, 'cmake_force_configure': False, 'cmake_target': None, 'cmake_target_skip_unavailable': False, 'install_base': '/home/puzzlebot/ros2_ws/src/install/puzzlebot_ros', 'merge_install': False, 'path': '/home/puzzlebot/ros2_ws/src/puzzlebot_ros', 'symlink_install': False, 'test_result_base': None}
[15.421s] INFO:colcon.colcon_core.executor:Executing jobs using 'parallel' executor
[15.615s] DEBUG:colcon.colcon_parallel_executor.executor.parallel:run_until_complete
[15.616s] INFO:colcon.colcon_ros.task.ament_python.build:Building ROS package in '/home/puzzlebot/ros2_ws/src/color_identification' with build type 'ament_python'
[15.616s] Level 1:colcon.colcon_core.shell:create_environment_hook('color_identification', 'ament_prefix_path')
[15.844s] INFO:colcon.colcon_core.plugin_system:Skipping extension 'colcon_core.shell.bat': Not used on non-Windows systems
[15.846s] INFO:colcon.colcon_core.shell:Creating environment hook '/home/puzzlebot/ros2_ws/src/install/color_identification/share/color_identification/hook/ament_prefix_path.ps1'
[15.850s] INFO:colcon.colcon_core.shell:Creating environment descriptor '/home/puzzlebot/ros2_ws/src/install/color_identification/share/color_identification/hook/ament_prefix_path.dsv'
[15.853s] INFO:colcon.colcon_core.shell:Creating environment hook '/home/puzzlebot/ros2_ws/src/install/color_identification/share/color_identification/hook/ament_prefix_path.sh'
[16.059s] INFO:colcon.colcon_core.shell:Skip shell extension 'powershell' for command environment: Not usable outside of PowerShell
[16.059s] DEBUG:colcon.colcon_core.shell:Skip shell extension 'dsv' for command environment
[16.945s] INFO:colcon.colcon_ros.task.ament_python.build:Building ROS package in '/home/puzzlebot/ros2_ws/src/puzzlebot_ros' with build type 'ament_python'
[16.946s] Level 1:colcon.colcon_core.shell:create_environment_hook('puzzlebot_ros', 'ament_prefix_path')
[17.162s] INFO:colcon.colcon_core.shell:Creating environment hook '/home/puzzlebot/ros2_ws/src/install/puzzlebot_ros/share/puzzlebot_ros/hook/ament_prefix_path.ps1'
[17.168s] INFO:colcon.colcon_core.shell:Creating environment descriptor '/home/puzzlebot/ros2_ws/src/install/puzzlebot_ros/share/puzzlebot_ros/hook/ament_prefix_path.dsv'
[17.169s] INFO:colcon.colcon_core.shell:Creating environment hook '/home/puzzlebot/ros2_ws/src/install/puzzlebot_ros/share/puzzlebot_ros/hook/ament_prefix_path.sh'
[17.375s] INFO:colcon.colcon_core.shell:Skip shell extension 'powershell' for command environment: Not usable outside of PowerShell
[17.375s] DEBUG:colcon.colcon_core.shell:Skip shell extension 'dsv' for command environment
[19.295s] INFO:colcon.colcon_core.task.python.build:Building Python package in '/home/puzzlebot/ros2_ws/src/color_identification'
[19.502s] INFO:colcon.colcon_core.shell:Skip shell extension 'powershell' for command environment: Not usable outside of PowerShell
[19.502s] DEBUG:colcon.colcon_core.shell:Skip shell extension 'dsv' for command environment
[21.425s] INFO:colcon.colcon_core.task.python.build:Building Python package in '/home/puzzlebot/ros2_ws/src/puzzlebot_ros'
[21.636s] INFO:colcon.colcon_core.shell:Skip shell extension 'powershell' for command environment: Not usable outside of PowerShell
[21.636s] DEBUG:colcon.colcon_core.shell:Skip shell extension 'dsv' for command environment
[24.605s] DEBUG:colcon.colcon_core.event_handler.log_command:Invoking command in '/home/puzzlebot/ros2_ws/src/color_identification': PYTHONPATH=/home/puzzlebot/ros2_ws/src/build/color_identification/prefix_override:/home/puzzlebot/ros2_ws/src/install/color_identification/lib/python3.8/site-packages:${PYTHONPATH} /usr/bin/python3 setup.py egg_info --egg-base ../build/color_identification build --build-base /home/puzzlebot/ros2_ws/src/build/color_identification/build install --record /home/puzzlebot/ros2_ws/src/build/color_identification/install.log --single-version-externally-managed
[24.633s] DEBUG:colcon.colcon_core.event_handler.log_command:Invoking command in '/home/puzzlebot/ros2_ws/src/puzzlebot_ros': PYTHONPATH=/home/puzzlebot/ros2_ws/src/build/puzzlebot_ros/prefix_override:/home/puzzlebot/ros2_ws/src/install/puzzlebot_ros/lib/python3.8/site-packages:${PYTHONPATH} /usr/bin/python3 setup.py egg_info --egg-base ../build/puzzlebot_ros build --build-base /home/puzzlebot/ros2_ws/src/build/puzzlebot_ros/build install --record /home/puzzlebot/ros2_ws/src/build/puzzlebot_ros/install.log --single-version-externally-managed
[26.070s] DEBUG:colcon.colcon_core.event_handler.log_command:Invoked command in '/home/puzzlebot/ros2_ws/src/color_identification' returned '0': PYTHONPATH=/home/puzzlebot/ros2_ws/src/build/color_identification/prefix_override:/home/puzzlebot/ros2_ws/src/install/color_identification/lib/python3.8/site-packages:${PYTHONPATH} /usr/bin/python3 setup.py egg_info --egg-base ../build/color_identification build --build-base /home/puzzlebot/ros2_ws/src/build/color_identification/build install --record /home/puzzlebot/ros2_ws/src/build/color_identification/install.log --single-version-externally-managed
[26.294s] Level 1:colcon.colcon_core.environment:checking '/home/puzzlebot/ros2_ws/src/install/color_identification' for CMake module files
[26.297s] Level 1:colcon.colcon_core.environment:checking '/home/puzzlebot/ros2_ws/src/install/color_identification' for CMake config files
[26.302s] Level 1:colcon.colcon_core.environment:checking '/home/puzzlebot/ros2_ws/src/install/color_identification/lib'
[26.302s] Level 1:colcon.colcon_core.environment:checking '/home/puzzlebot/ros2_ws/src/install/color_identification/bin'
[26.303s] Level 1:colcon.colcon_core.environment:checking '/home/puzzlebot/ros2_ws/src/install/color_identification/lib/pkgconfig/color_identification.pc'
[26.304s] Level 1:colcon.colcon_core.environment:checking '/home/puzzlebot/ros2_ws/src/install/color_identification/lib/python3.8/site-packages'
[26.304s] Level 1:colcon.colcon_core.shell:create_environment_hook('color_identification', 'pythonpath')
[26.510s] INFO:colcon.colcon_core.shell:Creating environment hook '/home/puzzlebot/ros2_ws/src/install/color_identification/share/color_identification/hook/pythonpath.ps1'
[26.512s] INFO:colcon.colcon_core.shell:Creating environment descriptor '/home/puzzlebot/ros2_ws/src/install/color_identification/share/color_identification/hook/pythonpath.dsv'
[26.513s] INFO:colcon.colcon_core.shell:Creating environment hook '/home/puzzlebot/ros2_ws/src/install/color_identification/share/color_identification/hook/pythonpath.sh'
[26.515s] Level 1:colcon.colcon_core.environment:checking '/home/puzzlebot/ros2_ws/src/install/color_identification/bin'
[26.515s] Level 1:colcon.colcon_core.environment:create_environment_scripts_only(color_identification)
[26.718s] INFO:colcon.colcon_core.shell:Creating package script '/home/puzzlebot/ros2_ws/src/install/color_identification/share/color_identification/package.ps1'
[26.724s] INFO:colcon.colcon_core.shell:Creating package descriptor '/home/puzzlebot/ros2_ws/src/install/color_identification/share/color_identification/package.dsv'
[26.727s] INFO:colcon.colcon_core.shell:Creating package script '/home/puzzlebot/ros2_ws/src/install/color_identification/share/color_identification/package.sh'
[26.731s] INFO:colcon.colcon_core.shell:Creating package script '/home/puzzlebot/ros2_ws/src/install/color_identification/share/color_identification/package.bash'
[26.735s] INFO:colcon.colcon_core.shell:Creating package script '/home/puzzlebot/ros2_ws/src/install/color_identification/share/color_identification/package.zsh'
[26.739s] Level 1:colcon.colcon_core.environment:create_file_with_runtime_dependencies(/home/puzzlebot/ros2_ws/src/install/color_identification/share/colcon-core/packages/color_identification)
[26.745s] DEBUG:colcon.colcon_core.event_handler.log_command:Invoked command in '/home/puzzlebot/ros2_ws/src/puzzlebot_ros' returned '0': PYTHONPATH=/home/puzzlebot/ros2_ws/src/build/puzzlebot_ros/prefix_override:/home/puzzlebot/ros2_ws/src/install/puzzlebot_ros/lib/python3.8/site-packages:${PYTHONPATH} /usr/bin/python3 setup.py egg_info --egg-base ../build/puzzlebot_ros build --build-base /home/puzzlebot/ros2_ws/src/build/puzzlebot_ros/build install --record /home/puzzlebot/ros2_ws/src/build/puzzlebot_ros/install.log --single-version-externally-managed
[26.961s] Level 1:colcon.colcon_core.environment:checking '/home/puzzlebot/ros2_ws/src/install/puzzlebot_ros' for CMake module files
[26.963s] Level 1:colcon.colcon_core.environment:checking '/home/puzzlebot/ros2_ws/src/install/puzzlebot_ros' for CMake config files
[26.968s] Level 1:colcon.colcon_core.environment:checking '/home/puzzlebot/ros2_ws/src/install/puzzlebot_ros/lib'
[26.969s] Level 1:colcon.colcon_core.environment:checking '/home/puzzlebot/ros2_ws/src/install/puzzlebot_ros/bin'
[26.969s] Level 1:colcon.colcon_core.environment:checking '/home/puzzlebot/ros2_ws/src/install/puzzlebot_ros/lib/pkgconfig/puzzlebot_ros.pc'
[26.970s] Level 1:colcon.colcon_core.environment:checking '/home/puzzlebot/ros2_ws/src/install/puzzlebot_ros/lib/python3.8/site-packages'
[26.970s] Level 1:colcon.colcon_core.shell:create_environment_hook('puzzlebot_ros', 'pythonpath')
[27.179s] INFO:colcon.colcon_core.shell:Creating environment hook '/home/puzzlebot/ros2_ws/src/install/puzzlebot_ros/share/puzzlebot_ros/hook/pythonpath.ps1'
[27.181s] INFO:colcon.colcon_core.shell:Creating environment descriptor '/home/puzzlebot/ros2_ws/src/install/puzzlebot_ros/share/puzzlebot_ros/hook/pythonpath.dsv'
[27.182s] INFO:colcon.colcon_core.shell:Creating environment hook '/home/puzzlebot/ros2_ws/src/install/puzzlebot_ros/share/puzzlebot_ros/hook/pythonpath.sh'
[27.184s] Level 1:colcon.colcon_core.environment:checking '/home/puzzlebot/ros2_ws/src/install/puzzlebot_ros/bin'
[27.184s] Level 1:colcon.colcon_core.environment:create_environment_scripts_only(puzzlebot_ros)
[27.392s] INFO:colcon.colcon_core.shell:Creating package script '/home/puzzlebot/ros2_ws/src/install/puzzlebot_ros/share/puzzlebot_ros/package.ps1'
[27.394s] INFO:colcon.colcon_core.shell:Creating package descriptor '/home/puzzlebot/ros2_ws/src/install/puzzlebot_ros/share/puzzlebot_ros/package.dsv'
[27.396s] INFO:colcon.colcon_core.shell:Creating package script '/home/puzzlebot/ros2_ws/src/install/puzzlebot_ros/share/puzzlebot_ros/package.sh'
[27.397s] INFO:colcon.colcon_core.shell:Creating package script '/home/puzzlebot/ros2_ws/src/install/puzzlebot_ros/share/puzzlebot_ros/package.bash'
[27.398s] INFO:colcon.colcon_core.shell:Creating package script '/home/puzzlebot/ros2_ws/src/install/puzzlebot_ros/share/puzzlebot_ros/package.zsh'
[27.400s] Level 1:colcon.colcon_core.environment:create_file_with_runtime_dependencies(/home/puzzlebot/ros2_ws/src/install/puzzlebot_ros/share/colcon-core/packages/puzzlebot_ros)
[27.401s] DEBUG:colcon.colcon_parallel_executor.executor.parallel:closing loop
[27.402s] DEBUG:colcon.colcon_parallel_executor.executor.parallel:loop closed
[27.402s] DEBUG:colcon.colcon_parallel_executor.executor.parallel:run_until_complete finished with '0'
[27.402s] DEBUG:colcon.colcon_core.event_reactor:joining thread
[27.629s] INFO:colcon.colcon_core.plugin_system:Skipping extension 'colcon_notification.desktop_notification.terminal_notifier': Not used on non-Darwin systems
[27.630s] INFO:colcon.colcon_core.plugin_system:Skipping extension 'colcon_notification.desktop_notification.win32': Not used on non-Windows systems
[27.630s] INFO:colcon.colcon_notification.desktop_notification:Sending desktop notification using 'notify2'
[27.688s] DEBUG:colcon.colcon_core.event_reactor:joined thread
[27.959s] INFO:colcon.colcon_core.shell:Creating prefix script '/home/puzzlebot/ros2_ws/src/install/local_setup.ps1'
[27.965s] INFO:colcon.colcon_core.shell:Creating prefix util module '/home/puzzlebot/ros2_ws/src/install/_local_setup_util_ps1.py'
[27.972s] INFO:colcon.colcon_core.shell:Creating prefix chain script '/home/puzzlebot/ros2_ws/src/install/setup.ps1'
[28.188s] INFO:colcon.colcon_core.shell:Creating prefix script '/home/puzzlebot/ros2_ws/src/install/local_setup.sh'
[28.194s] INFO:colcon.colcon_core.shell:Creating prefix util module '/home/puzzlebot/ros2_ws/src/install/_local_setup_util_sh.py'
[28.196s] INFO:colcon.colcon_core.shell:Creating prefix chain script '/home/puzzlebot/ros2_ws/src/install/setup.sh'
[28.402s] INFO:colcon.colcon_core.shell:Creating prefix script '/home/puzzlebot/ros2_ws/src/install/local_setup.bash'
[28.407s] INFO:colcon.colcon_core.shell:Creating prefix chain script '/home/puzzlebot/ros2_ws/src/install/setup.bash'
[28.616s] INFO:colcon.colcon_core.shell:Creating prefix script '/home/puzzlebot/ros2_ws/src/install/local_setup.zsh'
[28.619s] INFO:colcon.colcon_core.shell:Creating prefix chain script '/home/puzzlebot/ros2_ws/src/install/setup.zsh'
