[15.721s] Invoking command in '/home/puzzlebot/ros2_ws/src/color_identification': PYTHONPATH=/home/puzzlebot/ros2_ws/src/build/color_identification/prefix_override:/home/puzzlebot/ros2_ws/src/install/color_identification/lib/python3.8/site-packages:${PYTHONPATH} /usr/bin/python3 setup.py egg_info --egg-base ../build/color_identification build --build-base /home/puzzlebot/ros2_ws/src/build/color_identification/build install --record /home/puzzlebot/ros2_ws/src/build/color_identification/install.log --single-version-externally-managed
[16.930s] running egg_info
[16.934s] writing ../build/color_identification/color_identification.egg-info/PKG-INFO
[16.935s] writing dependency_links to ../build/color_identification/color_identification.egg-info/dependency_links.txt
[16.937s] writing entry points to ../build/color_identification/color_identification.egg-info/entry_points.txt
[16.937s] writing requirements to ../build/color_identification/color_identification.egg-info/requires.txt
[16.938s] writing top-level names to ../build/color_identification/color_identification.egg-info/top_level.txt
[17.120s] reading manifest file '../build/color_identification/color_identification.egg-info/SOURCES.txt'
[17.125s] writing manifest file '../build/color_identification/color_identification.egg-info/SOURCES.txt'
[17.128s] running build
[17.128s] running build_py
[17.131s] running install
[17.135s] running install_lib
[17.142s] running install_data
[17.146s] running install_egg_info
[17.156s] removing '/home/puzzlebot/ros2_ws/src/install/color_identification/lib/python3.8/site-packages/color_identification-0.0.0-py3.8.egg-info' (and everything under it)
[17.157s] Copying ../build/color_identification/color_identification.egg-info to /home/puzzlebot/ros2_ws/src/install/color_identification/lib/python3.8/site-packages/color_identification-0.0.0-py3.8.egg-info
[17.163s] running install_scripts
[17.254s] Installing color_identification script to /home/puzzlebot/ros2_ws/src/install/color_identification/lib/color_identification
[17.258s] writing list of installed files to '/home/puzzlebot/ros2_ws/src/build/color_identification/install.log'
[18.599s] Invoked command in '/home/puzzlebot/ros2_ws/src/color_identification' returned '0': PYTHONPATH=/home/puzzlebot/ros2_ws/src/build/color_identification/prefix_override:/home/puzzlebot/ros2_ws/src/install/color_identification/lib/python3.8/site-packages:${PYTHONPATH} /usr/bin/python3 setup.py egg_info --egg-base ../build/color_identification build --build-base /home/puzzlebot/ros2_ws/src/build/color_identification/build install --record /home/puzzlebot/ros2_ws/src/build/color_identification/install.log --single-version-externally-managed
