running egg_info
writing ../build/color_identification/color_identification.egg-info/PKG-INFO
writing dependency_links to ../build/color_identification/color_identification.egg-info/dependency_links.txt
writing entry points to ../build/color_identification/color_identification.egg-info/entry_points.txt
writing requirements to ../build/color_identification/color_identification.egg-info/requires.txt
writing top-level names to ../build/color_identification/color_identification.egg-info/top_level.txt
reading manifest file '../build/color_identification/color_identification.egg-info/SOURCES.txt'
writing manifest file '../build/color_identification/color_identification.egg-info/SOURCES.txt'
running build
running build_py
copying color_identification/__init__.py -> /home/puzzlebot/ros2_ws/src/build/color_identification/build/lib/color_identification
running install
running install_lib
copying /home/puzzlebot/ros2_ws/src/build/color_identification/build/lib/color_identification/__init__.py -> /home/puzzlebot/ros2_ws/src/install/color_identification/lib/python3.8/site-packages/color_identification
byte-compiling /home/puzzlebot/ros2_ws/src/install/color_identification/lib/python3.8/site-packages/color_identification/__init__.py to __init__.cpython-38.pyc
running install_data
copying resource/color_identification -> /home/puzzlebot/ros2_ws/src/install/color_identification/share/ament_index/resource_index/packages
running install_egg_info
removing '/home/puzzlebot/ros2_ws/src/install/color_identification/lib/python3.8/site-packages/color_identification-0.0.0-py3.8.egg-info' (and everything under it)
Copying ../build/color_identification/color_identification.egg-info to /home/puzzlebot/ros2_ws/src/install/color_identification/lib/python3.8/site-packages/color_identification-0.0.0-py3.8.egg-info
running install_scripts
Installing color_identification script to /home/puzzlebot/ros2_ws/src/install/color_identification/lib/color_identification
writing list of installed files to '/home/puzzlebot/ros2_ws/src/build/color_identification/install.log'
