[8.796s] Invoking command in '/home/puzzlebot/ros2_ws/src/color_identification': PYTHONPATH=/home/puzzlebot/ros2_ws/src/build/color_identification/prefix_override:/home/puzzlebot/ros2_ws/src/install/color_identification/lib/python3.8/site-packages:${PYTHONPATH} /usr/bin/python3 setup.py egg_info --egg-base ../build/color_identification build --build-base /home/puzzlebot/ros2_ws/src/build/color_identification/build install --record /home/puzzlebot/ros2_ws/src/build/color_identification/install.log --single-version-externally-managed
[9.856s] running egg_info
[9.860s] writing ../build/color_identification/color_identification.egg-info/PKG-INFO
[9.862s] writing dependency_links to ../build/color_identification/color_identification.egg-info/dependency_links.txt
[9.862s] writing entry points to ../build/color_identification/color_identification.egg-info/entry_points.txt
[9.862s] writing requirements to ../build/color_identification/color_identification.egg-info/requires.txt
[9.863s] writing top-level names to ../build/color_identification/color_identification.egg-info/top_level.txt
[10.022s] reading manifest file '../build/color_identification/color_identification.egg-info/SOURCES.txt'
[10.027s] writing manifest file '../build/color_identification/color_identification.egg-info/SOURCES.txt'
[10.027s] running build
[10.028s] running build_py
[10.028s] copying color_identification/__init__.py -> /home/puzzlebot/ros2_ws/src/build/color_identification/build/lib/color_identification
[10.029s] running install
[10.032s] running install_lib
[10.036s] copying /home/puzzlebot/ros2_ws/src/build/color_identification/build/lib/color_identification/__init__.py -> /home/puzzlebot/ros2_ws/src/install/color_identification/lib/python3.8/site-packages/color_identification
[10.038s] byte-compiling /home/puzzlebot/ros2_ws/src/install/color_identification/lib/python3.8/site-packages/color_identification/__init__.py to __init__.cpython-38.pyc
[10.044s] running install_data
[10.046s] copying resource/color_identification -> /home/puzzlebot/ros2_ws/src/install/color_identification/share/ament_index/resource_index/packages
[10.047s] running install_egg_info
[10.055s] removing '/home/puzzlebot/ros2_ws/src/install/color_identification/lib/python3.8/site-packages/color_identification-0.0.0-py3.8.egg-info' (and everything under it)
[10.057s] Copying ../build/color_identification/color_identification.egg-info to /home/puzzlebot/ros2_ws/src/install/color_identification/lib/python3.8/site-packages/color_identification-0.0.0-py3.8.egg-info
[10.061s] running install_scripts
[10.131s] Installing color_identification script to /home/puzzlebot/ros2_ws/src/install/color_identification/lib/color_identification
[10.134s] writing list of installed files to '/home/puzzlebot/ros2_ws/src/build/color_identification/install.log'
[10.242s] Invoked command in '/home/puzzlebot/ros2_ws/src/color_identification' returned '0': PYTHONPATH=/home/puzzlebot/ros2_ws/src/build/color_identification/prefix_override:/home/puzzlebot/ros2_ws/src/install/color_identification/lib/python3.8/site-packages:${PYTHONPATH} /usr/bin/python3 setup.py egg_info --egg-base ../build/color_identification build --build-base /home/puzzlebot/ros2_ws/src/build/color_identification/build install --record /home/puzzlebot/ros2_ws/src/build/color_identification/install.log --single-version-externally-managed
