[14.238s] Invoking command in '/home/puzzlebot/ros2_ws/src/color_identification': PYTHONPATH=/home/puzzlebot/ros2_ws/src/build/color_identification/prefix_override:/home/puzzlebot/ros2_ws/src/install/color_identification/lib/python3.8/site-packages:${PYTHONPATH} /usr/bin/python3 setup.py egg_info --egg-base ../build/color_identification build --build-base /home/puzzlebot/ros2_ws/src/build/color_identification/build install --record /home/puzzlebot/ros2_ws/src/build/color_identification/install.log --single-version-externally-managed
[15.425s] running egg_info
[15.428s] writing ../build/color_identification/color_identification.egg-info/PKG-INFO
[15.430s] writing dependency_links to ../build/color_identification/color_identification.egg-info/dependency_links.txt
[15.431s] writing entry points to ../build/color_identification/color_identification.egg-info/entry_points.txt
[15.431s] writing requirements to ../build/color_identification/color_identification.egg-info/requires.txt
[15.432s] writing top-level names to ../build/color_identification/color_identification.egg-info/top_level.txt
[15.605s] reading manifest file '../build/color_identification/color_identification.egg-info/SOURCES.txt'
[15.609s] writing manifest file '../build/color_identification/color_identification.egg-info/SOURCES.txt'
[15.610s] running build
[15.611s] running build_py
[15.611s] running install
[15.615s] running install_lib
[15.622s] running install_data
[15.625s] running install_egg_info
[15.632s] removing '/home/puzzlebot/ros2_ws/src/install/color_identification/lib/python3.8/site-packages/color_identification-0.0.0-py3.8.egg-info' (and everything under it)
[15.634s] Copying ../build/color_identification/color_identification.egg-info to /home/puzzlebot/ros2_ws/src/install/color_identification/lib/python3.8/site-packages/color_identification-0.0.0-py3.8.egg-info
[15.638s] running install_scripts
[15.717s] Installing color_identification script to /home/puzzlebot/ros2_ws/src/install/color_identification/lib/color_identification
[15.720s] writing list of installed files to '/home/puzzlebot/ros2_ws/src/build/color_identification/install.log'
[16.486s] Invoked command in '/home/puzzlebot/ros2_ws/src/color_identification' returned '0': PYTHONPATH=/home/puzzlebot/ros2_ws/src/build/color_identification/prefix_override:/home/puzzlebot/ros2_ws/src/install/color_identification/lib/python3.8/site-packages:${PYTHONPATH} /usr/bin/python3 setup.py egg_info --egg-base ../build/color_identification build --build-base /home/puzzlebot/ros2_ws/src/build/color_identification/build install --record /home/puzzlebot/ros2_ws/src/build/color_identification/install.log --single-version-externally-managed
