running egg_info
writing ../build/reduno/reduno.egg-info/PKG-INFO
writing dependency_links to ../build/reduno/reduno.egg-info/dependency_links.txt
writing entry points to ../build/reduno/reduno.egg-info/entry_points.txt
writing requirements to ../build/reduno/reduno.egg-info/requires.txt
writing top-level names to ../build/reduno/reduno.egg-info/top_level.txt
reading manifest file '../build/reduno/reduno.egg-info/SOURCES.txt'
writing manifest file '../build/reduno/reduno.egg-info/SOURCES.txt'
running build
running build_py
copying reduno/reduno.py -> /home/puzzlebot/ros2_ws/src/build/reduno/build/lib/reduno
running install
running install_lib
copying /home/puzzlebot/ros2_ws/src/build/reduno/build/lib/reduno/reduno.py -> /home/puzzlebot/ros2_ws/src/install/reduno/lib/python3.8/site-packages/reduno
byte-compiling /home/puzzlebot/ros2_ws/src/install/reduno/lib/python3.8/site-packages/reduno/reduno.py to reduno.cpython-38.pyc
running install_data
running install_egg_info
removing '/home/puzzlebot/ros2_ws/src/install/reduno/lib/python3.8/site-packages/reduno-0.0.0-py3.8.egg-info' (and everything under it)
Copying ../build/reduno/reduno.egg-info to /home/puzzlebot/ros2_ws/src/install/reduno/lib/python3.8/site-packages/reduno-0.0.0-py3.8.egg-info
running install_scripts
Installing reduno script to /home/puzzlebot/ros2_ws/src/install/reduno/lib/reduno
writing list of installed files to '/home/puzzlebot/ros2_ws/src/build/reduno/install.log'
