running egg_info
writing ../build/pruebados/pruebados.egg-info/PKG-INFO
writing dependency_links to ../build/pruebados/pruebados.egg-info/dependency_links.txt
writing entry points to ../build/pruebados/pruebados.egg-info/entry_points.txt
writing requirements to ../build/pruebados/pruebados.egg-info/requires.txt
writing top-level names to ../build/pruebados/pruebados.egg-info/top_level.txt
reading manifest file '../build/pruebados/pruebados.egg-info/SOURCES.txt'
writing manifest file '../build/pruebados/pruebados.egg-info/SOURCES.txt'
running build
running build_py
copying pruebados/pruebados.py -> /home/puzzlebot/ros2_ws/src/build/pruebados/build/lib/pruebados
running install
running install_lib
copying /home/puzzlebot/ros2_ws/src/build/pruebados/build/lib/pruebados/pruebados.py -> /home/puzzlebot/ros2_ws/src/install/pruebados/lib/python3.8/site-packages/pruebados
byte-compiling /home/puzzlebot/ros2_ws/src/install/pruebados/lib/python3.8/site-packages/pruebados/pruebados.py to pruebados.cpython-38.pyc
running install_data
running install_egg_info
removing '/home/puzzlebot/ros2_ws/src/install/pruebados/lib/python3.8/site-packages/pruebados-0.0.0-py3.8.egg-info' (and everything under it)
Copying ../build/pruebados/pruebados.egg-info to /home/puzzlebot/ros2_ws/src/install/pruebados/lib/python3.8/site-packages/pruebados-0.0.0-py3.8.egg-info
running install_scripts
Installing pruebados script to /home/puzzlebot/ros2_ws/src/install/pruebados/lib/pruebados
writing list of installed files to '/home/puzzlebot/ros2_ws/src/build/pruebados/install.log'
