[8.987s] Invoking command in '/home/puzzlebot/ros2_ws/src/color_identification': PYTHONPATH=/home/puzzlebot/ros2_ws/src/build/color_identification/prefix_override:/home/puzzlebot/ros2_ws/src/install/color_identification/lib/python3.8/site-packages:${PYTHONPATH} /usr/bin/python3 setup.py egg_info --egg-base ../build/color_identification build --build-base /home/puzzlebot/ros2_ws/src/build/color_identification/build install --record /home/puzzlebot/ros2_ws/src/build/color_identification/install.log --single-version-externally-managed
[10.066s] running egg_info
[10.070s] writing ../build/color_identification/color_identification.egg-info/PKG-INFO
[10.073s] writing dependency_links to ../build/color_identification/color_identification.egg-info/dependency_links.txt
[10.075s] writing entry points to ../build/color_identification/color_identification.egg-info/entry_points.txt
[10.075s] writing requirements to ../build/color_identification/color_identification.egg-info/requires.txt
[10.076s] writing top-level names to ../build/color_identification/color_identification.egg-info/top_level.txt
[10.234s] reading manifest file '../build/color_identification/color_identification.egg-info/SOURCES.txt'
[10.241s] writing manifest file '../build/color_identification/color_identification.egg-info/SOURCES.txt'
[10.241s] running build
[10.241s] running build_py
[10.243s] running install
[10.247s] running install_lib
[10.253s] running install_data
[10.257s] running install_egg_info
[10.264s] removing '/home/puzzlebot/ros2_ws/src/install/color_identification/lib/python3.8/site-packages/color_identification-0.0.0-py3.8.egg-info' (and everything under it)
[10.265s] Copying ../build/color_identification/color_identification.egg-info to /home/puzzlebot/ros2_ws/src/install/color_identification/lib/python3.8/site-packages/color_identification-0.0.0-py3.8.egg-info
[10.270s] running install_scripts
[10.341s] Installing color_identification script to /home/puzzlebot/ros2_ws/src/install/color_identification/lib/color_identification
[10.345s] writing list of installed files to '/home/puzzlebot/ros2_ws/src/build/color_identification/install.log'
[10.452s] Invoked command in '/home/puzzlebot/ros2_ws/src/color_identification' returned '0': PYTHONPATH=/home/puzzlebot/ros2_ws/src/build/color_identification/prefix_override:/home/puzzlebot/ros2_ws/src/install/color_identification/lib/python3.8/site-packages:${PYTHONPATH} /usr/bin/python3 setup.py egg_info --egg-base ../build/color_identification build --build-base /home/puzzlebot/ros2_ws/src/build/color_identification/build install --record /home/puzzlebot/ros2_ws/src/build/color_identification/install.log --single-version-externally-managed
