/home/puzzlebot/ros2_ws/src/install/puzzlebot_ros/lib/python3.8/site-packages/puzzlebot_ros/test_imu.py
/home/puzzlebot/ros2_ws/src/install/puzzlebot_ros/lib/python3.8/site-packages/puzzlebot_ros/my_math.py
/home/puzzlebot/ros2_ws/src/install/puzzlebot_ros/lib/python3.8/site-packages/puzzlebot_ros/__init__.py
/home/puzzlebot/ros2_ws/src/install/puzzlebot_ros/lib/python3.8/site-packages/puzzlebot_ros/pwm_control.py
/home/puzzlebot/ros2_ws/src/install/puzzlebot_ros/lib/python3.8/site-packages/puzzlebot_ros/test_plot.py
/home/puzzlebot/ros2_ws/src/install/puzzlebot_ros/lib/python3.8/site-packages/puzzlebot_ros/kalman.py
/home/puzzlebot/ros2_ws/src/install/puzzlebot_ros/lib/python3.8/site-packages/puzzlebot_ros/kalman_aruco.py
/home/puzzlebot/ros2_ws/src/install/puzzlebot_ros/lib/python3.8/site-packages/puzzlebot_ros/pid_controller.py
/home/puzzlebot/ros2_ws/src/install/puzzlebot_ros/lib/python3.8/site-packages/puzzlebot_ros/velocity_control.py
/home/puzzlebot/ros2_ws/src/install/puzzlebot_ros/lib/python3.8/site-packages/puzzlebot_ros/goto_point.py
/home/puzzlebot/ros2_ws/src/install/puzzlebot_ros/lib/python3.8/site-packages/puzzlebot_ros/distance_control.py
/home/puzzlebot/ros2_ws/src/install/puzzlebot_ros/lib/python3.8/site-packages/puzzlebot_ros/__pycache__/test_imu.cpython-38.pyc
/home/puzzlebot/ros2_ws/src/install/puzzlebot_ros/lib/python3.8/site-packages/puzzlebot_ros/__pycache__/my_math.cpython-38.pyc
/home/puzzlebot/ros2_ws/src/install/puzzlebot_ros/lib/python3.8/site-packages/puzzlebot_ros/__pycache__/__init__.cpython-38.pyc
/home/puzzlebot/ros2_ws/src/install/puzzlebot_ros/lib/python3.8/site-packages/puzzlebot_ros/__pycache__/pwm_control.cpython-38.pyc
/home/puzzlebot/ros2_ws/src/install/puzzlebot_ros/lib/python3.8/site-packages/puzzlebot_ros/__pycache__/test_plot.cpython-38.pyc
/home/puzzlebot/ros2_ws/src/install/puzzlebot_ros/lib/python3.8/site-packages/puzzlebot_ros/__pycache__/kalman.cpython-38.pyc
/home/puzzlebot/ros2_ws/src/install/puzzlebot_ros/lib/python3.8/site-packages/puzzlebot_ros/__pycache__/kalman_aruco.cpython-38.pyc
/home/puzzlebot/ros2_ws/src/install/puzzlebot_ros/lib/python3.8/site-packages/puzzlebot_ros/__pycache__/pid_controller.cpython-38.pyc
/home/puzzlebot/ros2_ws/src/install/puzzlebot_ros/lib/python3.8/site-packages/puzzlebot_ros/__pycache__/velocity_control.cpython-38.pyc
/home/puzzlebot/ros2_ws/src/install/puzzlebot_ros/lib/python3.8/site-packages/puzzlebot_ros/__pycache__/goto_point.cpython-38.pyc
/home/puzzlebot/ros2_ws/src/install/puzzlebot_ros/lib/python3.8/site-packages/puzzlebot_ros/__pycache__/distance_control.cpython-38.pyc
/home/puzzlebot/ros2_ws/src/install/puzzlebot_ros/share/ament_index/resource_index/packages/puzzlebot_ros
/home/puzzlebot/ros2_ws/src/install/puzzlebot_ros/share/puzzlebot_ros/package.xml
/home/puzzlebot/ros2_ws/src/install/puzzlebot_ros/share/puzzlebot_ros/camera_jetson.launch.py
/home/puzzlebot/ros2_ws/src/install/puzzlebot_ros/share/puzzlebot_ros/gazebo_aruco.launch.py
/home/puzzlebot/ros2_ws/src/install/puzzlebot_ros/share/puzzlebot_ros/gazebo_empty.launch.py
/home/puzzlebot/ros2_ws/src/install/puzzlebot_ros/share/puzzlebot_ros/micro_ros_agent.launch.py
/home/puzzlebot/ros2_ws/src/install/puzzlebot_ros/share/puzzlebot_ros/goto_kalman.launch.py
/home/puzzlebot/ros2_ws/src/install/puzzlebot_ros/share/puzzlebot_ros/marker_publisher.launch.py
/home/puzzlebot/ros2_ws/src/install/puzzlebot_ros/share/puzzlebot_ros/gazebo_box.launch.py
/home/puzzlebot/ros2_ws/src/install/puzzlebot_ros/share/puzzlebot_ros/aruco_jetson.launch.py
/home/puzzlebot/ros2_ws/src/install/puzzlebot_ros/lib/python3.8/site-packages/puzzlebot_ros-0.0.0-py3.8.egg-info/top_level.txt
/home/puzzlebot/ros2_ws/src/install/puzzlebot_ros/lib/python3.8/site-packages/puzzlebot_ros-0.0.0-py3.8.egg-info/requires.txt
/home/puzzlebot/ros2_ws/src/install/puzzlebot_ros/lib/python3.8/site-packages/puzzlebot_ros-0.0.0-py3.8.egg-info/PKG-INFO
/home/puzzlebot/ros2_ws/src/install/puzzlebot_ros/lib/python3.8/site-packages/puzzlebot_ros-0.0.0-py3.8.egg-info/entry_points.txt
/home/puzzlebot/ros2_ws/src/install/puzzlebot_ros/lib/python3.8/site-packages/puzzlebot_ros-0.0.0-py3.8.egg-info/zip-safe
/home/puzzlebot/ros2_ws/src/install/puzzlebot_ros/lib/python3.8/site-packages/puzzlebot_ros-0.0.0-py3.8.egg-info/SOURCES.txt
/home/puzzlebot/ros2_ws/src/install/puzzlebot_ros/lib/python3.8/site-packages/puzzlebot_ros-0.0.0-py3.8.egg-info/dependency_links.txt
/home/puzzlebot/ros2_ws/src/install/puzzlebot_ros/lib/puzzlebot_ros/distance_control
/home/puzzlebot/ros2_ws/src/install/puzzlebot_ros/lib/puzzlebot_ros/goto_point
/home/puzzlebot/ros2_ws/src/install/puzzlebot_ros/lib/puzzlebot_ros/kalman
/home/puzzlebot/ros2_ws/src/install/puzzlebot_ros/lib/puzzlebot_ros/kalman_aruco
/home/puzzlebot/ros2_ws/src/install/puzzlebot_ros/lib/puzzlebot_ros/pwm_control
/home/puzzlebot/ros2_ws/src/install/puzzlebot_ros/lib/puzzlebot_ros/test_imu
/home/puzzlebot/ros2_ws/src/install/puzzlebot_ros/lib/puzzlebot_ros/velocity_control
