[14.198s] Invoking command in '/home/puzzlebot/ros2_ws/src/odometry': PYTHONPATH=/home/puzzlebot/ros2_ws/src/build/odometry/prefix_override:/home/puzzlebot/ros2_ws/src/install/odometry/lib/python3.8/site-packages:${PYTHONPATH} /usr/bin/python3 setup.py egg_info --egg-base ../build/odometry build --build-base /home/puzzlebot/ros2_ws/src/build/odometry/build install --record /home/puzzlebot/ros2_ws/src/build/odometry/install.log --single-version-externally-managed
[15.455s] running egg_info
[15.458s] writing ../build/odometry/odometry.egg-info/PKG-INFO
[15.461s] writing dependency_links to ../build/odometry/odometry.egg-info/dependency_links.txt
[15.461s] writing entry points to ../build/odometry/odometry.egg-info/entry_points.txt
[15.463s] writing requirements to ../build/odometry/odometry.egg-info/requires.txt
[15.463s] writing top-level names to ../build/odometry/odometry.egg-info/top_level.txt
[15.640s] reading manifest file '../build/odometry/odometry.egg-info/SOURCES.txt'
[15.645s] writing manifest file '../build/odometry/odometry.egg-info/SOURCES.txt'
[15.647s] running build
[15.647s] running build_py
[15.651s] running install
[15.655s] running install_lib
[15.665s] running install_data
[15.669s] running install_egg_info
[15.678s] removing '/home/puzzlebot/ros2_ws/src/install/odometry/lib/python3.8/site-packages/odometry-0.0.0-py3.8.egg-info' (and everything under it)
[15.681s] Copying ../build/odometry/odometry.egg-info to /home/puzzlebot/ros2_ws/src/install/odometry/lib/python3.8/site-packages/odometry-0.0.0-py3.8.egg-info
[15.685s] running install_scripts
[15.771s] Installing odometry script to /home/puzzlebot/ros2_ws/src/install/odometry/lib/odometry
[15.776s] writing list of installed files to '/home/puzzlebot/ros2_ws/src/build/odometry/install.log'
[18.639s] Invoked command in '/home/puzzlebot/ros2_ws/src/odometry' returned '0': PYTHONPATH=/home/puzzlebot/ros2_ws/src/build/odometry/prefix_override:/home/puzzlebot/ros2_ws/src/install/odometry/lib/python3.8/site-packages:${PYTHONPATH} /usr/bin/python3 setup.py egg_info --egg-base ../build/odometry build --build-base /home/puzzlebot/ros2_ws/src/build/odometry/build install --record /home/puzzlebot/ros2_ws/src/build/odometry/install.log --single-version-externally-managed
