[7.686s] Invoking command in '/home/puzzlebot/ros2_ws/src/puzzlebot_ros': PYTHONPATH=/home/puzzlebot/ros2_ws/src/build/puzzlebot_ros/prefix_override:/home/puzzlebot/ros2_ws/src/install/puzzlebot_ros/lib/python3.8/site-packages:${PYTHONPATH} /usr/bin/python3 setup.py egg_info --egg-base ../build/puzzlebot_ros build --build-base /home/puzzlebot/ros2_ws/src/build/puzzlebot_ros/build install --record /home/puzzlebot/ros2_ws/src/build/puzzlebot_ros/install.log --single-version-externally-managed
[8.740s] running egg_info
[8.745s] writing ../build/puzzlebot_ros/puzzlebot_ros.egg-info/PKG-INFO
[8.748s] writing dependency_links to ../build/puzzlebot_ros/puzzlebot_ros.egg-info/dependency_links.txt
[8.749s] writing entry points to ../build/puzzlebot_ros/puzzlebot_ros.egg-info/entry_points.txt
[8.749s] writing requirements to ../build/puzzlebot_ros/puzzlebot_ros.egg-info/requires.txt
[8.750s] writing top-level names to ../build/puzzlebot_ros/puzzlebot_ros.egg-info/top_level.txt
[8.911s] reading manifest file '../build/puzzlebot_ros/puzzlebot_ros.egg-info/SOURCES.txt'
[8.916s] writing manifest file '../build/puzzlebot_ros/puzzlebot_ros.egg-info/SOURCES.txt'
[8.917s] running build
[8.917s] running build_py
[8.925s] running install
[8.927s] running install_lib
[8.937s] running install_data
[8.942s] running install_egg_info
[8.949s] removing '/home/puzzlebot/ros2_ws/src/install/puzzlebot_ros/lib/python3.8/site-packages/puzzlebot_ros-0.0.0-py3.8.egg-info' (and everything under it)
[8.950s] Copying ../build/puzzlebot_ros/puzzlebot_ros.egg-info to /home/puzzlebot/ros2_ws/src/install/puzzlebot_ros/lib/python3.8/site-packages/puzzlebot_ros-0.0.0-py3.8.egg-info
[8.955s] running install_scripts
[9.028s] Installing distance_control script to /home/puzzlebot/ros2_ws/src/install/puzzlebot_ros/lib/puzzlebot_ros
[9.030s] Installing goto_point script to /home/puzzlebot/ros2_ws/src/install/puzzlebot_ros/lib/puzzlebot_ros
[9.031s] Installing kalman script to /home/puzzlebot/ros2_ws/src/install/puzzlebot_ros/lib/puzzlebot_ros
[9.032s] Installing kalman_aruco script to /home/puzzlebot/ros2_ws/src/install/puzzlebot_ros/lib/puzzlebot_ros
[9.033s] Installing pwm_control script to /home/puzzlebot/ros2_ws/src/install/puzzlebot_ros/lib/puzzlebot_ros
[9.033s] Installing test_imu script to /home/puzzlebot/ros2_ws/src/install/puzzlebot_ros/lib/puzzlebot_ros
[9.034s] Installing velocity_control script to /home/puzzlebot/ros2_ws/src/install/puzzlebot_ros/lib/puzzlebot_ros
[9.035s] writing list of installed files to '/home/puzzlebot/ros2_ws/src/build/puzzlebot_ros/install.log'
[9.798s] Invoked command in '/home/puzzlebot/ros2_ws/src/puzzlebot_ros' returned '0': PYTHONPATH=/home/puzzlebot/ros2_ws/src/build/puzzlebot_ros/prefix_override:/home/puzzlebot/ros2_ws/src/install/puzzlebot_ros/lib/python3.8/site-packages:${PYTHONPATH} /usr/bin/python3 setup.py egg_info --egg-base ../build/puzzlebot_ros build --build-base /home/puzzlebot/ros2_ws/src/build/puzzlebot_ros/build install --record /home/puzzlebot/ros2_ws/src/build/puzzlebot_ros/install.log --single-version-externally-managed
