[14.687s] DEBUG:colcon:Command line arguments: ['/usr/bin/colcon', 'build', '--packages-select', 'red_mask']
[14.688s] DEBUG:colcon:Parsed command line arguments: Namespace(allow_overriding=[], ament_cmake_args=None, base_paths=['.'], build_base='build', catkin_cmake_args=None, catkin_skip_building_tests=False, cmake_args=None, cmake_clean_cache=False, cmake_clean_first=False, cmake_force_configure=False, cmake_target=None, cmake_target_skip_unavailable=False, continue_on_error=False, event_handlers=None, executor='parallel', ignore_user_meta=False, install_base='install', log_base=None, log_level=None, main=<bound method BuildVerb.main of <colcon_core.verb.build.BuildVerb object at 0x7f7b0d8f10>>, merge_install=False, metas=['./colcon.meta'], packages_above=None, packages_above_and_dependencies=None, packages_above_depth=None, packages_end=None, packages_ignore=None, packages_ignore_regex=None, packages_select=['red_mask'], packages_select_build_failed=False, packages_select_by_dep=None, packages_select_regex=None, packages_select_test_failures=False, packages_skip=None, packages_skip_build_finished=False, packages_skip_by_dep=None, packages_skip_regex=None, packages_skip_test_passed=False, packages_skip_up_to=None, packages_start=None, packages_up_to=None, packages_up_to_regex=None, parallel_workers=4, paths=None, symlink_install=False, test_result_base=None, verb_extension=<colcon_core.verb.build.BuildVerb object at 0x7f7b0d8f10>, verb_name='build', verb_parser=<colcon_defaults.argument_parser.defaults.DefaultArgumentsDecorator object at 0x7f7ac9a5b0>)
[15.344s] Level 1:colcon.colcon_core.package_discovery:discover_packages(colcon_meta) check parameters
[15.345s] Level 1:colcon.colcon_core.package_discovery:discover_packages(recursive) check parameters
[15.345s] Level 1:colcon.colcon_core.package_discovery:discover_packages(ignore) check parameters
[15.345s] Level 1:colcon.colcon_core.package_discovery:discover_packages(path) check parameters
[15.345s] Level 1:colcon.colcon_core.package_discovery:discover_packages(colcon_meta) discover
[15.345s] Level 1:colcon.colcon_core.package_discovery:discover_packages(recursive) discover
[15.346s] INFO:colcon.colcon_core.package_discovery:Crawling recursively for packages in '/home/puzzlebot/ros2_ws/src'
[15.346s] Level 1:colcon.colcon_core.package_identification:_identify(.) by extensions ['ignore', 'ignore_ament_install']
[15.347s] Level 1:colcon.colcon_core.package_identification:_identify(.) by extension 'ignore'
[15.347s] Level 1:colcon.colcon_core.package_identification:_identify(.) by extension 'ignore_ament_install'
[15.347s] Level 1:colcon.colcon_core.package_identification:_identify(.) by extensions ['colcon_pkg']
[15.347s] Level 1:colcon.colcon_core.package_identification:_identify(.) by extension 'colcon_pkg'
[15.348s] Level 1:colcon.colcon_core.package_identification:_identify(.) by extensions ['colcon_meta']
[15.348s] Level 1:colcon.colcon_core.package_identification:_identify(.) by extension 'colcon_meta'
[15.348s] Level 1:colcon.colcon_core.package_identification:_identify(.) by extensions ['ros']
[15.348s] Level 1:colcon.colcon_core.package_identification:_identify(.) by extension 'ros'
[15.412s] Level 1:colcon.colcon_core.package_identification:_identify(.) by extensions ['cmake', 'python']
[15.412s] Level 1:colcon.colcon_core.package_identification:_identify(.) by extension 'cmake'
[15.413s] Level 1:colcon.colcon_core.package_identification:_identify(.) by extension 'python'
[15.413s] Level 1:colcon.colcon_core.package_identification:_identify(.) by extensions ['python_setup_py']
[15.413s] Level 1:colcon.colcon_core.package_identification:_identify(.) by extension 'python_setup_py'
[15.414s] Level 1:colcon.colcon_core.package_identification:_identify(build) by extensions ['ignore', 'ignore_ament_install']
[15.414s] Level 1:colcon.colcon_core.package_identification:_identify(build) by extension 'ignore'
[15.415s] Level 1:colcon.colcon_core.package_identification:_identify(build) ignored
[15.415s] Level 1:colcon.colcon_core.package_identification:_identify(install) by extensions ['ignore', 'ignore_ament_install']
[15.416s] Level 1:colcon.colcon_core.package_identification:_identify(install) by extension 'ignore'
[15.416s] Level 1:colcon.colcon_core.package_identification:_identify(install) ignored
[15.417s] Level 1:colcon.colcon_core.package_identification:_identify(log) by extensions ['ignore', 'ignore_ament_install']
[15.418s] Level 1:colcon.colcon_core.package_identification:_identify(log) by extension 'ignore'
[15.418s] Level 1:colcon.colcon_core.package_identification:_identify(log) ignored
[15.418s] Level 1:colcon.colcon_core.package_identification:_identify(puzzlebot_ros) by extensions ['ignore', 'ignore_ament_install']
[15.419s] Level 1:colcon.colcon_core.package_identification:_identify(puzzlebot_ros) by extension 'ignore'
[15.419s] Level 1:colcon.colcon_core.package_identification:_identify(puzzlebot_ros) by extension 'ignore_ament_install'
[15.419s] Level 1:colcon.colcon_core.package_identification:_identify(puzzlebot_ros) by extensions ['colcon_pkg']
[15.419s] Level 1:colcon.colcon_core.package_identification:_identify(puzzlebot_ros) by extension 'colcon_pkg'
[15.420s] Level 1:colcon.colcon_core.package_identification:_identify(puzzlebot_ros) by extensions ['colcon_meta']
[15.420s] Level 1:colcon.colcon_core.package_identification:_identify(puzzlebot_ros) by extension 'colcon_meta'
[15.420s] Level 1:colcon.colcon_core.package_identification:_identify(puzzlebot_ros) by extensions ['ros']
[15.420s] Level 1:colcon.colcon_core.package_identification:_identify(puzzlebot_ros) by extension 'ros'
[15.435s] DEBUG:colcon.colcon_core.package_identification:Package 'puzzlebot_ros' with type 'ros.ament_python' and name 'puzzlebot_ros'
[15.436s] Level 1:colcon.colcon_core.package_identification:_identify(red_mask) by extensions ['ignore', 'ignore_ament_install']
[15.436s] Level 1:colcon.colcon_core.package_identification:_identify(red_mask) by extension 'ignore'
[15.437s] Level 1:colcon.colcon_core.package_identification:_identify(red_mask) by extension 'ignore_ament_install'
[15.437s] Level 1:colcon.colcon_core.package_identification:_identify(red_mask) by extensions ['colcon_pkg']
[15.437s] Level 1:colcon.colcon_core.package_identification:_identify(red_mask) by extension 'colcon_pkg'
[15.437s] Level 1:colcon.colcon_core.package_identification:_identify(red_mask) by extensions ['colcon_meta']
[15.437s] Level 1:colcon.colcon_core.package_identification:_identify(red_mask) by extension 'colcon_meta'
[15.438s] Level 1:colcon.colcon_core.package_identification:_identify(red_mask) by extensions ['ros']
[15.438s] Level 1:colcon.colcon_core.package_identification:_identify(red_mask) by extension 'ros'
[15.440s] DEBUG:colcon.colcon_core.package_identification:Package 'red_mask' with type 'ros.ament_python' and name 'red_mask'
[15.441s] Level 1:colcon.colcon_core.package_discovery:discover_packages(recursive) using defaults
[15.441s] Level 1:colcon.colcon_core.package_discovery:discover_packages(ignore) discover
[15.441s] Level 1:colcon.colcon_core.package_discovery:discover_packages(ignore) using defaults
[15.441s] Level 1:colcon.colcon_core.package_discovery:discover_packages(path) discover
[15.441s] Level 1:colcon.colcon_core.package_discovery:discover_packages(path) using defaults
[16.330s] INFO:colcon.colcon_core.package_selection:Skipping not selected package 'puzzlebot_ros' in 'puzzlebot_ros'
[16.824s] Level 1:colcon.colcon_core.package_discovery:discover_packages(prefix_path) check parameters
[16.824s] Level 1:colcon.colcon_core.package_discovery:discover_packages(prefix_path) discover
[17.337s] DEBUG:colcon.colcon_installed_package_information.package_discovery:Found 25 installed packages in /home/puzzlebot/ros2_ws/install
[17.586s] DEBUG:colcon.colcon_installed_package_information.package_discovery:Found 5 installed packages in /home/puzzlebot/ros2_packages_ws/install
[17.837s] DEBUG:colcon.colcon_installed_package_information.package_discovery:Found 276 installed packages in /opt/ros/humble
[17.846s] Level 1:colcon.colcon_core.package_discovery:discover_packages(prefix_path) using defaults
[19.043s] Level 5:colcon.colcon_core.verb:set package 'red_mask' build argument 'cmake_args' from command line to 'None'
[19.043s] Level 5:colcon.colcon_core.verb:set package 'red_mask' build argument 'cmake_target' from command line to 'None'
[19.043s] Level 5:colcon.colcon_core.verb:set package 'red_mask' build argument 'cmake_target_skip_unavailable' from command line to 'False'
[19.044s] Level 5:colcon.colcon_core.verb:set package 'red_mask' build argument 'cmake_clean_cache' from command line to 'False'
[19.044s] Level 5:colcon.colcon_core.verb:set package 'red_mask' build argument 'cmake_clean_first' from command line to 'False'
[19.044s] Level 5:colcon.colcon_core.verb:set package 'red_mask' build argument 'cmake_force_configure' from command line to 'False'
[19.044s] Level 5:colcon.colcon_core.verb:set package 'red_mask' build argument 'ament_cmake_args' from command line to 'None'
[19.044s] Level 5:colcon.colcon_core.verb:set package 'red_mask' build argument 'catkin_cmake_args' from command line to 'None'
[19.044s] Level 5:colcon.colcon_core.verb:set package 'red_mask' build argument 'catkin_skip_building_tests' from command line to 'False'
[19.045s] DEBUG:colcon.colcon_core.verb:Building package 'red_mask' with the following arguments: {'ament_cmake_args': None, 'build_base': '/home/puzzlebot/ros2_ws/src/build/red_mask', 'catkin_cmake_args': None, 'catkin_skip_building_tests': False, 'cmake_args': None, 'cmake_clean_cache': False, 'cmake_clean_first': False, 'cmake_force_configure': False, 'cmake_target': None, 'cmake_target_skip_unavailable': False, 'install_base': '/home/puzzlebot/ros2_ws/src/install/red_mask', 'merge_install': False, 'path': '/home/puzzlebot/ros2_ws/src/red_mask', 'symlink_install': False, 'test_result_base': None}
[19.289s] INFO:colcon.colcon_core.executor:Executing jobs using 'parallel' executor
[19.537s] DEBUG:colcon.colcon_parallel_executor.executor.parallel:run_until_complete
[19.540s] INFO:colcon.colcon_ros.task.ament_python.build:Building ROS package in '/home/puzzlebot/ros2_ws/src/red_mask' with build type 'ament_python'
[19.540s] Level 1:colcon.colcon_core.shell:create_environment_hook('red_mask', 'ament_prefix_path')
[19.819s] INFO:colcon.colcon_core.plugin_system:Skipping extension 'colcon_core.shell.bat': Not used on non-Windows systems
[19.820s] INFO:colcon.colcon_core.shell:Creating environment hook '/home/puzzlebot/ros2_ws/src/install/red_mask/share/red_mask/hook/ament_prefix_path.ps1'
[19.823s] INFO:colcon.colcon_core.shell:Creating environment descriptor '/home/puzzlebot/ros2_ws/src/install/red_mask/share/red_mask/hook/ament_prefix_path.dsv'
[19.826s] INFO:colcon.colcon_core.shell:Creating environment hook '/home/puzzlebot/ros2_ws/src/install/red_mask/share/red_mask/hook/ament_prefix_path.sh'
[20.088s] INFO:colcon.colcon_core.shell:Skip shell extension 'powershell' for command environment: Not usable outside of PowerShell
[20.088s] DEBUG:colcon.colcon_core.shell:Skip shell extension 'dsv' for command environment
[22.552s] INFO:colcon.colcon_core.task.python.build:Building Python package in '/home/puzzlebot/ros2_ws/src/red_mask'
[22.807s] INFO:colcon.colcon_core.shell:Skip shell extension 'powershell' for command environment: Not usable outside of PowerShell
[22.807s] DEBUG:colcon.colcon_core.shell:Skip shell extension 'dsv' for command environment
[26.331s] DEBUG:colcon.colcon_core.event_handler.log_command:Invoking command in '/home/puzzlebot/ros2_ws/src/red_mask': PYTHONPATH=/home/puzzlebot/ros2_ws/src/build/red_mask/prefix_override:/home/puzzlebot/ros2_ws/src/install/red_mask/lib/python3.8/site-packages:${PYTHONPATH} /usr/bin/python3 setup.py egg_info --egg-base ../build/red_mask build --build-base /home/puzzlebot/ros2_ws/src/build/red_mask/build install --record /home/puzzlebot/ros2_ws/src/build/red_mask/install.log --single-version-externally-managed
[28.142s] DEBUG:colcon.colcon_core.event_handler.log_command:Invoked command in '/home/puzzlebot/ros2_ws/src/red_mask' returned '0': PYTHONPATH=/home/puzzlebot/ros2_ws/src/build/red_mask/prefix_override:/home/puzzlebot/ros2_ws/src/install/red_mask/lib/python3.8/site-packages:${PYTHONPATH} /usr/bin/python3 setup.py egg_info --egg-base ../build/red_mask build --build-base /home/puzzlebot/ros2_ws/src/build/red_mask/build install --record /home/puzzlebot/ros2_ws/src/build/red_mask/install.log --single-version-externally-managed
[28.421s] Level 1:colcon.colcon_core.environment:checking '/home/puzzlebot/ros2_ws/src/install/red_mask' for CMake module files
[28.424s] Level 1:colcon.colcon_core.environment:checking '/home/puzzlebot/ros2_ws/src/install/red_mask' for CMake config files
[28.427s] Level 1:colcon.colcon_core.environment:checking '/home/puzzlebot/ros2_ws/src/install/red_mask/lib'
[28.428s] Level 1:colcon.colcon_core.environment:checking '/home/puzzlebot/ros2_ws/src/install/red_mask/bin'
[28.428s] Level 1:colcon.colcon_core.environment:checking '/home/puzzlebot/ros2_ws/src/install/red_mask/lib/pkgconfig/red_mask.pc'
[28.430s] Level 1:colcon.colcon_core.environment:checking '/home/puzzlebot/ros2_ws/src/install/red_mask/lib/python3.8/site-packages'
[28.430s] Level 1:colcon.colcon_core.shell:create_environment_hook('red_mask', 'pythonpath')
[28.689s] INFO:colcon.colcon_core.shell:Creating environment hook '/home/puzzlebot/ros2_ws/src/install/red_mask/share/red_mask/hook/pythonpath.ps1'
[28.691s] INFO:colcon.colcon_core.shell:Creating environment descriptor '/home/puzzlebot/ros2_ws/src/install/red_mask/share/red_mask/hook/pythonpath.dsv'
[28.693s] INFO:colcon.colcon_core.shell:Creating environment hook '/home/puzzlebot/ros2_ws/src/install/red_mask/share/red_mask/hook/pythonpath.sh'
[28.695s] Level 1:colcon.colcon_core.environment:checking '/home/puzzlebot/ros2_ws/src/install/red_mask/bin'
[28.696s] Level 1:colcon.colcon_core.environment:create_environment_scripts_only(red_mask)
[28.950s] INFO:colcon.colcon_core.shell:Creating package script '/home/puzzlebot/ros2_ws/src/install/red_mask/share/red_mask/package.ps1'
[28.956s] INFO:colcon.colcon_core.shell:Creating package descriptor '/home/puzzlebot/ros2_ws/src/install/red_mask/share/red_mask/package.dsv'
[28.959s] INFO:colcon.colcon_core.shell:Creating package script '/home/puzzlebot/ros2_ws/src/install/red_mask/share/red_mask/package.sh'
[28.964s] INFO:colcon.colcon_core.shell:Creating package script '/home/puzzlebot/ros2_ws/src/install/red_mask/share/red_mask/package.bash'
[28.968s] INFO:colcon.colcon_core.shell:Creating package script '/home/puzzlebot/ros2_ws/src/install/red_mask/share/red_mask/package.zsh'
[28.971s] Level 1:colcon.colcon_core.environment:create_file_with_runtime_dependencies(/home/puzzlebot/ros2_ws/src/install/red_mask/share/colcon-core/packages/red_mask)
[28.972s] DEBUG:colcon.colcon_parallel_executor.executor.parallel:closing loop
[28.973s] DEBUG:colcon.colcon_parallel_executor.executor.parallel:loop closed
[28.974s] DEBUG:colcon.colcon_parallel_executor.executor.parallel:run_until_complete finished with '0'
[28.974s] DEBUG:colcon.colcon_core.event_reactor:joining thread
[29.249s] INFO:colcon.colcon_core.plugin_system:Skipping extension 'colcon_notification.desktop_notification.terminal_notifier': Not used on non-Darwin systems
[29.250s] INFO:colcon.colcon_core.plugin_system:Skipping extension 'colcon_notification.desktop_notification.win32': Not used on non-Windows systems
[29.250s] INFO:colcon.colcon_notification.desktop_notification:Sending desktop notification using 'notify2'
[29.755s] DEBUG:colcon.colcon_core.event_reactor:joined thread
[30.037s] INFO:colcon.colcon_core.shell:Creating prefix script '/home/puzzlebot/ros2_ws/src/install/local_setup.ps1'
[30.047s] INFO:colcon.colcon_core.shell:Creating prefix util module '/home/puzzlebot/ros2_ws/src/install/_local_setup_util_ps1.py'
[30.056s] INFO:colcon.colcon_core.shell:Creating prefix chain script '/home/puzzlebot/ros2_ws/src/install/setup.ps1'
[30.327s] INFO:colcon.colcon_core.shell:Creating prefix script '/home/puzzlebot/ros2_ws/src/install/local_setup.sh'
[30.330s] INFO:colcon.colcon_core.shell:Creating prefix util module '/home/puzzlebot/ros2_ws/src/install/_local_setup_util_sh.py'
[30.332s] INFO:colcon.colcon_core.shell:Creating prefix chain script '/home/puzzlebot/ros2_ws/src/install/setup.sh'
[30.599s] INFO:colcon.colcon_core.shell:Creating prefix script '/home/puzzlebot/ros2_ws/src/install/local_setup.bash'
[30.601s] INFO:colcon.colcon_core.shell:Creating prefix chain script '/home/puzzlebot/ros2_ws/src/install/setup.bash'
[30.866s] INFO:colcon.colcon_core.shell:Creating prefix script '/home/puzzlebot/ros2_ws/src/install/local_setup.zsh'
[30.868s] INFO:colcon.colcon_core.shell:Creating prefix chain script '/home/puzzlebot/ros2_ws/src/install/setup.zsh'
