[12.841s] Invoking command in '/home/puzzlebot/ros2_ws/src/pruebados': PYTHONPATH=/home/puzzlebot/ros2_ws/src/build/pruebados/prefix_override:/home/puzzlebot/ros2_ws/src/install/pruebados/lib/python3.8/site-packages:${PYTHONPATH} /usr/bin/python3 setup.py egg_info --egg-base ../build/pruebados build --build-base /home/puzzlebot/ros2_ws/src/build/pruebados/build install --record /home/puzzlebot/ros2_ws/src/build/pruebados/install.log --single-version-externally-managed
[14.106s] running egg_info
[14.109s] writing ../build/pruebados/pruebados.egg-info/PKG-INFO
[14.113s] writing dependency_links to ../build/pruebados/pruebados.egg-info/dependency_links.txt
[14.115s] writing entry points to ../build/pruebados/pruebados.egg-info/entry_points.txt
[14.116s] writing requirements to ../build/pruebados/pruebados.egg-info/requires.txt
[14.117s] writing top-level names to ../build/pruebados/pruebados.egg-info/top_level.txt
[14.294s] reading manifest file '../build/pruebados/pruebados.egg-info/SOURCES.txt'
[14.303s] writing manifest file '../build/pruebados/pruebados.egg-info/SOURCES.txt'
[14.304s] running build
[14.306s] running build_py
[14.309s] running install
[14.314s] running install_lib
[14.324s] running install_data
[14.331s] running install_egg_info
[14.342s] removing '/home/puzzlebot/ros2_ws/src/install/pruebados/lib/python3.8/site-packages/pruebados-0.0.0-py3.8.egg-info' (and everything under it)
[14.344s] Copying ../build/pruebados/pruebados.egg-info to /home/puzzlebot/ros2_ws/src/install/pruebados/lib/python3.8/site-packages/pruebados-0.0.0-py3.8.egg-info
[14.349s] running install_scripts
[14.441s] Installing pruebados script to /home/puzzlebot/ros2_ws/src/install/pruebados/lib/pruebados
[14.443s] writing list of installed files to '/home/puzzlebot/ros2_ws/src/build/pruebados/install.log'
[14.566s] Invoked command in '/home/puzzlebot/ros2_ws/src/pruebados' returned '0': PYTHONPATH=/home/puzzlebot/ros2_ws/src/build/pruebados/prefix_override:/home/puzzlebot/ros2_ws/src/install/pruebados/lib/python3.8/site-packages:${PYTHONPATH} /usr/bin/python3 setup.py egg_info --egg-base ../build/pruebados build --build-base /home/puzzlebot/ros2_ws/src/build/pruebados/build install --record /home/puzzlebot/ros2_ws/src/build/pruebados/install.log --single-version-externally-managed
