[12.093s] DEBUG:colcon:Command line arguments: ['/usr/bin/colcon', 'build']
[12.094s] DEBUG:colcon:Parsed command line arguments: Namespace(allow_overriding=[], ament_cmake_args=None, base_paths=['.'], build_base='build', catkin_cmake_args=None, catkin_skip_building_tests=False, cmake_args=None, cmake_clean_cache=False, cmake_clean_first=False, cmake_force_configure=False, cmake_target=None, cmake_target_skip_unavailable=False, continue_on_error=False, event_handlers=None, executor='parallel', ignore_user_meta=False, install_base='install', log_base=None, log_level=None, main=<bound method BuildVerb.main of <colcon_core.verb.build.BuildVerb object at 0x7fa0506df0>>, merge_install=False, metas=['./colcon.meta'], packages_above=None, packages_above_and_dependencies=None, packages_above_depth=None, packages_end=None, packages_ignore=None, packages_ignore_regex=None, packages_select=None, packages_select_build_failed=False, packages_select_by_dep=None, packages_select_regex=None, packages_select_test_failures=False, packages_skip=None, packages_skip_build_finished=False, packages_skip_by_dep=None, packages_skip_regex=None, packages_skip_test_passed=False, packages_skip_up_to=None, packages_start=None, packages_up_to=None, packages_up_to_regex=None, parallel_workers=4, paths=None, symlink_install=False, test_result_base=None, verb_extension=<colcon_core.verb.build.BuildVerb object at 0x7fa0506df0>, verb_name='build', verb_parser=<colcon_defaults.argument_parser.defaults.DefaultArgumentsDecorator object at 0x7fa0841f40>)
[12.618s] Level 1:colcon.colcon_core.package_discovery:discover_packages(colcon_meta) check parameters
[12.618s] Level 1:colcon.colcon_core.package_discovery:discover_packages(recursive) check parameters
[12.618s] Level 1:colcon.colcon_core.package_discovery:discover_packages(ignore) check parameters
[12.618s] Level 1:colcon.colcon_core.package_discovery:discover_packages(path) check parameters
[12.619s] Level 1:colcon.colcon_core.package_discovery:discover_packages(colcon_meta) discover
[12.619s] Level 1:colcon.colcon_core.package_discovery:discover_packages(recursive) discover
[12.619s] INFO:colcon.colcon_core.package_discovery:Crawling recursively for packages in '/home/puzzlebot/ros2_ws/src'
[12.619s] Level 1:colcon.colcon_core.package_identification:_identify(.) by extensions ['ignore', 'ignore_ament_install']
[12.620s] Level 1:colcon.colcon_core.package_identification:_identify(.) by extension 'ignore'
[12.620s] Level 1:colcon.colcon_core.package_identification:_identify(.) by extension 'ignore_ament_install'
[12.620s] Level 1:colcon.colcon_core.package_identification:_identify(.) by extensions ['colcon_pkg']
[12.620s] Level 1:colcon.colcon_core.package_identification:_identify(.) by extension 'colcon_pkg'
[12.621s] Level 1:colcon.colcon_core.package_identification:_identify(.) by extensions ['colcon_meta']
[12.621s] Level 1:colcon.colcon_core.package_identification:_identify(.) by extension 'colcon_meta'
[12.621s] Level 1:colcon.colcon_core.package_identification:_identify(.) by extensions ['ros']
[12.621s] Level 1:colcon.colcon_core.package_identification:_identify(.) by extension 'ros'
[12.666s] Level 1:colcon.colcon_core.package_identification:_identify(.) by extensions ['cmake', 'python']
[12.667s] Level 1:colcon.colcon_core.package_identification:_identify(.) by extension 'cmake'
[12.667s] Level 1:colcon.colcon_core.package_identification:_identify(.) by extension 'python'
[12.667s] Level 1:colcon.colcon_core.package_identification:_identify(.) by extensions ['python_setup_py']
[12.667s] Level 1:colcon.colcon_core.package_identification:_identify(.) by extension 'python_setup_py'
[12.668s] Level 1:colcon.colcon_core.package_identification:_identify(azul) by extensions ['ignore', 'ignore_ament_install']
[12.668s] Level 1:colcon.colcon_core.package_identification:_identify(azul) by extension 'ignore'
[12.668s] Level 1:colcon.colcon_core.package_identification:_identify(azul) by extension 'ignore_ament_install'
[12.668s] Level 1:colcon.colcon_core.package_identification:_identify(azul) by extensions ['colcon_pkg']
[12.669s] Level 1:colcon.colcon_core.package_identification:_identify(azul) by extension 'colcon_pkg'
[12.669s] Level 1:colcon.colcon_core.package_identification:_identify(azul) by extensions ['colcon_meta']
[12.669s] Level 1:colcon.colcon_core.package_identification:_identify(azul) by extension 'colcon_meta'
[12.669s] Level 1:colcon.colcon_core.package_identification:_identify(azul) by extensions ['ros']
[12.669s] Level 1:colcon.colcon_core.package_identification:_identify(azul) by extension 'ros'
[12.680s] DEBUG:colcon.colcon_core.package_identification:Package 'azul' with type 'ros.ament_python' and name 'azul'
[12.681s] Level 1:colcon.colcon_core.package_identification:_identify(build) by extensions ['ignore', 'ignore_ament_install']
[12.681s] Level 1:colcon.colcon_core.package_identification:_identify(build) by extension 'ignore'
[12.682s] Level 1:colcon.colcon_core.package_identification:_identify(build) ignored
[12.682s] Level 1:colcon.colcon_core.package_identification:_identify(color_identification) by extensions ['ignore', 'ignore_ament_install']
[12.683s] Level 1:colcon.colcon_core.package_identification:_identify(color_identification) by extension 'ignore'
[12.683s] Level 1:colcon.colcon_core.package_identification:_identify(color_identification) by extension 'ignore_ament_install'
[12.683s] Level 1:colcon.colcon_core.package_identification:_identify(color_identification) by extensions ['colcon_pkg']
[12.684s] Level 1:colcon.colcon_core.package_identification:_identify(color_identification) by extension 'colcon_pkg'
[12.684s] Level 1:colcon.colcon_core.package_identification:_identify(color_identification) by extensions ['colcon_meta']
[12.684s] Level 1:colcon.colcon_core.package_identification:_identify(color_identification) by extension 'colcon_meta'
[12.684s] Level 1:colcon.colcon_core.package_identification:_identify(color_identification) by extensions ['ros']
[12.684s] Level 1:colcon.colcon_core.package_identification:_identify(color_identification) by extension 'ros'
[12.688s] DEBUG:colcon.colcon_core.package_identification:Package 'color_identification' with type 'ros.ament_python' and name 'color_identification'
[12.688s] Level 1:colcon.colcon_core.package_identification:_identify(install) by extensions ['ignore', 'ignore_ament_install']
[12.689s] Level 1:colcon.colcon_core.package_identification:_identify(install) by extension 'ignore'
[12.689s] Level 1:colcon.colcon_core.package_identification:_identify(install) ignored
[12.690s] Level 1:colcon.colcon_core.package_identification:_identify(log) by extensions ['ignore', 'ignore_ament_install']
[12.690s] Level 1:colcon.colcon_core.package_identification:_identify(log) by extension 'ignore'
[12.690s] Level 1:colcon.colcon_core.package_identification:_identify(log) ignored
[12.691s] Level 1:colcon.colcon_core.package_identification:_identify(odometry) by extensions ['ignore', 'ignore_ament_install']
[12.691s] Level 1:colcon.colcon_core.package_identification:_identify(odometry) by extension 'ignore'
[12.691s] Level 1:colcon.colcon_core.package_identification:_identify(odometry) by extension 'ignore_ament_install'
[12.692s] Level 1:colcon.colcon_core.package_identification:_identify(odometry) by extensions ['colcon_pkg']
[12.692s] Level 1:colcon.colcon_core.package_identification:_identify(odometry) by extension 'colcon_pkg'
[12.692s] Level 1:colcon.colcon_core.package_identification:_identify(odometry) by extensions ['colcon_meta']
[12.692s] Level 1:colcon.colcon_core.package_identification:_identify(odometry) by extension 'colcon_meta'
[12.692s] Level 1:colcon.colcon_core.package_identification:_identify(odometry) by extensions ['ros']
[12.693s] Level 1:colcon.colcon_core.package_identification:_identify(odometry) by extension 'ros'
[12.696s] DEBUG:colcon.colcon_core.package_identification:Package 'odometry' with type 'ros.ament_python' and name 'odometry'
[12.698s] Level 1:colcon.colcon_core.package_identification:_identify(pruebados) by extensions ['ignore', 'ignore_ament_install']
[12.699s] Level 1:colcon.colcon_core.package_identification:_identify(pruebados) by extension 'ignore'
[12.699s] Level 1:colcon.colcon_core.package_identification:_identify(pruebados) by extension 'ignore_ament_install'
[12.700s] Level 1:colcon.colcon_core.package_identification:_identify(pruebados) by extensions ['colcon_pkg']
[12.700s] Level 1:colcon.colcon_core.package_identification:_identify(pruebados) by extension 'colcon_pkg'
[12.700s] Level 1:colcon.colcon_core.package_identification:_identify(pruebados) by extensions ['colcon_meta']
[12.700s] Level 1:colcon.colcon_core.package_identification:_identify(pruebados) by extension 'colcon_meta'
[12.700s] Level 1:colcon.colcon_core.package_identification:_identify(pruebados) by extensions ['ros']
[12.701s] Level 1:colcon.colcon_core.package_identification:_identify(pruebados) by extension 'ros'
[12.703s] DEBUG:colcon.colcon_core.package_identification:Package 'pruebados' with type 'ros.ament_python' and name 'pruebados'
[12.704s] Level 1:colcon.colcon_core.package_identification:_identify(puzzlebot_ros) by extensions ['ignore', 'ignore_ament_install']
[12.704s] Level 1:colcon.colcon_core.package_identification:_identify(puzzlebot_ros) by extension 'ignore'
[12.705s] Level 1:colcon.colcon_core.package_identification:_identify(puzzlebot_ros) by extension 'ignore_ament_install'
[12.705s] Level 1:colcon.colcon_core.package_identification:_identify(puzzlebot_ros) by extensions ['colcon_pkg']
[12.705s] Level 1:colcon.colcon_core.package_identification:_identify(puzzlebot_ros) by extension 'colcon_pkg'
[12.705s] Level 1:colcon.colcon_core.package_identification:_identify(puzzlebot_ros) by extensions ['colcon_meta']
[12.706s] Level 1:colcon.colcon_core.package_identification:_identify(puzzlebot_ros) by extension 'colcon_meta'
[12.706s] Level 1:colcon.colcon_core.package_identification:_identify(puzzlebot_ros) by extensions ['ros']
[12.706s] Level 1:colcon.colcon_core.package_identification:_identify(puzzlebot_ros) by extension 'ros'
[12.709s] DEBUG:colcon.colcon_core.package_identification:Package 'puzzlebot_ros' with type 'ros.ament_python' and name 'puzzlebot_ros'
[12.709s] Level 1:colcon.colcon_core.package_identification:_identify(rojouno) by extensions ['ignore', 'ignore_ament_install']
[12.710s] Level 1:colcon.colcon_core.package_identification:_identify(rojouno) by extension 'ignore'
[12.710s] Level 1:colcon.colcon_core.package_identification:_identify(rojouno) by extension 'ignore_ament_install'
[12.710s] Level 1:colcon.colcon_core.package_identification:_identify(rojouno) by extensions ['colcon_pkg']
[12.710s] Level 1:colcon.colcon_core.package_identification:_identify(rojouno) by extension 'colcon_pkg'
[12.711s] Level 1:colcon.colcon_core.package_identification:_identify(rojouno) by extensions ['colcon_meta']
[12.711s] Level 1:colcon.colcon_core.package_identification:_identify(rojouno) by extension 'colcon_meta'
[12.711s] Level 1:colcon.colcon_core.package_identification:_identify(rojouno) by extensions ['ros']
[12.711s] Level 1:colcon.colcon_core.package_identification:_identify(rojouno) by extension 'ros'
[12.714s] DEBUG:colcon.colcon_core.package_identification:Package 'rojouno' with type 'ros.ament_python' and name 'rojouno'
[12.715s] Level 1:colcon.colcon_core.package_identification:_identify(zoe) by extensions ['ignore', 'ignore_ament_install']
[12.715s] Level 1:colcon.colcon_core.package_identification:_identify(zoe) by extension 'ignore'
[12.716s] Level 1:colcon.colcon_core.package_identification:_identify(zoe) by extension 'ignore_ament_install'
[12.716s] Level 1:colcon.colcon_core.package_identification:_identify(zoe) by extensions ['colcon_pkg']
[12.716s] Level 1:colcon.colcon_core.package_identification:_identify(zoe) by extension 'colcon_pkg'
[12.716s] Level 1:colcon.colcon_core.package_identification:_identify(zoe) by extensions ['colcon_meta']
[12.717s] Level 1:colcon.colcon_core.package_identification:_identify(zoe) by extension 'colcon_meta'
[12.717s] Level 1:colcon.colcon_core.package_identification:_identify(zoe) by extensions ['ros']
[12.717s] Level 1:colcon.colcon_core.package_identification:_identify(zoe) by extension 'ros'
[12.722s] DEBUG:colcon.colcon_core.package_identification:Package 'zoe' with type 'ros.ament_python' and name 'zoe'
[12.722s] Level 1:colcon.colcon_core.package_identification:_identify(zowe) by extensions ['ignore', 'ignore_ament_install']
[12.723s] Level 1:colcon.colcon_core.package_identification:_identify(zowe) by extension 'ignore'
[12.723s] Level 1:colcon.colcon_core.package_identification:_identify(zowe) by extension 'ignore_ament_install'
[12.723s] Level 1:colcon.colcon_core.package_identification:_identify(zowe) by extensions ['colcon_pkg']
[12.723s] Level 1:colcon.colcon_core.package_identification:_identify(zowe) by extension 'colcon_pkg'
[12.723s] Level 1:colcon.colcon_core.package_identification:_identify(zowe) by extensions ['colcon_meta']
[12.724s] Level 1:colcon.colcon_core.package_identification:_identify(zowe) by extension 'colcon_meta'
[12.724s] Level 1:colcon.colcon_core.package_identification:_identify(zowe) by extensions ['ros']
[12.724s] Level 1:colcon.colcon_core.package_identification:_identify(zowe) by extension 'ros'
[12.727s] DEBUG:colcon.colcon_core.package_identification:Package 'zowe' with type 'ros.ament_python' and name 'zowe'
[12.727s] Level 1:colcon.colcon_core.package_discovery:discover_packages(recursive) using defaults
[12.727s] Level 1:colcon.colcon_core.package_discovery:discover_packages(ignore) discover
[12.727s] Level 1:colcon.colcon_core.package_discovery:discover_packages(ignore) using defaults
[12.727s] Level 1:colcon.colcon_core.package_discovery:discover_packages(path) discover
[12.727s] Level 1:colcon.colcon_core.package_discovery:discover_packages(path) using defaults
[13.829s] Level 1:colcon.colcon_core.package_discovery:discover_packages(prefix_path) check parameters
[13.829s] Level 1:colcon.colcon_core.package_discovery:discover_packages(prefix_path) discover
[14.244s] DEBUG:colcon.colcon_installed_package_information.package_discovery:Found 9 installed packages in /home/puzzlebot/ros2_ws/install
[14.448s] DEBUG:colcon.colcon_installed_package_information.package_discovery:Found 5 installed packages in /home/puzzlebot/ros2_packages_ws/install
[14.699s] DEBUG:colcon.colcon_installed_package_information.package_discovery:Found 276 installed packages in /opt/ros/humble
[14.707s] Level 1:colcon.colcon_core.package_discovery:discover_packages(prefix_path) using defaults
[15.526s] Level 5:colcon.colcon_core.verb:set package 'azul' build argument 'cmake_args' from command line to 'None'
[15.526s] Level 5:colcon.colcon_core.verb:set package 'azul' build argument 'cmake_target' from command line to 'None'
[15.526s] Level 5:colcon.colcon_core.verb:set package 'azul' build argument 'cmake_target_skip_unavailable' from command line to 'False'
[15.526s] Level 5:colcon.colcon_core.verb:set package 'azul' build argument 'cmake_clean_cache' from command line to 'False'
[15.526s] Level 5:colcon.colcon_core.verb:set package 'azul' build argument 'cmake_clean_first' from command line to 'False'
[15.526s] Level 5:colcon.colcon_core.verb:set package 'azul' build argument 'cmake_force_configure' from command line to 'False'
[15.527s] Level 5:colcon.colcon_core.verb:set package 'azul' build argument 'ament_cmake_args' from command line to 'None'
[15.527s] Level 5:colcon.colcon_core.verb:set package 'azul' build argument 'catkin_cmake_args' from command line to 'None'
[15.527s] Level 5:colcon.colcon_core.verb:set package 'azul' build argument 'catkin_skip_building_tests' from command line to 'False'
[15.527s] DEBUG:colcon.colcon_core.verb:Building package 'azul' with the following arguments: {'ament_cmake_args': None, 'build_base': '/home/puzzlebot/ros2_ws/src/build/azul', 'catkin_cmake_args': None, 'catkin_skip_building_tests': False, 'cmake_args': None, 'cmake_clean_cache': False, 'cmake_clean_first': False, 'cmake_force_configure': False, 'cmake_target': None, 'cmake_target_skip_unavailable': False, 'install_base': '/home/puzzlebot/ros2_ws/src/install/azul', 'merge_install': False, 'path': '/home/puzzlebot/ros2_ws/src/azul', 'symlink_install': False, 'test_result_base': None}
[15.729s] Level 5:colcon.colcon_core.verb:set package 'color_identification' build argument 'cmake_args' from command line to 'None'
[15.729s] Level 5:colcon.colcon_core.verb:set package 'color_identification' build argument 'cmake_target' from command line to 'None'
[15.729s] Level 5:colcon.colcon_core.verb:set package 'color_identification' build argument 'cmake_target_skip_unavailable' from command line to 'False'
[15.729s] Level 5:colcon.colcon_core.verb:set package 'color_identification' build argument 'cmake_clean_cache' from command line to 'False'
[15.729s] Level 5:colcon.colcon_core.verb:set package 'color_identification' build argument 'cmake_clean_first' from command line to 'False'
[15.729s] Level 5:colcon.colcon_core.verb:set package 'color_identification' build argument 'cmake_force_configure' from command line to 'False'
[15.729s] Level 5:colcon.colcon_core.verb:set package 'color_identification' build argument 'ament_cmake_args' from command line to 'None'
[15.730s] Level 5:colcon.colcon_core.verb:set package 'color_identification' build argument 'catkin_cmake_args' from command line to 'None'
[15.730s] Level 5:colcon.colcon_core.verb:set package 'color_identification' build argument 'catkin_skip_building_tests' from command line to 'False'
[15.730s] DEBUG:colcon.colcon_core.verb:Building package 'color_identification' with the following arguments: {'ament_cmake_args': None, 'build_base': '/home/puzzlebot/ros2_ws/src/build/color_identification', 'catkin_cmake_args': None, 'catkin_skip_building_tests': False, 'cmake_args': None, 'cmake_clean_cache': False, 'cmake_clean_first': False, 'cmake_force_configure': False, 'cmake_target': None, 'cmake_target_skip_unavailable': False, 'install_base': '/home/puzzlebot/ros2_ws/src/install/color_identification', 'merge_install': False, 'path': '/home/puzzlebot/ros2_ws/src/color_identification', 'symlink_install': False, 'test_result_base': None}
[15.931s] Level 5:colcon.colcon_core.verb:set package 'odometry' build argument 'cmake_args' from command line to 'None'
[15.931s] Level 5:colcon.colcon_core.verb:set package 'odometry' build argument 'cmake_target' from command line to 'None'
[15.932s] Level 5:colcon.colcon_core.verb:set package 'odometry' build argument 'cmake_target_skip_unavailable' from command line to 'False'
[15.932s] Level 5:colcon.colcon_core.verb:set package 'odometry' build argument 'cmake_clean_cache' from command line to 'False'
[15.932s] Level 5:colcon.colcon_core.verb:set package 'odometry' build argument 'cmake_clean_first' from command line to 'False'
[15.932s] Level 5:colcon.colcon_core.verb:set package 'odometry' build argument 'cmake_force_configure' from command line to 'False'
[15.932s] Level 5:colcon.colcon_core.verb:set package 'odometry' build argument 'ament_cmake_args' from command line to 'None'
[15.932s] Level 5:colcon.colcon_core.verb:set package 'odometry' build argument 'catkin_cmake_args' from command line to 'None'
[15.932s] Level 5:colcon.colcon_core.verb:set package 'odometry' build argument 'catkin_skip_building_tests' from command line to 'False'
[15.932s] DEBUG:colcon.colcon_core.verb:Building package 'odometry' with the following arguments: {'ament_cmake_args': None, 'build_base': '/home/puzzlebot/ros2_ws/src/build/odometry', 'catkin_cmake_args': None, 'catkin_skip_building_tests': False, 'cmake_args': None, 'cmake_clean_cache': False, 'cmake_clean_first': False, 'cmake_force_configure': False, 'cmake_target': None, 'cmake_target_skip_unavailable': False, 'install_base': '/home/puzzlebot/ros2_ws/src/install/odometry', 'merge_install': False, 'path': '/home/puzzlebot/ros2_ws/src/odometry', 'symlink_install': False, 'test_result_base': None}
[16.135s] Level 5:colcon.colcon_core.verb:set package 'pruebados' build argument 'cmake_args' from command line to 'None'
[16.135s] Level 5:colcon.colcon_core.verb:set package 'pruebados' build argument 'cmake_target' from command line to 'None'
[16.135s] Level 5:colcon.colcon_core.verb:set package 'pruebados' build argument 'cmake_target_skip_unavailable' from command line to 'False'
[16.135s] Level 5:colcon.colcon_core.verb:set package 'pruebados' build argument 'cmake_clean_cache' from command line to 'False'
[16.135s] Level 5:colcon.colcon_core.verb:set package 'pruebados' build argument 'cmake_clean_first' from command line to 'False'
[16.135s] Level 5:colcon.colcon_core.verb:set package 'pruebados' build argument 'cmake_force_configure' from command line to 'False'
[16.136s] Level 5:colcon.colcon_core.verb:set package 'pruebados' build argument 'ament_cmake_args' from command line to 'None'
[16.136s] Level 5:colcon.colcon_core.verb:set package 'pruebados' build argument 'catkin_cmake_args' from command line to 'None'
[16.136s] Level 5:colcon.colcon_core.verb:set package 'pruebados' build argument 'catkin_skip_building_tests' from command line to 'False'
[16.136s] DEBUG:colcon.colcon_core.verb:Building package 'pruebados' with the following arguments: {'ament_cmake_args': None, 'build_base': '/home/puzzlebot/ros2_ws/src/build/pruebados', 'catkin_cmake_args': None, 'catkin_skip_building_tests': False, 'cmake_args': None, 'cmake_clean_cache': False, 'cmake_clean_first': False, 'cmake_force_configure': False, 'cmake_target': None, 'cmake_target_skip_unavailable': False, 'install_base': '/home/puzzlebot/ros2_ws/src/install/pruebados', 'merge_install': False, 'path': '/home/puzzlebot/ros2_ws/src/pruebados', 'symlink_install': False, 'test_result_base': None}
[16.339s] Level 5:colcon.colcon_core.verb:set package 'puzzlebot_ros' build argument 'cmake_args' from command line to 'None'
[16.339s] Level 5:colcon.colcon_core.verb:set package 'puzzlebot_ros' build argument 'cmake_target' from command line to 'None'
[16.339s] Level 5:colcon.colcon_core.verb:set package 'puzzlebot_ros' build argument 'cmake_target_skip_unavailable' from command line to 'False'
[16.339s] Level 5:colcon.colcon_core.verb:set package 'puzzlebot_ros' build argument 'cmake_clean_cache' from command line to 'False'
[16.339s] Level 5:colcon.colcon_core.verb:set package 'puzzlebot_ros' build argument 'cmake_clean_first' from command line to 'False'
[16.339s] Level 5:colcon.colcon_core.verb:set package 'puzzlebot_ros' build argument 'cmake_force_configure' from command line to 'False'
[16.340s] Level 5:colcon.colcon_core.verb:set package 'puzzlebot_ros' build argument 'ament_cmake_args' from command line to 'None'
[16.340s] Level 5:colcon.colcon_core.verb:set package 'puzzlebot_ros' build argument 'catkin_cmake_args' from command line to 'None'
[16.340s] Level 5:colcon.colcon_core.verb:set package 'puzzlebot_ros' build argument 'catkin_skip_building_tests' from command line to 'False'
[16.340s] DEBUG:colcon.colcon_core.verb:Building package 'puzzlebot_ros' with the following arguments: {'ament_cmake_args': None, 'build_base': '/home/puzzlebot/ros2_ws/src/build/puzzlebot_ros', 'catkin_cmake_args': None, 'catkin_skip_building_tests': False, 'cmake_args': None, 'cmake_clean_cache': False, 'cmake_clean_first': False, 'cmake_force_configure': False, 'cmake_target': None, 'cmake_target_skip_unavailable': False, 'install_base': '/home/puzzlebot/ros2_ws/src/install/puzzlebot_ros', 'merge_install': False, 'path': '/home/puzzlebot/ros2_ws/src/puzzlebot_ros', 'symlink_install': False, 'test_result_base': None}
[16.544s] Level 5:colcon.colcon_core.verb:set package 'rojouno' build argument 'cmake_args' from command line to 'None'
[16.545s] Level 5:colcon.colcon_core.verb:set package 'rojouno' build argument 'cmake_target' from command line to 'None'
[16.545s] Level 5:colcon.colcon_core.verb:set package 'rojouno' build argument 'cmake_target_skip_unavailable' from command line to 'False'
[16.545s] Level 5:colcon.colcon_core.verb:set package 'rojouno' build argument 'cmake_clean_cache' from command line to 'False'
[16.545s] Level 5:colcon.colcon_core.verb:set package 'rojouno' build argument 'cmake_clean_first' from command line to 'False'
[16.545s] Level 5:colcon.colcon_core.verb:set package 'rojouno' build argument 'cmake_force_configure' from command line to 'False'
[16.545s] Level 5:colcon.colcon_core.verb:set package 'rojouno' build argument 'ament_cmake_args' from command line to 'None'
[16.545s] Level 5:colcon.colcon_core.verb:set package 'rojouno' build argument 'catkin_cmake_args' from command line to 'None'
[16.545s] Level 5:colcon.colcon_core.verb:set package 'rojouno' build argument 'catkin_skip_building_tests' from command line to 'False'
[16.546s] DEBUG:colcon.colcon_core.verb:Building package 'rojouno' with the following arguments: {'ament_cmake_args': None, 'build_base': '/home/puzzlebot/ros2_ws/src/build/rojouno', 'catkin_cmake_args': None, 'catkin_skip_building_tests': False, 'cmake_args': None, 'cmake_clean_cache': False, 'cmake_clean_first': False, 'cmake_force_configure': False, 'cmake_target': None, 'cmake_target_skip_unavailable': False, 'install_base': '/home/puzzlebot/ros2_ws/src/install/rojouno', 'merge_install': False, 'path': '/home/puzzlebot/ros2_ws/src/rojouno', 'symlink_install': False, 'test_result_base': None}
[16.749s] Level 5:colcon.colcon_core.verb:set package 'zoe' build argument 'cmake_args' from command line to 'None'
[16.749s] Level 5:colcon.colcon_core.verb:set package 'zoe' build argument 'cmake_target' from command line to 'None'
[16.750s] Level 5:colcon.colcon_core.verb:set package 'zoe' build argument 'cmake_target_skip_unavailable' from command line to 'False'
[16.750s] Level 5:colcon.colcon_core.verb:set package 'zoe' build argument 'cmake_clean_cache' from command line to 'False'
[16.750s] Level 5:colcon.colcon_core.verb:set package 'zoe' build argument 'cmake_clean_first' from command line to 'False'
[16.750s] Level 5:colcon.colcon_core.verb:set package 'zoe' build argument 'cmake_force_configure' from command line to 'False'
[16.750s] Level 5:colcon.colcon_core.verb:set package 'zoe' build argument 'ament_cmake_args' from command line to 'None'
[16.750s] Level 5:colcon.colcon_core.verb:set package 'zoe' build argument 'catkin_cmake_args' from command line to 'None'
[16.750s] Level 5:colcon.colcon_core.verb:set package 'zoe' build argument 'catkin_skip_building_tests' from command line to 'False'
[16.750s] DEBUG:colcon.colcon_core.verb:Building package 'zoe' with the following arguments: {'ament_cmake_args': None, 'build_base': '/home/puzzlebot/ros2_ws/src/build/zoe', 'catkin_cmake_args': None, 'catkin_skip_building_tests': False, 'cmake_args': None, 'cmake_clean_cache': False, 'cmake_clean_first': False, 'cmake_force_configure': False, 'cmake_target': None, 'cmake_target_skip_unavailable': False, 'install_base': '/home/puzzlebot/ros2_ws/src/install/zoe', 'merge_install': False, 'path': '/home/puzzlebot/ros2_ws/src/zoe', 'symlink_install': False, 'test_result_base': None}
[17.007s] Level 5:colcon.colcon_core.verb:set package 'zowe' build argument 'cmake_args' from command line to 'None'
[17.008s] Level 5:colcon.colcon_core.verb:set package 'zowe' build argument 'cmake_target' from command line to 'None'
[17.008s] Level 5:colcon.colcon_core.verb:set package 'zowe' build argument 'cmake_target_skip_unavailable' from command line to 'False'
[17.008s] Level 5:colcon.colcon_core.verb:set package 'zowe' build argument 'cmake_clean_cache' from command line to 'False'
[17.008s] Level 5:colcon.colcon_core.verb:set package 'zowe' build argument 'cmake_clean_first' from command line to 'False'
[17.008s] Level 5:colcon.colcon_core.verb:set package 'zowe' build argument 'cmake_force_configure' from command line to 'False'
[17.008s] Level 5:colcon.colcon_core.verb:set package 'zowe' build argument 'ament_cmake_args' from command line to 'None'
[17.008s] Level 5:colcon.colcon_core.verb:set package 'zowe' build argument 'catkin_cmake_args' from command line to 'None'
[17.009s] Level 5:colcon.colcon_core.verb:set package 'zowe' build argument 'catkin_skip_building_tests' from command line to 'False'
[17.009s] DEBUG:colcon.colcon_core.verb:Building package 'zowe' with the following arguments: {'ament_cmake_args': None, 'build_base': '/home/puzzlebot/ros2_ws/src/build/zowe', 'catkin_cmake_args': None, 'catkin_skip_building_tests': False, 'cmake_args': None, 'cmake_clean_cache': False, 'cmake_clean_first': False, 'cmake_force_configure': False, 'cmake_target': None, 'cmake_target_skip_unavailable': False, 'install_base': '/home/puzzlebot/ros2_ws/src/install/zowe', 'merge_install': False, 'path': '/home/puzzlebot/ros2_ws/src/zowe', 'symlink_install': False, 'test_result_base': None}
[17.211s] INFO:colcon.colcon_core.executor:Executing jobs using 'parallel' executor
[17.417s] DEBUG:colcon.colcon_parallel_executor.executor.parallel:run_until_complete
[17.418s] INFO:colcon.colcon_ros.task.ament_python.build:Building ROS package in '/home/puzzlebot/ros2_ws/src/azul' with build type 'ament_python'
[17.418s] Level 1:colcon.colcon_core.shell:create_environment_hook('azul', 'ament_prefix_path')
[17.642s] INFO:colcon.colcon_core.plugin_system:Skipping extension 'colcon_core.shell.bat': Not used on non-Windows systems
[17.643s] INFO:colcon.colcon_core.shell:Creating environment hook '/home/puzzlebot/ros2_ws/src/install/azul/share/azul/hook/ament_prefix_path.ps1'
[17.646s] INFO:colcon.colcon_core.shell:Creating environment descriptor '/home/puzzlebot/ros2_ws/src/install/azul/share/azul/hook/ament_prefix_path.dsv'
[17.648s] INFO:colcon.colcon_core.shell:Creating environment hook '/home/puzzlebot/ros2_ws/src/install/azul/share/azul/hook/ament_prefix_path.sh'
[17.864s] INFO:colcon.colcon_core.shell:Skip shell extension 'powershell' for command environment: Not usable outside of PowerShell
[17.864s] DEBUG:colcon.colcon_core.shell:Skip shell extension 'dsv' for command environment
[18.732s] INFO:colcon.colcon_ros.task.ament_python.build:Building ROS package in '/home/puzzlebot/ros2_ws/src/color_identification' with build type 'ament_python'
[18.733s] Level 1:colcon.colcon_core.shell:create_environment_hook('color_identification', 'ament_prefix_path')
[18.948s] INFO:colcon.colcon_core.shell:Creating environment hook '/home/puzzlebot/ros2_ws/src/install/color_identification/share/color_identification/hook/ament_prefix_path.ps1'
[18.952s] INFO:colcon.colcon_core.shell:Creating environment descriptor '/home/puzzlebot/ros2_ws/src/install/color_identification/share/color_identification/hook/ament_prefix_path.dsv'
[18.954s] INFO:colcon.colcon_core.shell:Creating environment hook '/home/puzzlebot/ros2_ws/src/install/color_identification/share/color_identification/hook/ament_prefix_path.sh'
[19.168s] INFO:colcon.colcon_core.shell:Skip shell extension 'powershell' for command environment: Not usable outside of PowerShell
[19.168s] DEBUG:colcon.colcon_core.shell:Skip shell extension 'dsv' for command environment
[20.048s] INFO:colcon.colcon_ros.task.ament_python.build:Building ROS package in '/home/puzzlebot/ros2_ws/src/odometry' with build type 'ament_python'
[20.049s] Level 1:colcon.colcon_core.shell:create_environment_hook('odometry', 'ament_prefix_path')
[20.263s] INFO:colcon.colcon_core.shell:Creating environment hook '/home/puzzlebot/ros2_ws/src/install/odometry/share/odometry/hook/ament_prefix_path.ps1'
[20.270s] INFO:colcon.colcon_core.shell:Creating environment descriptor '/home/puzzlebot/ros2_ws/src/install/odometry/share/odometry/hook/ament_prefix_path.dsv'
[20.271s] INFO:colcon.colcon_core.shell:Creating environment hook '/home/puzzlebot/ros2_ws/src/install/odometry/share/odometry/hook/ament_prefix_path.sh'
[20.486s] INFO:colcon.colcon_core.shell:Skip shell extension 'powershell' for command environment: Not usable outside of PowerShell
[20.486s] DEBUG:colcon.colcon_core.shell:Skip shell extension 'dsv' for command environment
[21.359s] INFO:colcon.colcon_ros.task.ament_python.build:Building ROS package in '/home/puzzlebot/ros2_ws/src/pruebados' with build type 'ament_python'
[21.360s] Level 1:colcon.colcon_core.shell:create_environment_hook('pruebados', 'ament_prefix_path')
[21.574s] INFO:colcon.colcon_core.shell:Creating environment hook '/home/puzzlebot/ros2_ws/src/install/pruebados/share/pruebados/hook/ament_prefix_path.ps1'
[21.582s] INFO:colcon.colcon_core.shell:Creating environment descriptor '/home/puzzlebot/ros2_ws/src/install/pruebados/share/pruebados/hook/ament_prefix_path.dsv'
[21.584s] INFO:colcon.colcon_core.shell:Creating environment hook '/home/puzzlebot/ros2_ws/src/install/pruebados/share/pruebados/hook/ament_prefix_path.sh'
[21.796s] INFO:colcon.colcon_core.shell:Skip shell extension 'powershell' for command environment: Not usable outside of PowerShell
[21.797s] DEBUG:colcon.colcon_core.shell:Skip shell extension 'dsv' for command environment
[23.877s] INFO:colcon.colcon_core.task.python.build:Building Python package in '/home/puzzlebot/ros2_ws/src/azul'
[24.092s] INFO:colcon.colcon_core.shell:Skip shell extension 'powershell' for command environment: Not usable outside of PowerShell
[24.092s] DEBUG:colcon.colcon_core.shell:Skip shell extension 'dsv' for command environment
[26.100s] INFO:colcon.colcon_core.task.python.build:Building Python package in '/home/puzzlebot/ros2_ws/src/color_identification'
[26.318s] INFO:colcon.colcon_core.shell:Skip shell extension 'powershell' for command environment: Not usable outside of PowerShell
[26.318s] DEBUG:colcon.colcon_core.shell:Skip shell extension 'dsv' for command environment
[28.388s] INFO:colcon.colcon_core.task.python.build:Building Python package in '/home/puzzlebot/ros2_ws/src/odometry'
[28.637s] INFO:colcon.colcon_core.shell:Skip shell extension 'powershell' for command environment: Not usable outside of PowerShell
[28.638s] DEBUG:colcon.colcon_core.shell:Skip shell extension 'dsv' for command environment
[30.670s] INFO:colcon.colcon_core.task.python.build:Building Python package in '/home/puzzlebot/ros2_ws/src/pruebados'
[30.887s] INFO:colcon.colcon_core.shell:Skip shell extension 'powershell' for command environment: Not usable outside of PowerShell
[30.887s] DEBUG:colcon.colcon_core.shell:Skip shell extension 'dsv' for command environment
[34.203s] DEBUG:colcon.colcon_core.event_handler.log_command:Invoking command in '/home/puzzlebot/ros2_ws/src/pruebados': PYTHONPATH=/home/puzzlebot/ros2_ws/src/build/pruebados/prefix_override:/home/puzzlebot/ros2_ws/src/install/pruebados/lib/python3.8/site-packages:${PYTHONPATH} /usr/bin/python3 setup.py egg_info --egg-base ../build/pruebados build --build-base /home/puzzlebot/ros2_ws/src/build/pruebados/build install --record /home/puzzlebot/ros2_ws/src/build/pruebados/install.log --single-version-externally-managed
[34.248s] DEBUG:colcon.colcon_core.event_handler.log_command:Invoking command in '/home/puzzlebot/ros2_ws/src/odometry': PYTHONPATH=/home/puzzlebot/ros2_ws/src/build/odometry/prefix_override:/home/puzzlebot/ros2_ws/src/install/odometry/lib/python3.8/site-packages:${PYTHONPATH} /usr/bin/python3 setup.py egg_info --egg-base ../build/odometry build --build-base /home/puzzlebot/ros2_ws/src/build/odometry/build install --record /home/puzzlebot/ros2_ws/src/build/odometry/install.log --single-version-externally-managed
[34.260s] DEBUG:colcon.colcon_core.event_handler.log_command:Invoking command in '/home/puzzlebot/ros2_ws/src/color_identification': PYTHONPATH=/home/puzzlebot/ros2_ws/src/build/color_identification/prefix_override:/home/puzzlebot/ros2_ws/src/install/color_identification/lib/python3.8/site-packages:${PYTHONPATH} /usr/bin/python3 setup.py egg_info --egg-base ../build/color_identification build --build-base /home/puzzlebot/ros2_ws/src/build/color_identification/build install --record /home/puzzlebot/ros2_ws/src/build/color_identification/install.log --single-version-externally-managed
[34.289s] DEBUG:colcon.colcon_core.event_handler.log_command:Invoking command in '/home/puzzlebot/ros2_ws/src/azul': PYTHONPATH=/home/puzzlebot/ros2_ws/src/build/azul/prefix_override:/home/puzzlebot/ros2_ws/src/install/azul/lib/python3.8/site-packages:${PYTHONPATH} /usr/bin/python3 setup.py egg_info --egg-base ../build/azul build --build-base /home/puzzlebot/ros2_ws/src/build/azul/build install --record /home/puzzlebot/ros2_ws/src/build/azul/install.log --single-version-externally-managed
[35.927s] DEBUG:colcon.colcon_core.event_handler.log_command:Invoked command in '/home/puzzlebot/ros2_ws/src/pruebados' returned '0': PYTHONPATH=/home/puzzlebot/ros2_ws/src/build/pruebados/prefix_override:/home/puzzlebot/ros2_ws/src/install/pruebados/lib/python3.8/site-packages:${PYTHONPATH} /usr/bin/python3 setup.py egg_info --egg-base ../build/pruebados build --build-base /home/puzzlebot/ros2_ws/src/build/pruebados/build install --record /home/puzzlebot/ros2_ws/src/build/pruebados/install.log --single-version-externally-managed
[36.180s] Level 1:colcon.colcon_core.environment:checking '/home/puzzlebot/ros2_ws/src/install/pruebados' for CMake module files
[36.183s] Level 1:colcon.colcon_core.environment:checking '/home/puzzlebot/ros2_ws/src/install/pruebados' for CMake config files
[36.187s] Level 1:colcon.colcon_core.environment:checking '/home/puzzlebot/ros2_ws/src/install/pruebados/lib'
[36.187s] Level 1:colcon.colcon_core.environment:checking '/home/puzzlebot/ros2_ws/src/install/pruebados/bin'
[36.188s] Level 1:colcon.colcon_core.environment:checking '/home/puzzlebot/ros2_ws/src/install/pruebados/lib/pkgconfig/pruebados.pc'
[36.189s] Level 1:colcon.colcon_core.environment:checking '/home/puzzlebot/ros2_ws/src/install/pruebados/lib/python3.8/site-packages'
[36.189s] Level 1:colcon.colcon_core.shell:create_environment_hook('pruebados', 'pythonpath')
[36.402s] INFO:colcon.colcon_core.shell:Creating environment hook '/home/puzzlebot/ros2_ws/src/install/pruebados/share/pruebados/hook/pythonpath.ps1'
[36.405s] INFO:colcon.colcon_core.shell:Creating environment descriptor '/home/puzzlebot/ros2_ws/src/install/pruebados/share/pruebados/hook/pythonpath.dsv'
[36.406s] INFO:colcon.colcon_core.shell:Creating environment hook '/home/puzzlebot/ros2_ws/src/install/pruebados/share/pruebados/hook/pythonpath.sh'
[36.408s] Level 1:colcon.colcon_core.environment:checking '/home/puzzlebot/ros2_ws/src/install/pruebados/bin'
[36.409s] Level 1:colcon.colcon_core.environment:create_environment_scripts_only(pruebados)
[36.627s] INFO:colcon.colcon_core.shell:Creating package script '/home/puzzlebot/ros2_ws/src/install/pruebados/share/pruebados/package.ps1'
[36.631s] INFO:colcon.colcon_core.shell:Creating package descriptor '/home/puzzlebot/ros2_ws/src/install/pruebados/share/pruebados/package.dsv'
[36.633s] INFO:colcon.colcon_core.shell:Creating package script '/home/puzzlebot/ros2_ws/src/install/pruebados/share/pruebados/package.sh'
[36.636s] INFO:colcon.colcon_core.shell:Creating package script '/home/puzzlebot/ros2_ws/src/install/pruebados/share/pruebados/package.bash'
[36.639s] INFO:colcon.colcon_core.shell:Creating package script '/home/puzzlebot/ros2_ws/src/install/pruebados/share/pruebados/package.zsh'
[36.641s] Level 1:colcon.colcon_core.environment:create_file_with_runtime_dependencies(/home/puzzlebot/ros2_ws/src/install/pruebados/share/colcon-core/packages/pruebados)
[36.646s] INFO:colcon.colcon_ros.task.ament_python.build:Building ROS package in '/home/puzzlebot/ros2_ws/src/puzzlebot_ros' with build type 'ament_python'
[36.647s] Level 1:colcon.colcon_core.shell:create_environment_hook('puzzlebot_ros', 'ament_prefix_path')
[36.912s] INFO:colcon.colcon_core.shell:Creating environment hook '/home/puzzlebot/ros2_ws/src/install/puzzlebot_ros/share/puzzlebot_ros/hook/ament_prefix_path.ps1'
[36.917s] INFO:colcon.colcon_core.shell:Creating environment descriptor '/home/puzzlebot/ros2_ws/src/install/puzzlebot_ros/share/puzzlebot_ros/hook/ament_prefix_path.dsv'
[36.918s] INFO:colcon.colcon_core.shell:Creating environment hook '/home/puzzlebot/ros2_ws/src/install/puzzlebot_ros/share/puzzlebot_ros/hook/ament_prefix_path.sh'
[37.132s] INFO:colcon.colcon_core.shell:Skip shell extension 'powershell' for command environment: Not usable outside of PowerShell
[37.132s] DEBUG:colcon.colcon_core.shell:Skip shell extension 'dsv' for command environment
[38.021s] DEBUG:colcon.colcon_core.event_handler.log_command:Invoked command in '/home/puzzlebot/ros2_ws/src/color_identification' returned '0': PYTHONPATH=/home/puzzlebot/ros2_ws/src/build/color_identification/prefix_override:/home/puzzlebot/ros2_ws/src/install/color_identification/lib/python3.8/site-packages:${PYTHONPATH} /usr/bin/python3 setup.py egg_info --egg-base ../build/color_identification build --build-base /home/puzzlebot/ros2_ws/src/build/color_identification/build install --record /home/puzzlebot/ros2_ws/src/build/color_identification/install.log --single-version-externally-managed
[38.236s] Level 1:colcon.colcon_core.environment:checking '/home/puzzlebot/ros2_ws/src/install/color_identification' for CMake module files
[38.238s] Level 1:colcon.colcon_core.environment:checking '/home/puzzlebot/ros2_ws/src/install/color_identification' for CMake config files
[38.244s] Level 1:colcon.colcon_core.environment:checking '/home/puzzlebot/ros2_ws/src/install/color_identification/lib'
[38.244s] Level 1:colcon.colcon_core.environment:checking '/home/puzzlebot/ros2_ws/src/install/color_identification/bin'
[38.245s] Level 1:colcon.colcon_core.environment:checking '/home/puzzlebot/ros2_ws/src/install/color_identification/lib/pkgconfig/color_identification.pc'
[38.246s] Level 1:colcon.colcon_core.environment:checking '/home/puzzlebot/ros2_ws/src/install/color_identification/lib/python3.8/site-packages'
[38.247s] Level 1:colcon.colcon_core.shell:create_environment_hook('color_identification', 'pythonpath')
[38.459s] INFO:colcon.colcon_core.shell:Creating environment hook '/home/puzzlebot/ros2_ws/src/install/color_identification/share/color_identification/hook/pythonpath.ps1'
[38.460s] INFO:colcon.colcon_core.shell:Creating environment descriptor '/home/puzzlebot/ros2_ws/src/install/color_identification/share/color_identification/hook/pythonpath.dsv'
[38.461s] INFO:colcon.colcon_core.shell:Creating environment hook '/home/puzzlebot/ros2_ws/src/install/color_identification/share/color_identification/hook/pythonpath.sh'
[38.463s] Level 1:colcon.colcon_core.environment:checking '/home/puzzlebot/ros2_ws/src/install/color_identification/bin'
[38.464s] Level 1:colcon.colcon_core.environment:create_environment_scripts_only(color_identification)
[38.678s] INFO:colcon.colcon_core.shell:Creating package script '/home/puzzlebot/ros2_ws/src/install/color_identification/share/color_identification/package.ps1'
[38.680s] INFO:colcon.colcon_core.shell:Creating package descriptor '/home/puzzlebot/ros2_ws/src/install/color_identification/share/color_identification/package.dsv'
[38.681s] INFO:colcon.colcon_core.shell:Creating package script '/home/puzzlebot/ros2_ws/src/install/color_identification/share/color_identification/package.sh'
[38.683s] INFO:colcon.colcon_core.shell:Creating package script '/home/puzzlebot/ros2_ws/src/install/color_identification/share/color_identification/package.bash'
[38.684s] INFO:colcon.colcon_core.shell:Creating package script '/home/puzzlebot/ros2_ws/src/install/color_identification/share/color_identification/package.zsh'
[38.685s] Level 1:colcon.colcon_core.environment:create_file_with_runtime_dependencies(/home/puzzlebot/ros2_ws/src/install/color_identification/share/colcon-core/packages/color_identification)
[38.689s] DEBUG:colcon.colcon_core.event_handler.log_command:Invoked command in '/home/puzzlebot/ros2_ws/src/odometry' returned '0': PYTHONPATH=/home/puzzlebot/ros2_ws/src/build/odometry/prefix_override:/home/puzzlebot/ros2_ws/src/install/odometry/lib/python3.8/site-packages:${PYTHONPATH} /usr/bin/python3 setup.py egg_info --egg-base ../build/odometry build --build-base /home/puzzlebot/ros2_ws/src/build/odometry/build install --record /home/puzzlebot/ros2_ws/src/build/odometry/install.log --single-version-externally-managed
[38.899s] Level 1:colcon.colcon_core.environment:checking '/home/puzzlebot/ros2_ws/src/install/odometry' for CMake module files
[38.901s] Level 1:colcon.colcon_core.environment:checking '/home/puzzlebot/ros2_ws/src/install/odometry' for CMake config files
[38.906s] Level 1:colcon.colcon_core.environment:checking '/home/puzzlebot/ros2_ws/src/install/odometry/lib'
[38.906s] Level 1:colcon.colcon_core.environment:checking '/home/puzzlebot/ros2_ws/src/install/odometry/bin'
[38.907s] Level 1:colcon.colcon_core.environment:checking '/home/puzzlebot/ros2_ws/src/install/odometry/lib/pkgconfig/odometry.pc'
[38.907s] Level 1:colcon.colcon_core.environment:checking '/home/puzzlebot/ros2_ws/src/install/odometry/lib/python3.8/site-packages'
[38.908s] Level 1:colcon.colcon_core.shell:create_environment_hook('odometry', 'pythonpath')
[39.120s] INFO:colcon.colcon_core.shell:Creating environment hook '/home/puzzlebot/ros2_ws/src/install/odometry/share/odometry/hook/pythonpath.ps1'
[39.121s] INFO:colcon.colcon_core.shell:Creating environment descriptor '/home/puzzlebot/ros2_ws/src/install/odometry/share/odometry/hook/pythonpath.dsv'
[39.123s] INFO:colcon.colcon_core.shell:Creating environment hook '/home/puzzlebot/ros2_ws/src/install/odometry/share/odometry/hook/pythonpath.sh'
[39.125s] Level 1:colcon.colcon_core.environment:checking '/home/puzzlebot/ros2_ws/src/install/odometry/bin'
[39.125s] Level 1:colcon.colcon_core.environment:create_environment_scripts_only(odometry)
[39.340s] INFO:colcon.colcon_core.shell:Creating package script '/home/puzzlebot/ros2_ws/src/install/odometry/share/odometry/package.ps1'
[39.342s] INFO:colcon.colcon_core.shell:Creating package descriptor '/home/puzzlebot/ros2_ws/src/install/odometry/share/odometry/package.dsv'
[39.344s] INFO:colcon.colcon_core.shell:Creating package script '/home/puzzlebot/ros2_ws/src/install/odometry/share/odometry/package.sh'
[39.345s] INFO:colcon.colcon_core.shell:Creating package script '/home/puzzlebot/ros2_ws/src/install/odometry/share/odometry/package.bash'
[39.347s] INFO:colcon.colcon_core.shell:Creating package script '/home/puzzlebot/ros2_ws/src/install/odometry/share/odometry/package.zsh'
[39.348s] Level 1:colcon.colcon_core.environment:create_file_with_runtime_dependencies(/home/puzzlebot/ros2_ws/src/install/odometry/share/colcon-core/packages/odometry)
[39.351s] DEBUG:colcon.colcon_core.event_handler.log_command:Invoked command in '/home/puzzlebot/ros2_ws/src/azul' returned '0': PYTHONPATH=/home/puzzlebot/ros2_ws/src/build/azul/prefix_override:/home/puzzlebot/ros2_ws/src/install/azul/lib/python3.8/site-packages:${PYTHONPATH} /usr/bin/python3 setup.py egg_info --egg-base ../build/azul build --build-base /home/puzzlebot/ros2_ws/src/build/azul/build install --record /home/puzzlebot/ros2_ws/src/build/azul/install.log --single-version-externally-managed
[39.561s] Level 1:colcon.colcon_core.environment:checking '/home/puzzlebot/ros2_ws/src/install/azul' for CMake module files
[39.564s] Level 1:colcon.colcon_core.environment:checking '/home/puzzlebot/ros2_ws/src/install/azul' for CMake config files
[39.570s] Level 1:colcon.colcon_core.environment:checking '/home/puzzlebot/ros2_ws/src/install/azul/lib'
[39.570s] Level 1:colcon.colcon_core.environment:checking '/home/puzzlebot/ros2_ws/src/install/azul/bin'
[39.570s] Level 1:colcon.colcon_core.environment:checking '/home/puzzlebot/ros2_ws/src/install/azul/lib/pkgconfig/azul.pc'
[39.571s] Level 1:colcon.colcon_core.environment:checking '/home/puzzlebot/ros2_ws/src/install/azul/lib/python3.8/site-packages'
[39.571s] Level 1:colcon.colcon_core.shell:create_environment_hook('azul', 'pythonpath')
[39.783s] INFO:colcon.colcon_core.shell:Creating environment hook '/home/puzzlebot/ros2_ws/src/install/azul/share/azul/hook/pythonpath.ps1'
[39.785s] INFO:colcon.colcon_core.shell:Creating environment descriptor '/home/puzzlebot/ros2_ws/src/install/azul/share/azul/hook/pythonpath.dsv'
[39.786s] INFO:colcon.colcon_core.shell:Creating environment hook '/home/puzzlebot/ros2_ws/src/install/azul/share/azul/hook/pythonpath.sh'
[39.788s] Level 1:colcon.colcon_core.environment:checking '/home/puzzlebot/ros2_ws/src/install/azul/bin'
[39.788s] Level 1:colcon.colcon_core.environment:create_environment_scripts_only(azul)
[40.003s] INFO:colcon.colcon_core.shell:Creating package script '/home/puzzlebot/ros2_ws/src/install/azul/share/azul/package.ps1'
[40.005s] INFO:colcon.colcon_core.shell:Creating package descriptor '/home/puzzlebot/ros2_ws/src/install/azul/share/azul/package.dsv'
[40.006s] INFO:colcon.colcon_core.shell:Creating package script '/home/puzzlebot/ros2_ws/src/install/azul/share/azul/package.sh'
[40.008s] INFO:colcon.colcon_core.shell:Creating package script '/home/puzzlebot/ros2_ws/src/install/azul/share/azul/package.bash'
[40.009s] INFO:colcon.colcon_core.shell:Creating package script '/home/puzzlebot/ros2_ws/src/install/azul/share/azul/package.zsh'
[40.010s] Level 1:colcon.colcon_core.environment:create_file_with_runtime_dependencies(/home/puzzlebot/ros2_ws/src/install/azul/share/colcon-core/packages/azul)
[40.014s] INFO:colcon.colcon_ros.task.ament_python.build:Building ROS package in '/home/puzzlebot/ros2_ws/src/rojouno' with build type 'ament_python'
[40.014s] Level 1:colcon.colcon_core.shell:create_environment_hook('rojouno', 'ament_prefix_path')
[40.230s] INFO:colcon.colcon_core.shell:Creating environment hook '/home/puzzlebot/ros2_ws/src/install/rojouno/share/rojouno/hook/ament_prefix_path.ps1'
[40.232s] INFO:colcon.colcon_core.shell:Creating environment descriptor '/home/puzzlebot/ros2_ws/src/install/rojouno/share/rojouno/hook/ament_prefix_path.dsv'
[40.233s] INFO:colcon.colcon_core.shell:Creating environment hook '/home/puzzlebot/ros2_ws/src/install/rojouno/share/rojouno/hook/ament_prefix_path.sh'
[40.446s] INFO:colcon.colcon_core.shell:Skip shell extension 'powershell' for command environment: Not usable outside of PowerShell
[40.446s] DEBUG:colcon.colcon_core.shell:Skip shell extension 'dsv' for command environment
[41.320s] INFO:colcon.colcon_ros.task.ament_python.build:Building ROS package in '/home/puzzlebot/ros2_ws/src/zoe' with build type 'ament_python'
[41.321s] Level 1:colcon.colcon_core.shell:create_environment_hook('zoe', 'ament_prefix_path')
[41.538s] INFO:colcon.colcon_core.shell:Creating environment hook '/home/puzzlebot/ros2_ws/src/install/zoe/share/zoe/hook/ament_prefix_path.ps1'
[41.543s] INFO:colcon.colcon_core.shell:Creating environment descriptor '/home/puzzlebot/ros2_ws/src/install/zoe/share/zoe/hook/ament_prefix_path.dsv'
[41.544s] INFO:colcon.colcon_core.shell:Creating environment hook '/home/puzzlebot/ros2_ws/src/install/zoe/share/zoe/hook/ament_prefix_path.sh'
[41.763s] INFO:colcon.colcon_core.shell:Skip shell extension 'powershell' for command environment: Not usable outside of PowerShell
[41.763s] DEBUG:colcon.colcon_core.shell:Skip shell extension 'dsv' for command environment
[42.649s] INFO:colcon.colcon_ros.task.ament_python.build:Building ROS package in '/home/puzzlebot/ros2_ws/src/zowe' with build type 'ament_python'
[42.650s] Level 1:colcon.colcon_core.shell:create_environment_hook('zowe', 'ament_prefix_path')
[42.869s] INFO:colcon.colcon_core.shell:Creating environment hook '/home/puzzlebot/ros2_ws/src/install/zowe/share/zowe/hook/ament_prefix_path.ps1'
[42.872s] INFO:colcon.colcon_core.shell:Creating environment descriptor '/home/puzzlebot/ros2_ws/src/install/zowe/share/zowe/hook/ament_prefix_path.dsv'
[42.874s] INFO:colcon.colcon_core.shell:Creating environment hook '/home/puzzlebot/ros2_ws/src/install/zowe/share/zowe/hook/ament_prefix_path.sh'
[43.139s] INFO:colcon.colcon_core.shell:Skip shell extension 'powershell' for command environment: Not usable outside of PowerShell
[43.139s] DEBUG:colcon.colcon_core.shell:Skip shell extension 'dsv' for command environment
[45.145s] INFO:colcon.colcon_core.task.python.build:Building Python package in '/home/puzzlebot/ros2_ws/src/puzzlebot_ros'
[45.362s] INFO:colcon.colcon_core.shell:Skip shell extension 'powershell' for command environment: Not usable outside of PowerShell
[45.363s] DEBUG:colcon.colcon_core.shell:Skip shell extension 'dsv' for command environment
[47.375s] INFO:colcon.colcon_core.task.python.build:Building Python package in '/home/puzzlebot/ros2_ws/src/rojouno'
[47.590s] INFO:colcon.colcon_core.shell:Skip shell extension 'powershell' for command environment: Not usable outside of PowerShell
[47.590s] DEBUG:colcon.colcon_core.shell:Skip shell extension 'dsv' for command environment
[49.595s] INFO:colcon.colcon_core.task.python.build:Building Python package in '/home/puzzlebot/ros2_ws/src/zoe'
[49.812s] INFO:colcon.colcon_core.shell:Skip shell extension 'powershell' for command environment: Not usable outside of PowerShell
[49.812s] DEBUG:colcon.colcon_core.shell:Skip shell extension 'dsv' for command environment
[51.823s] INFO:colcon.colcon_core.task.python.build:Building Python package in '/home/puzzlebot/ros2_ws/src/zowe'
[52.041s] INFO:colcon.colcon_core.shell:Skip shell extension 'powershell' for command environment: Not usable outside of PowerShell
[52.041s] DEBUG:colcon.colcon_core.shell:Skip shell extension 'dsv' for command environment
[55.101s] DEBUG:colcon.colcon_core.event_handler.log_command:Invoking command in '/home/puzzlebot/ros2_ws/src/puzzlebot_ros': PYTHONPATH=/home/puzzlebot/ros2_ws/src/build/puzzlebot_ros/prefix_override:/home/puzzlebot/ros2_ws/src/install/puzzlebot_ros/lib/python3.8/site-packages:${PYTHONPATH} /usr/bin/python3 setup.py egg_info --egg-base ../build/puzzlebot_ros build --build-base /home/puzzlebot/ros2_ws/src/build/puzzlebot_ros/build install --record /home/puzzlebot/ros2_ws/src/build/puzzlebot_ros/install.log --single-version-externally-managed
[55.123s] DEBUG:colcon.colcon_core.event_handler.log_command:Invoking command in '/home/puzzlebot/ros2_ws/src/zowe': PYTHONPATH=/home/puzzlebot/ros2_ws/src/build/zowe/prefix_override:/home/puzzlebot/ros2_ws/src/install/zowe/lib/python3.8/site-packages:${PYTHONPATH} /usr/bin/python3 setup.py egg_info --egg-base ../build/zowe build --build-base /home/puzzlebot/ros2_ws/src/build/zowe/build install --record /home/puzzlebot/ros2_ws/src/build/zowe/install.log --single-version-externally-managed
[55.144s] DEBUG:colcon.colcon_core.event_handler.log_command:Invoking command in '/home/puzzlebot/ros2_ws/src/rojouno': PYTHONPATH=/home/puzzlebot/ros2_ws/src/build/rojouno/prefix_override:/home/puzzlebot/ros2_ws/src/install/rojouno/lib/python3.8/site-packages:${PYTHONPATH} /usr/bin/python3 setup.py egg_info --egg-base ../build/rojouno build --build-base /home/puzzlebot/ros2_ws/src/build/rojouno/build install --record /home/puzzlebot/ros2_ws/src/build/rojouno/install.log --single-version-externally-managed
[55.199s] DEBUG:colcon.colcon_core.event_handler.log_command:Invoking command in '/home/puzzlebot/ros2_ws/src/zoe': PYTHONPATH=/home/puzzlebot/ros2_ws/src/build/zoe/prefix_override:/home/puzzlebot/ros2_ws/src/install/zoe/lib/python3.8/site-packages:${PYTHONPATH} /usr/bin/python3 setup.py egg_info --egg-base ../build/zoe build --build-base /home/puzzlebot/ros2_ws/src/build/zoe/build install --record /home/puzzlebot/ros2_ws/src/build/zoe/install.log --single-version-externally-managed
[56.815s] DEBUG:colcon.colcon_core.event_handler.log_command:Invoked command in '/home/puzzlebot/ros2_ws/src/zowe' returned '0': PYTHONPATH=/home/puzzlebot/ros2_ws/src/build/zowe/prefix_override:/home/puzzlebot/ros2_ws/src/install/zowe/lib/python3.8/site-packages:${PYTHONPATH} /usr/bin/python3 setup.py egg_info --egg-base ../build/zowe build --build-base /home/puzzlebot/ros2_ws/src/build/zowe/build install --record /home/puzzlebot/ros2_ws/src/build/zowe/install.log --single-version-externally-managed
[57.086s] Level 1:colcon.colcon_core.environment:checking '/home/puzzlebot/ros2_ws/src/install/zowe' for CMake module files
[57.088s] Level 1:colcon.colcon_core.environment:checking '/home/puzzlebot/ros2_ws/src/install/zowe' for CMake config files
[57.091s] Level 1:colcon.colcon_core.environment:checking '/home/puzzlebot/ros2_ws/src/install/zowe/lib'
[57.091s] Level 1:colcon.colcon_core.environment:checking '/home/puzzlebot/ros2_ws/src/install/zowe/bin'
[57.091s] Level 1:colcon.colcon_core.environment:checking '/home/puzzlebot/ros2_ws/src/install/zowe/lib/pkgconfig/zowe.pc'
[57.092s] Level 1:colcon.colcon_core.environment:checking '/home/puzzlebot/ros2_ws/src/install/zowe/lib/python3.8/site-packages'
[57.092s] Level 1:colcon.colcon_core.shell:create_environment_hook('zowe', 'pythonpath')
[57.308s] INFO:colcon.colcon_core.shell:Creating environment hook '/home/puzzlebot/ros2_ws/src/install/zowe/share/zowe/hook/pythonpath.ps1'
[57.310s] INFO:colcon.colcon_core.shell:Creating environment descriptor '/home/puzzlebot/ros2_ws/src/install/zowe/share/zowe/hook/pythonpath.dsv'
[57.311s] INFO:colcon.colcon_core.shell:Creating environment hook '/home/puzzlebot/ros2_ws/src/install/zowe/share/zowe/hook/pythonpath.sh'
[57.313s] Level 1:colcon.colcon_core.environment:checking '/home/puzzlebot/ros2_ws/src/install/zowe/bin'
[57.313s] Level 1:colcon.colcon_core.environment:create_environment_scripts_only(zowe)
[57.527s] INFO:colcon.colcon_core.shell:Creating package script '/home/puzzlebot/ros2_ws/src/install/zowe/share/zowe/package.ps1'
[57.529s] INFO:colcon.colcon_core.shell:Creating package descriptor '/home/puzzlebot/ros2_ws/src/install/zowe/share/zowe/package.dsv'
[57.530s] INFO:colcon.colcon_core.shell:Creating package script '/home/puzzlebot/ros2_ws/src/install/zowe/share/zowe/package.sh'
[57.532s] INFO:colcon.colcon_core.shell:Creating package script '/home/puzzlebot/ros2_ws/src/install/zowe/share/zowe/package.bash'
[57.533s] INFO:colcon.colcon_core.shell:Creating package script '/home/puzzlebot/ros2_ws/src/install/zowe/share/zowe/package.zsh'
[57.534s] Level 1:colcon.colcon_core.environment:create_file_with_runtime_dependencies(/home/puzzlebot/ros2_ws/src/install/zowe/share/colcon-core/packages/zowe)
[57.540s] DEBUG:colcon.colcon_core.event_handler.log_command:Invoked command in '/home/puzzlebot/ros2_ws/src/puzzlebot_ros' returned '0': PYTHONPATH=/home/puzzlebot/ros2_ws/src/build/puzzlebot_ros/prefix_override:/home/puzzlebot/ros2_ws/src/install/puzzlebot_ros/lib/python3.8/site-packages:${PYTHONPATH} /usr/bin/python3 setup.py egg_info --egg-base ../build/puzzlebot_ros build --build-base /home/puzzlebot/ros2_ws/src/build/puzzlebot_ros/build install --record /home/puzzlebot/ros2_ws/src/build/puzzlebot_ros/install.log --single-version-externally-managed
[57.753s] Level 1:colcon.colcon_core.environment:checking '/home/puzzlebot/ros2_ws/src/install/puzzlebot_ros' for CMake module files
[57.756s] Level 1:colcon.colcon_core.environment:checking '/home/puzzlebot/ros2_ws/src/install/puzzlebot_ros' for CMake config files
[57.761s] Level 1:colcon.colcon_core.environment:checking '/home/puzzlebot/ros2_ws/src/install/puzzlebot_ros/lib'
[57.762s] Level 1:colcon.colcon_core.environment:checking '/home/puzzlebot/ros2_ws/src/install/puzzlebot_ros/bin'
[57.762s] Level 1:colcon.colcon_core.environment:checking '/home/puzzlebot/ros2_ws/src/install/puzzlebot_ros/lib/pkgconfig/puzzlebot_ros.pc'
[57.763s] Level 1:colcon.colcon_core.environment:checking '/home/puzzlebot/ros2_ws/src/install/puzzlebot_ros/lib/python3.8/site-packages'
[57.763s] Level 1:colcon.colcon_core.shell:create_environment_hook('puzzlebot_ros', 'pythonpath')
[57.980s] INFO:colcon.colcon_core.shell:Creating environment hook '/home/puzzlebot/ros2_ws/src/install/puzzlebot_ros/share/puzzlebot_ros/hook/pythonpath.ps1'
[57.982s] INFO:colcon.colcon_core.shell:Creating environment descriptor '/home/puzzlebot/ros2_ws/src/install/puzzlebot_ros/share/puzzlebot_ros/hook/pythonpath.dsv'
[57.983s] INFO:colcon.colcon_core.shell:Creating environment hook '/home/puzzlebot/ros2_ws/src/install/puzzlebot_ros/share/puzzlebot_ros/hook/pythonpath.sh'
[57.985s] Level 1:colcon.colcon_core.environment:checking '/home/puzzlebot/ros2_ws/src/install/puzzlebot_ros/bin'
[57.985s] Level 1:colcon.colcon_core.environment:create_environment_scripts_only(puzzlebot_ros)
[58.203s] INFO:colcon.colcon_core.shell:Creating package script '/home/puzzlebot/ros2_ws/src/install/puzzlebot_ros/share/puzzlebot_ros/package.ps1'
[58.205s] INFO:colcon.colcon_core.shell:Creating package descriptor '/home/puzzlebot/ros2_ws/src/install/puzzlebot_ros/share/puzzlebot_ros/package.dsv'
[58.207s] INFO:colcon.colcon_core.shell:Creating package script '/home/puzzlebot/ros2_ws/src/install/puzzlebot_ros/share/puzzlebot_ros/package.sh'
[58.208s] INFO:colcon.colcon_core.shell:Creating package script '/home/puzzlebot/ros2_ws/src/install/puzzlebot_ros/share/puzzlebot_ros/package.bash'
[58.210s] INFO:colcon.colcon_core.shell:Creating package script '/home/puzzlebot/ros2_ws/src/install/puzzlebot_ros/share/puzzlebot_ros/package.zsh'
[58.211s] Level 1:colcon.colcon_core.environment:create_file_with_runtime_dependencies(/home/puzzlebot/ros2_ws/src/install/puzzlebot_ros/share/colcon-core/packages/puzzlebot_ros)
[58.214s] DEBUG:colcon.colcon_core.event_handler.log_command:Invoked command in '/home/puzzlebot/ros2_ws/src/zoe' returned '0': PYTHONPATH=/home/puzzlebot/ros2_ws/src/build/zoe/prefix_override:/home/puzzlebot/ros2_ws/src/install/zoe/lib/python3.8/site-packages:${PYTHONPATH} /usr/bin/python3 setup.py egg_info --egg-base ../build/zoe build --build-base /home/puzzlebot/ros2_ws/src/build/zoe/build install --record /home/puzzlebot/ros2_ws/src/build/zoe/install.log --single-version-externally-managed
[58.427s] Level 1:colcon.colcon_core.environment:checking '/home/puzzlebot/ros2_ws/src/install/zoe' for CMake module files
[58.430s] Level 1:colcon.colcon_core.environment:checking '/home/puzzlebot/ros2_ws/src/install/zoe' for CMake config files
[58.434s] Level 1:colcon.colcon_core.environment:checking '/home/puzzlebot/ros2_ws/src/install/zoe/lib'
[58.434s] Level 1:colcon.colcon_core.environment:checking '/home/puzzlebot/ros2_ws/src/install/zoe/bin'
[58.434s] Level 1:colcon.colcon_core.environment:checking '/home/puzzlebot/ros2_ws/src/install/zoe/lib/pkgconfig/zoe.pc'
[58.435s] Level 1:colcon.colcon_core.environment:checking '/home/puzzlebot/ros2_ws/src/install/zoe/lib/python3.8/site-packages'
[58.435s] Level 1:colcon.colcon_core.shell:create_environment_hook('zoe', 'pythonpath')
[58.650s] INFO:colcon.colcon_core.shell:Creating environment hook '/home/puzzlebot/ros2_ws/src/install/zoe/share/zoe/hook/pythonpath.ps1'
[58.652s] INFO:colcon.colcon_core.shell:Creating environment descriptor '/home/puzzlebot/ros2_ws/src/install/zoe/share/zoe/hook/pythonpath.dsv'
[58.653s] INFO:colcon.colcon_core.shell:Creating environment hook '/home/puzzlebot/ros2_ws/src/install/zoe/share/zoe/hook/pythonpath.sh'
[58.655s] Level 1:colcon.colcon_core.environment:checking '/home/puzzlebot/ros2_ws/src/install/zoe/bin'
[58.656s] Level 1:colcon.colcon_core.environment:create_environment_scripts_only(zoe)
[58.871s] INFO:colcon.colcon_core.shell:Creating package script '/home/puzzlebot/ros2_ws/src/install/zoe/share/zoe/package.ps1'
[58.873s] INFO:colcon.colcon_core.shell:Creating package descriptor '/home/puzzlebot/ros2_ws/src/install/zoe/share/zoe/package.dsv'
[58.875s] INFO:colcon.colcon_core.shell:Creating package script '/home/puzzlebot/ros2_ws/src/install/zoe/share/zoe/package.sh'
[58.876s] INFO:colcon.colcon_core.shell:Creating package script '/home/puzzlebot/ros2_ws/src/install/zoe/share/zoe/package.bash'
[58.878s] INFO:colcon.colcon_core.shell:Creating package script '/home/puzzlebot/ros2_ws/src/install/zoe/share/zoe/package.zsh'
[58.879s] Level 1:colcon.colcon_core.environment:create_file_with_runtime_dependencies(/home/puzzlebot/ros2_ws/src/install/zoe/share/colcon-core/packages/zoe)
[58.882s] DEBUG:colcon.colcon_core.event_handler.log_command:Invoked command in '/home/puzzlebot/ros2_ws/src/rojouno' returned '0': PYTHONPATH=/home/puzzlebot/ros2_ws/src/build/rojouno/prefix_override:/home/puzzlebot/ros2_ws/src/install/rojouno/lib/python3.8/site-packages:${PYTHONPATH} /usr/bin/python3 setup.py egg_info --egg-base ../build/rojouno build --build-base /home/puzzlebot/ros2_ws/src/build/rojouno/build install --record /home/puzzlebot/ros2_ws/src/build/rojouno/install.log --single-version-externally-managed
[59.093s] Level 1:colcon.colcon_core.environment:checking '/home/puzzlebot/ros2_ws/src/install/rojouno' for CMake module files
[59.095s] Level 1:colcon.colcon_core.environment:checking '/home/puzzlebot/ros2_ws/src/install/rojouno' for CMake config files
[59.097s] Level 1:colcon.colcon_core.environment:checking '/home/puzzlebot/ros2_ws/src/install/rojouno/lib'
[59.098s] Level 1:colcon.colcon_core.environment:checking '/home/puzzlebot/ros2_ws/src/install/rojouno/bin'
[59.098s] Level 1:colcon.colcon_core.environment:checking '/home/puzzlebot/ros2_ws/src/install/rojouno/lib/pkgconfig/rojouno.pc'
[59.099s] Level 1:colcon.colcon_core.environment:checking '/home/puzzlebot/ros2_ws/src/install/rojouno/lib/python3.8/site-packages'
[59.099s] Level 1:colcon.colcon_core.shell:create_environment_hook('rojouno', 'pythonpath')
[59.315s] INFO:colcon.colcon_core.shell:Creating environment hook '/home/puzzlebot/ros2_ws/src/install/rojouno/share/rojouno/hook/pythonpath.ps1'
[59.316s] INFO:colcon.colcon_core.shell:Creating environment descriptor '/home/puzzlebot/ros2_ws/src/install/rojouno/share/rojouno/hook/pythonpath.dsv'
[59.317s] INFO:colcon.colcon_core.shell:Creating environment hook '/home/puzzlebot/ros2_ws/src/install/rojouno/share/rojouno/hook/pythonpath.sh'
[59.319s] Level 1:colcon.colcon_core.environment:checking '/home/puzzlebot/ros2_ws/src/install/rojouno/bin'
[59.319s] Level 1:colcon.colcon_core.environment:create_environment_scripts_only(rojouno)
[59.534s] INFO:colcon.colcon_core.shell:Creating package script '/home/puzzlebot/ros2_ws/src/install/rojouno/share/rojouno/package.ps1'
[59.536s] INFO:colcon.colcon_core.shell:Creating package descriptor '/home/puzzlebot/ros2_ws/src/install/rojouno/share/rojouno/package.dsv'
[59.537s] INFO:colcon.colcon_core.shell:Creating package script '/home/puzzlebot/ros2_ws/src/install/rojouno/share/rojouno/package.sh'
[59.539s] INFO:colcon.colcon_core.shell:Creating package script '/home/puzzlebot/ros2_ws/src/install/rojouno/share/rojouno/package.bash'
[59.540s] INFO:colcon.colcon_core.shell:Creating package script '/home/puzzlebot/ros2_ws/src/install/rojouno/share/rojouno/package.zsh'
[59.541s] Level 1:colcon.colcon_core.environment:create_file_with_runtime_dependencies(/home/puzzlebot/ros2_ws/src/install/rojouno/share/colcon-core/packages/rojouno)
[59.542s] DEBUG:colcon.colcon_parallel_executor.executor.parallel:closing loop
[59.543s] DEBUG:colcon.colcon_parallel_executor.executor.parallel:loop closed
[59.543s] DEBUG:colcon.colcon_parallel_executor.executor.parallel:run_until_complete finished with '0'
[59.543s] DEBUG:colcon.colcon_core.event_reactor:joining thread
[59.782s] INFO:colcon.colcon_core.plugin_system:Skipping extension 'colcon_notification.desktop_notification.terminal_notifier': Not used on non-Darwin systems
[59.782s] INFO:colcon.colcon_core.plugin_system:Skipping extension 'colcon_notification.desktop_notification.win32': Not used on non-Windows systems
[59.782s] INFO:colcon.colcon_notification.desktop_notification:Sending desktop notification using 'notify2'
[59.829s] DEBUG:colcon.colcon_core.event_reactor:joined thread
[60.068s] INFO:colcon.colcon_core.shell:Creating prefix script '/home/puzzlebot/ros2_ws/src/install/local_setup.ps1'
[60.072s] INFO:colcon.colcon_core.shell:Creating prefix util module '/home/puzzlebot/ros2_ws/src/install/_local_setup_util_ps1.py'
[60.078s] INFO:colcon.colcon_core.shell:Creating prefix chain script '/home/puzzlebot/ros2_ws/src/install/setup.ps1'
[60.298s] INFO:colcon.colcon_core.shell:Creating prefix script '/home/puzzlebot/ros2_ws/src/install/local_setup.sh'
[60.300s] INFO:colcon.colcon_core.shell:Creating prefix util module '/home/puzzlebot/ros2_ws/src/install/_local_setup_util_sh.py'
[60.302s] INFO:colcon.colcon_core.shell:Creating prefix chain script '/home/puzzlebot/ros2_ws/src/install/setup.sh'
[60.522s] INFO:colcon.colcon_core.shell:Creating prefix script '/home/puzzlebot/ros2_ws/src/install/local_setup.bash'
[60.524s] INFO:colcon.colcon_core.shell:Creating prefix chain script '/home/puzzlebot/ros2_ws/src/install/setup.bash'
[60.744s] INFO:colcon.colcon_core.shell:Creating prefix script '/home/puzzlebot/ros2_ws/src/install/local_setup.zsh'
[60.746s] INFO:colcon.colcon_core.shell:Creating prefix chain script '/home/puzzlebot/ros2_ws/src/install/setup.zsh'
