[18.453s] Invoking command in '/home/puzzlebot/ros2_ws/src/puzzlebot_ros': PYTHONPATH=/home/puzzlebot/ros2_ws/src/build/puzzlebot_ros/prefix_override:/home/puzzlebot/ros2_ws/src/install/puzzlebot_ros/lib/python3.8/site-packages:${PYTHONPATH} /usr/bin/python3 setup.py egg_info --egg-base ../build/puzzlebot_ros build --build-base /home/puzzlebot/ros2_ws/src/build/puzzlebot_ros/build install --record /home/puzzlebot/ros2_ws/src/build/puzzlebot_ros/install.log --single-version-externally-managed
[19.727s] running egg_info
[19.733s] writing ../build/puzzlebot_ros/puzzlebot_ros.egg-info/PKG-INFO
[19.735s] writing dependency_links to ../build/puzzlebot_ros/puzzlebot_ros.egg-info/dependency_links.txt
[19.736s] writing entry points to ../build/puzzlebot_ros/puzzlebot_ros.egg-info/entry_points.txt
[19.737s] writing requirements to ../build/puzzlebot_ros/puzzlebot_ros.egg-info/requires.txt
[19.738s] writing top-level names to ../build/puzzlebot_ros/puzzlebot_ros.egg-info/top_level.txt
[19.922s] reading manifest file '../build/puzzlebot_ros/puzzlebot_ros.egg-info/SOURCES.txt'
[19.929s] writing manifest file '../build/puzzlebot_ros/puzzlebot_ros.egg-info/SOURCES.txt'
[19.930s] running build
[19.931s] running build_py
[19.938s] running install
[19.942s] running install_lib
[19.953s] running install_data
[19.958s] running install_egg_info
[19.966s] removing '/home/puzzlebot/ros2_ws/src/install/puzzlebot_ros/lib/python3.8/site-packages/puzzlebot_ros-0.0.0-py3.8.egg-info' (and everything under it)
[19.968s] Copying ../build/puzzlebot_ros/puzzlebot_ros.egg-info to /home/puzzlebot/ros2_ws/src/install/puzzlebot_ros/lib/python3.8/site-packages/puzzlebot_ros-0.0.0-py3.8.egg-info
[19.974s] running install_scripts
[20.063s] Installing distance_control script to /home/puzzlebot/ros2_ws/src/install/puzzlebot_ros/lib/puzzlebot_ros
[20.066s] Installing goto_point script to /home/puzzlebot/ros2_ws/src/install/puzzlebot_ros/lib/puzzlebot_ros
[20.068s] Installing kalman script to /home/puzzlebot/ros2_ws/src/install/puzzlebot_ros/lib/puzzlebot_ros
[20.070s] Installing kalman_aruco script to /home/puzzlebot/ros2_ws/src/install/puzzlebot_ros/lib/puzzlebot_ros
[20.071s] Installing pwm_control script to /home/puzzlebot/ros2_ws/src/install/puzzlebot_ros/lib/puzzlebot_ros
[20.073s] Installing test_imu script to /home/puzzlebot/ros2_ws/src/install/puzzlebot_ros/lib/puzzlebot_ros
[20.074s] Installing velocity_control script to /home/puzzlebot/ros2_ws/src/install/puzzlebot_ros/lib/puzzlebot_ros
[20.077s] writing list of installed files to '/home/puzzlebot/ros2_ws/src/build/puzzlebot_ros/install.log'
[20.893s] Invoked command in '/home/puzzlebot/ros2_ws/src/puzzlebot_ros' returned '0': PYTHONPATH=/home/puzzlebot/ros2_ws/src/build/puzzlebot_ros/prefix_override:/home/puzzlebot/ros2_ws/src/install/puzzlebot_ros/lib/python3.8/site-packages:${PYTHONPATH} /usr/bin/python3 setup.py egg_info --egg-base ../build/puzzlebot_ros build --build-base /home/puzzlebot/ros2_ws/src/build/puzzlebot_ros/build install --record /home/puzzlebot/ros2_ws/src/build/puzzlebot_ros/install.log --single-version-externally-managed
