[11.805s] Invoking command in '/home/puzzlebot/ros2_ws/src/puzzlebot_ros': PYTHONPATH=/home/puzzlebot/ros2_ws/src/build/puzzlebot_ros/prefix_override:/home/puzzlebot/ros2_ws/src/install/puzzlebot_ros/lib/python3.8/site-packages:${PYTHONPATH} /usr/bin/python3 setup.py egg_info --egg-base ../build/puzzlebot_ros build --build-base /home/puzzlebot/ros2_ws/src/build/puzzlebot_ros/build install --record /home/puzzlebot/ros2_ws/src/build/puzzlebot_ros/install.log --single-version-externally-managed
[12.980s] running egg_info
[12.984s] writing ../build/puzzlebot_ros/puzzlebot_ros.egg-info/PKG-INFO
[12.985s] writing dependency_links to ../build/puzzlebot_ros/puzzlebot_ros.egg-info/dependency_links.txt
[12.986s] writing entry points to ../build/puzzlebot_ros/puzzlebot_ros.egg-info/entry_points.txt
[12.987s] writing requirements to ../build/puzzlebot_ros/puzzlebot_ros.egg-info/requires.txt
[12.988s] writing top-level names to ../build/puzzlebot_ros/puzzlebot_ros.egg-info/top_level.txt
[13.158s] reading manifest file '../build/puzzlebot_ros/puzzlebot_ros.egg-info/SOURCES.txt'
[13.165s] writing manifest file '../build/puzzlebot_ros/puzzlebot_ros.egg-info/SOURCES.txt'
[13.165s] running build
[13.166s] running build_py
[13.169s] running install
[13.173s] running install_lib
[13.183s] running install_data
[13.195s] running install_egg_info
[13.197s] removing '/home/puzzlebot/ros2_ws/src/install/puzzlebot_ros/lib/python3.8/site-packages/puzzlebot_ros-0.0.0-py3.8.egg-info' (and everything under it)
[13.197s] Copying ../build/puzzlebot_ros/puzzlebot_ros.egg-info to /home/puzzlebot/ros2_ws/src/install/puzzlebot_ros/lib/python3.8/site-packages/puzzlebot_ros-0.0.0-py3.8.egg-info
[13.203s] running install_scripts
[13.288s] Installing distance_control script to /home/puzzlebot/ros2_ws/src/install/puzzlebot_ros/lib/puzzlebot_ros
[13.290s] Installing goto_point script to /home/puzzlebot/ros2_ws/src/install/puzzlebot_ros/lib/puzzlebot_ros
[13.292s] Installing kalman script to /home/puzzlebot/ros2_ws/src/install/puzzlebot_ros/lib/puzzlebot_ros
[13.292s] Installing kalman_aruco script to /home/puzzlebot/ros2_ws/src/install/puzzlebot_ros/lib/puzzlebot_ros
[13.294s] Installing pwm_control script to /home/puzzlebot/ros2_ws/src/install/puzzlebot_ros/lib/puzzlebot_ros
[13.296s] Installing test_imu script to /home/puzzlebot/ros2_ws/src/install/puzzlebot_ros/lib/puzzlebot_ros
[13.298s] Installing velocity_control script to /home/puzzlebot/ros2_ws/src/install/puzzlebot_ros/lib/puzzlebot_ros
[13.302s] writing list of installed files to '/home/puzzlebot/ros2_ws/src/build/puzzlebot_ros/install.log'
[14.645s] Invoked command in '/home/puzzlebot/ros2_ws/src/puzzlebot_ros' returned '0': PYTHONPATH=/home/puzzlebot/ros2_ws/src/build/puzzlebot_ros/prefix_override:/home/puzzlebot/ros2_ws/src/install/puzzlebot_ros/lib/python3.8/site-packages:${PYTHONPATH} /usr/bin/python3 setup.py egg_info --egg-base ../build/puzzlebot_ros build --build-base /home/puzzlebot/ros2_ws/src/build/puzzlebot_ros/build install --record /home/puzzlebot/ros2_ws/src/build/puzzlebot_ros/install.log --single-version-externally-managed
