[11.855s] DEBUG:colcon:Command line arguments: ['/usr/bin/colcon', 'build']
[11.856s] DEBUG:colcon:Parsed command line arguments: Namespace(allow_overriding=[], ament_cmake_args=None, base_paths=['.'], build_base='build', catkin_cmake_args=None, catkin_skip_building_tests=False, cmake_args=None, cmake_clean_cache=False, cmake_clean_first=False, cmake_force_configure=False, cmake_target=None, cmake_target_skip_unavailable=False, continue_on_error=False, event_handlers=None, executor='parallel', ignore_user_meta=False, install_base='install', log_base=None, log_level=None, main=<bound method BuildVerb.main of <colcon_core.verb.build.BuildVerb object at 0x7f8ec04640>>, merge_install=False, metas=['./colcon.meta'], packages_above=None, packages_above_and_dependencies=None, packages_above_depth=None, packages_end=None, packages_ignore=None, packages_ignore_regex=None, packages_select=None, packages_select_build_failed=False, packages_select_by_dep=None, packages_select_regex=None, packages_select_test_failures=False, packages_skip=None, packages_skip_build_finished=False, packages_skip_by_dep=None, packages_skip_regex=None, packages_skip_test_passed=False, packages_skip_up_to=None, packages_start=None, packages_up_to=None, packages_up_to_regex=None, parallel_workers=4, paths=None, symlink_install=False, test_result_base=None, verb_extension=<colcon_core.verb.build.BuildVerb object at 0x7f8ec04640>, verb_name='build', verb_parser=<colcon_defaults.argument_parser.defaults.DefaultArgumentsDecorator object at 0x7f8e7dde20>)
[12.377s] Level 1:colcon.colcon_core.package_discovery:discover_packages(colcon_meta) check parameters
[12.378s] Level 1:colcon.colcon_core.package_discovery:discover_packages(recursive) check parameters
[12.378s] Level 1:colcon.colcon_core.package_discovery:discover_packages(ignore) check parameters
[12.378s] Level 1:colcon.colcon_core.package_discovery:discover_packages(path) check parameters
[12.378s] Level 1:colcon.colcon_core.package_discovery:discover_packages(colcon_meta) discover
[12.378s] Level 1:colcon.colcon_core.package_discovery:discover_packages(recursive) discover
[12.378s] INFO:colcon.colcon_core.package_discovery:Crawling recursively for packages in '/home/puzzlebot/ros2_ws/src'
[12.379s] Level 1:colcon.colcon_core.package_identification:_identify(.) by extensions ['ignore', 'ignore_ament_install']
[12.379s] Level 1:colcon.colcon_core.package_identification:_identify(.) by extension 'ignore'
[12.379s] Level 1:colcon.colcon_core.package_identification:_identify(.) by extension 'ignore_ament_install'
[12.380s] Level 1:colcon.colcon_core.package_identification:_identify(.) by extensions ['colcon_pkg']
[12.380s] Level 1:colcon.colcon_core.package_identification:_identify(.) by extension 'colcon_pkg'
[12.380s] Level 1:colcon.colcon_core.package_identification:_identify(.) by extensions ['colcon_meta']
[12.380s] Level 1:colcon.colcon_core.package_identification:_identify(.) by extension 'colcon_meta'
[12.380s] Level 1:colcon.colcon_core.package_identification:_identify(.) by extensions ['ros']
[12.380s] Level 1:colcon.colcon_core.package_identification:_identify(.) by extension 'ros'
[12.424s] Level 1:colcon.colcon_core.package_identification:_identify(.) by extensions ['cmake', 'python']
[12.424s] Level 1:colcon.colcon_core.package_identification:_identify(.) by extension 'cmake'
[12.425s] Level 1:colcon.colcon_core.package_identification:_identify(.) by extension 'python'
[12.425s] Level 1:colcon.colcon_core.package_identification:_identify(.) by extensions ['python_setup_py']
[12.425s] Level 1:colcon.colcon_core.package_identification:_identify(.) by extension 'python_setup_py'
[12.426s] Level 1:colcon.colcon_core.package_identification:_identify(blue) by extensions ['ignore', 'ignore_ament_install']
[12.426s] Level 1:colcon.colcon_core.package_identification:_identify(blue) by extension 'ignore'
[12.426s] Level 1:colcon.colcon_core.package_identification:_identify(blue) by extension 'ignore_ament_install'
[12.426s] Level 1:colcon.colcon_core.package_identification:_identify(blue) by extensions ['colcon_pkg']
[12.426s] Level 1:colcon.colcon_core.package_identification:_identify(blue) by extension 'colcon_pkg'
[12.427s] Level 1:colcon.colcon_core.package_identification:_identify(blue) by extensions ['colcon_meta']
[12.427s] Level 1:colcon.colcon_core.package_identification:_identify(blue) by extension 'colcon_meta'
[12.427s] Level 1:colcon.colcon_core.package_identification:_identify(blue) by extensions ['ros']
[12.427s] Level 1:colcon.colcon_core.package_identification:_identify(blue) by extension 'ros'
[12.441s] DEBUG:colcon.colcon_core.package_identification:Package 'blue' with type 'ros.ament_python' and name 'blue'
[12.442s] Level 1:colcon.colcon_core.package_identification:_identify(build) by extensions ['ignore', 'ignore_ament_install']
[12.442s] Level 1:colcon.colcon_core.package_identification:_identify(build) by extension 'ignore'
[12.442s] Level 1:colcon.colcon_core.package_identification:_identify(build) ignored
[12.443s] Level 1:colcon.colcon_core.package_identification:_identify(color_identification) by extensions ['ignore', 'ignore_ament_install']
[12.443s] Level 1:colcon.colcon_core.package_identification:_identify(color_identification) by extension 'ignore'
[12.443s] Level 1:colcon.colcon_core.package_identification:_identify(color_identification) by extension 'ignore_ament_install'
[12.444s] Level 1:colcon.colcon_core.package_identification:_identify(color_identification) by extensions ['colcon_pkg']
[12.444s] Level 1:colcon.colcon_core.package_identification:_identify(color_identification) by extension 'colcon_pkg'
[12.444s] Level 1:colcon.colcon_core.package_identification:_identify(color_identification) by extensions ['colcon_meta']
[12.444s] Level 1:colcon.colcon_core.package_identification:_identify(color_identification) by extension 'colcon_meta'
[12.444s] Level 1:colcon.colcon_core.package_identification:_identify(color_identification) by extensions ['ros']
[12.444s] Level 1:colcon.colcon_core.package_identification:_identify(color_identification) by extension 'ros'
[12.447s] DEBUG:colcon.colcon_core.package_identification:Package 'color_identification' with type 'ros.ament_python' and name 'color_identification'
[12.447s] Level 1:colcon.colcon_core.package_identification:_identify(install) by extensions ['ignore', 'ignore_ament_install']
[12.448s] Level 1:colcon.colcon_core.package_identification:_identify(install) by extension 'ignore'
[12.448s] Level 1:colcon.colcon_core.package_identification:_identify(install) ignored
[12.448s] Level 1:colcon.colcon_core.package_identification:_identify(log) by extensions ['ignore', 'ignore_ament_install']
[12.449s] Level 1:colcon.colcon_core.package_identification:_identify(log) by extension 'ignore'
[12.449s] Level 1:colcon.colcon_core.package_identification:_identify(log) ignored
[12.449s] Level 1:colcon.colcon_core.package_identification:_identify(odometry) by extensions ['ignore', 'ignore_ament_install']
[12.450s] Level 1:colcon.colcon_core.package_identification:_identify(odometry) by extension 'ignore'
[12.450s] Level 1:colcon.colcon_core.package_identification:_identify(odometry) by extension 'ignore_ament_install'
[12.450s] Level 1:colcon.colcon_core.package_identification:_identify(odometry) by extensions ['colcon_pkg']
[12.450s] Level 1:colcon.colcon_core.package_identification:_identify(odometry) by extension 'colcon_pkg'
[12.450s] Level 1:colcon.colcon_core.package_identification:_identify(odometry) by extensions ['colcon_meta']
[12.450s] Level 1:colcon.colcon_core.package_identification:_identify(odometry) by extension 'colcon_meta'
[12.451s] Level 1:colcon.colcon_core.package_identification:_identify(odometry) by extensions ['ros']
[12.451s] Level 1:colcon.colcon_core.package_identification:_identify(odometry) by extension 'ros'
[12.454s] DEBUG:colcon.colcon_core.package_identification:Package 'odometry' with type 'ros.ament_python' and name 'odometry'
[12.455s] Level 1:colcon.colcon_core.package_identification:_identify(puzzlebot_ros) by extensions ['ignore', 'ignore_ament_install']
[12.455s] Level 1:colcon.colcon_core.package_identification:_identify(puzzlebot_ros) by extension 'ignore'
[12.455s] Level 1:colcon.colcon_core.package_identification:_identify(puzzlebot_ros) by extension 'ignore_ament_install'
[12.455s] Level 1:colcon.colcon_core.package_identification:_identify(puzzlebot_ros) by extensions ['colcon_pkg']
[12.456s] Level 1:colcon.colcon_core.package_identification:_identify(puzzlebot_ros) by extension 'colcon_pkg'
[12.456s] Level 1:colcon.colcon_core.package_identification:_identify(puzzlebot_ros) by extensions ['colcon_meta']
[12.456s] Level 1:colcon.colcon_core.package_identification:_identify(puzzlebot_ros) by extension 'colcon_meta'
[12.456s] Level 1:colcon.colcon_core.package_identification:_identify(puzzlebot_ros) by extensions ['ros']
[12.456s] Level 1:colcon.colcon_core.package_identification:_identify(puzzlebot_ros) by extension 'ros'
[12.459s] DEBUG:colcon.colcon_core.package_identification:Package 'puzzlebot_ros' with type 'ros.ament_python' and name 'puzzlebot_ros'
[12.459s] Level 1:colcon.colcon_core.package_discovery:discover_packages(recursive) using defaults
[12.459s] Level 1:colcon.colcon_core.package_discovery:discover_packages(ignore) discover
[12.459s] Level 1:colcon.colcon_core.package_discovery:discover_packages(ignore) using defaults
[12.459s] Level 1:colcon.colcon_core.package_discovery:discover_packages(path) discover
[12.459s] Level 1:colcon.colcon_core.package_discovery:discover_packages(path) using defaults
[13.542s] Level 1:colcon.colcon_core.package_discovery:discover_packages(prefix_path) check parameters
[13.542s] Level 1:colcon.colcon_core.package_discovery:discover_packages(prefix_path) discover
[13.960s] DEBUG:colcon.colcon_installed_package_information.package_discovery:Found 7 installed packages in /home/puzzlebot/ros2_ws/src/install
[14.203s] DEBUG:colcon.colcon_installed_package_information.package_discovery:Found 4 installed packages in /home/puzzlebot/ros2_ws/install
[14.405s] DEBUG:colcon.colcon_installed_package_information.package_discovery:Found 5 installed packages in /home/puzzlebot/ros2_packages_ws/install
[14.610s] DEBUG:colcon.colcon_installed_package_information.package_discovery:Found 276 installed packages in /opt/ros/humble
[14.619s] Level 1:colcon.colcon_core.package_discovery:discover_packages(prefix_path) using defaults
[15.600s] Level 5:colcon.colcon_core.verb:set package 'blue' build argument 'cmake_args' from command line to 'None'
[15.600s] Level 5:colcon.colcon_core.verb:set package 'blue' build argument 'cmake_target' from command line to 'None'
[15.600s] Level 5:colcon.colcon_core.verb:set package 'blue' build argument 'cmake_target_skip_unavailable' from command line to 'False'
[15.600s] Level 5:colcon.colcon_core.verb:set package 'blue' build argument 'cmake_clean_cache' from command line to 'False'
[15.601s] Level 5:colcon.colcon_core.verb:set package 'blue' build argument 'cmake_clean_first' from command line to 'False'
[15.601s] Level 5:colcon.colcon_core.verb:set package 'blue' build argument 'cmake_force_configure' from command line to 'False'
[15.601s] Level 5:colcon.colcon_core.verb:set package 'blue' build argument 'ament_cmake_args' from command line to 'None'
[15.601s] Level 5:colcon.colcon_core.verb:set package 'blue' build argument 'catkin_cmake_args' from command line to 'None'
[15.601s] Level 5:colcon.colcon_core.verb:set package 'blue' build argument 'catkin_skip_building_tests' from command line to 'False'
[15.601s] DEBUG:colcon.colcon_core.verb:Building package 'blue' with the following arguments: {'ament_cmake_args': None, 'build_base': '/home/puzzlebot/ros2_ws/src/build/blue', 'catkin_cmake_args': None, 'catkin_skip_building_tests': False, 'cmake_args': None, 'cmake_clean_cache': False, 'cmake_clean_first': False, 'cmake_force_configure': False, 'cmake_target': None, 'cmake_target_skip_unavailable': False, 'install_base': '/home/puzzlebot/ros2_ws/src/install/blue', 'merge_install': False, 'path': '/home/puzzlebot/ros2_ws/src/blue', 'symlink_install': False, 'test_result_base': None}
[15.802s] Level 5:colcon.colcon_core.verb:set package 'color_identification' build argument 'cmake_args' from command line to 'None'
[15.802s] Level 5:colcon.colcon_core.verb:set package 'color_identification' build argument 'cmake_target' from command line to 'None'
[15.802s] Level 5:colcon.colcon_core.verb:set package 'color_identification' build argument 'cmake_target_skip_unavailable' from command line to 'False'
[15.802s] Level 5:colcon.colcon_core.verb:set package 'color_identification' build argument 'cmake_clean_cache' from command line to 'False'
[15.802s] Level 5:colcon.colcon_core.verb:set package 'color_identification' build argument 'cmake_clean_first' from command line to 'False'
[15.802s] Level 5:colcon.colcon_core.verb:set package 'color_identification' build argument 'cmake_force_configure' from command line to 'False'
[15.803s] Level 5:colcon.colcon_core.verb:set package 'color_identification' build argument 'ament_cmake_args' from command line to 'None'
[15.803s] Level 5:colcon.colcon_core.verb:set package 'color_identification' build argument 'catkin_cmake_args' from command line to 'None'
[15.803s] Level 5:colcon.colcon_core.verb:set package 'color_identification' build argument 'catkin_skip_building_tests' from command line to 'False'
[15.803s] DEBUG:colcon.colcon_core.verb:Building package 'color_identification' with the following arguments: {'ament_cmake_args': None, 'build_base': '/home/puzzlebot/ros2_ws/src/build/color_identification', 'catkin_cmake_args': None, 'catkin_skip_building_tests': False, 'cmake_args': None, 'cmake_clean_cache': False, 'cmake_clean_first': False, 'cmake_force_configure': False, 'cmake_target': None, 'cmake_target_skip_unavailable': False, 'install_base': '/home/puzzlebot/ros2_ws/src/install/color_identification', 'merge_install': False, 'path': '/home/puzzlebot/ros2_ws/src/color_identification', 'symlink_install': False, 'test_result_base': None}
[16.005s] Level 5:colcon.colcon_core.verb:set package 'odometry' build argument 'cmake_args' from command line to 'None'
[16.005s] Level 5:colcon.colcon_core.verb:set package 'odometry' build argument 'cmake_target' from command line to 'None'
[16.005s] Level 5:colcon.colcon_core.verb:set package 'odometry' build argument 'cmake_target_skip_unavailable' from command line to 'False'
[16.005s] Level 5:colcon.colcon_core.verb:set package 'odometry' build argument 'cmake_clean_cache' from command line to 'False'
[16.005s] Level 5:colcon.colcon_core.verb:set package 'odometry' build argument 'cmake_clean_first' from command line to 'False'
[16.005s] Level 5:colcon.colcon_core.verb:set package 'odometry' build argument 'cmake_force_configure' from command line to 'False'
[16.006s] Level 5:colcon.colcon_core.verb:set package 'odometry' build argument 'ament_cmake_args' from command line to 'None'
[16.006s] Level 5:colcon.colcon_core.verb:set package 'odometry' build argument 'catkin_cmake_args' from command line to 'None'
[16.006s] Level 5:colcon.colcon_core.verb:set package 'odometry' build argument 'catkin_skip_building_tests' from command line to 'False'
[16.006s] DEBUG:colcon.colcon_core.verb:Building package 'odometry' with the following arguments: {'ament_cmake_args': None, 'build_base': '/home/puzzlebot/ros2_ws/src/build/odometry', 'catkin_cmake_args': None, 'catkin_skip_building_tests': False, 'cmake_args': None, 'cmake_clean_cache': False, 'cmake_clean_first': False, 'cmake_force_configure': False, 'cmake_target': None, 'cmake_target_skip_unavailable': False, 'install_base': '/home/puzzlebot/ros2_ws/src/install/odometry', 'merge_install': False, 'path': '/home/puzzlebot/ros2_ws/src/odometry', 'symlink_install': False, 'test_result_base': None}
[16.205s] Level 5:colcon.colcon_core.verb:set package 'puzzlebot_ros' build argument 'cmake_args' from command line to 'None'
[16.205s] Level 5:colcon.colcon_core.verb:set package 'puzzlebot_ros' build argument 'cmake_target' from command line to 'None'
[16.205s] Level 5:colcon.colcon_core.verb:set package 'puzzlebot_ros' build argument 'cmake_target_skip_unavailable' from command line to 'False'
[16.205s] Level 5:colcon.colcon_core.verb:set package 'puzzlebot_ros' build argument 'cmake_clean_cache' from command line to 'False'
[16.205s] Level 5:colcon.colcon_core.verb:set package 'puzzlebot_ros' build argument 'cmake_clean_first' from command line to 'False'
[16.206s] Level 5:colcon.colcon_core.verb:set package 'puzzlebot_ros' build argument 'cmake_force_configure' from command line to 'False'
[16.206s] Level 5:colcon.colcon_core.verb:set package 'puzzlebot_ros' build argument 'ament_cmake_args' from command line to 'None'
[16.206s] Level 5:colcon.colcon_core.verb:set package 'puzzlebot_ros' build argument 'catkin_cmake_args' from command line to 'None'
[16.206s] Level 5:colcon.colcon_core.verb:set package 'puzzlebot_ros' build argument 'catkin_skip_building_tests' from command line to 'False'
[16.206s] DEBUG:colcon.colcon_core.verb:Building package 'puzzlebot_ros' with the following arguments: {'ament_cmake_args': None, 'build_base': '/home/puzzlebot/ros2_ws/src/build/puzzlebot_ros', 'catkin_cmake_args': None, 'catkin_skip_building_tests': False, 'cmake_args': None, 'cmake_clean_cache': False, 'cmake_clean_first': False, 'cmake_force_configure': False, 'cmake_target': None, 'cmake_target_skip_unavailable': False, 'install_base': '/home/puzzlebot/ros2_ws/src/install/puzzlebot_ros', 'merge_install': False, 'path': '/home/puzzlebot/ros2_ws/src/puzzlebot_ros', 'symlink_install': False, 'test_result_base': None}
[16.401s] INFO:colcon.colcon_core.executor:Executing jobs using 'parallel' executor
[16.600s] DEBUG:colcon.colcon_parallel_executor.executor.parallel:run_until_complete
[16.601s] INFO:colcon.colcon_ros.task.ament_python.build:Building ROS package in '/home/puzzlebot/ros2_ws/src/blue' with build type 'ament_python'
[16.602s] Level 1:colcon.colcon_core.shell:create_environment_hook('blue', 'ament_prefix_path')
[16.859s] INFO:colcon.colcon_core.plugin_system:Skipping extension 'colcon_core.shell.bat': Not used on non-Windows systems
[16.860s] INFO:colcon.colcon_core.shell:Creating environment hook '/home/puzzlebot/ros2_ws/src/install/blue/share/blue/hook/ament_prefix_path.ps1'
[16.867s] INFO:colcon.colcon_core.shell:Creating environment descriptor '/home/puzzlebot/ros2_ws/src/install/blue/share/blue/hook/ament_prefix_path.dsv'
[16.869s] INFO:colcon.colcon_core.shell:Creating environment hook '/home/puzzlebot/ros2_ws/src/install/blue/share/blue/hook/ament_prefix_path.sh'
[17.078s] INFO:colcon.colcon_core.shell:Skip shell extension 'powershell' for command environment: Not usable outside of PowerShell
[17.078s] DEBUG:colcon.colcon_core.shell:Skip shell extension 'dsv' for command environment
[18.131s] INFO:colcon.colcon_ros.task.ament_python.build:Building ROS package in '/home/puzzlebot/ros2_ws/src/color_identification' with build type 'ament_python'
[18.132s] Level 1:colcon.colcon_core.shell:create_environment_hook('color_identification', 'ament_prefix_path')
[18.339s] INFO:colcon.colcon_core.shell:Creating environment hook '/home/puzzlebot/ros2_ws/src/install/color_identification/share/color_identification/hook/ament_prefix_path.ps1'
[18.342s] INFO:colcon.colcon_core.shell:Creating environment descriptor '/home/puzzlebot/ros2_ws/src/install/color_identification/share/color_identification/hook/ament_prefix_path.dsv'
[18.343s] INFO:colcon.colcon_core.shell:Creating environment hook '/home/puzzlebot/ros2_ws/src/install/color_identification/share/color_identification/hook/ament_prefix_path.sh'
[18.549s] INFO:colcon.colcon_core.shell:Skip shell extension 'powershell' for command environment: Not usable outside of PowerShell
[18.549s] DEBUG:colcon.colcon_core.shell:Skip shell extension 'dsv' for command environment
[19.606s] INFO:colcon.colcon_ros.task.ament_python.build:Building ROS package in '/home/puzzlebot/ros2_ws/src/odometry' with build type 'ament_python'
[19.607s] Level 1:colcon.colcon_core.shell:create_environment_hook('odometry', 'ament_prefix_path')
[19.822s] INFO:colcon.colcon_core.shell:Creating environment hook '/home/puzzlebot/ros2_ws/src/install/odometry/share/odometry/hook/ament_prefix_path.ps1'
[19.824s] INFO:colcon.colcon_core.shell:Creating environment descriptor '/home/puzzlebot/ros2_ws/src/install/odometry/share/odometry/hook/ament_prefix_path.dsv'
[19.825s] INFO:colcon.colcon_core.shell:Creating environment hook '/home/puzzlebot/ros2_ws/src/install/odometry/share/odometry/hook/ament_prefix_path.sh'
[20.034s] INFO:colcon.colcon_core.shell:Skip shell extension 'powershell' for command environment: Not usable outside of PowerShell
[20.035s] DEBUG:colcon.colcon_core.shell:Skip shell extension 'dsv' for command environment
[21.098s] INFO:colcon.colcon_ros.task.ament_python.build:Building ROS package in '/home/puzzlebot/ros2_ws/src/puzzlebot_ros' with build type 'ament_python'
[21.099s] Level 1:colcon.colcon_core.shell:create_environment_hook('puzzlebot_ros', 'ament_prefix_path')
[21.309s] INFO:colcon.colcon_core.shell:Creating environment hook '/home/puzzlebot/ros2_ws/src/install/puzzlebot_ros/share/puzzlebot_ros/hook/ament_prefix_path.ps1'
[21.310s] INFO:colcon.colcon_core.shell:Creating environment descriptor '/home/puzzlebot/ros2_ws/src/install/puzzlebot_ros/share/puzzlebot_ros/hook/ament_prefix_path.dsv'
[21.312s] INFO:colcon.colcon_core.shell:Creating environment hook '/home/puzzlebot/ros2_ws/src/install/puzzlebot_ros/share/puzzlebot_ros/hook/ament_prefix_path.sh'
[21.518s] INFO:colcon.colcon_core.shell:Skip shell extension 'powershell' for command environment: Not usable outside of PowerShell
[21.518s] DEBUG:colcon.colcon_core.shell:Skip shell extension 'dsv' for command environment
[23.732s] INFO:colcon.colcon_core.task.python.build:Building Python package in '/home/puzzlebot/ros2_ws/src/blue'
[23.940s] INFO:colcon.colcon_core.shell:Skip shell extension 'powershell' for command environment: Not usable outside of PowerShell
[23.940s] DEBUG:colcon.colcon_core.shell:Skip shell extension 'dsv' for command environment
[26.093s] INFO:colcon.colcon_core.task.python.build:Building Python package in '/home/puzzlebot/ros2_ws/src/color_identification'
[26.301s] INFO:colcon.colcon_core.shell:Skip shell extension 'powershell' for command environment: Not usable outside of PowerShell
[26.301s] DEBUG:colcon.colcon_core.shell:Skip shell extension 'dsv' for command environment
[28.459s] INFO:colcon.colcon_core.task.python.build:Building Python package in '/home/puzzlebot/ros2_ws/src/odometry'
[28.667s] INFO:colcon.colcon_core.shell:Skip shell extension 'powershell' for command environment: Not usable outside of PowerShell
[28.667s] DEBUG:colcon.colcon_core.shell:Skip shell extension 'dsv' for command environment
[30.821s] INFO:colcon.colcon_core.task.python.build:Building Python package in '/home/puzzlebot/ros2_ws/src/puzzlebot_ros'
[31.031s] INFO:colcon.colcon_core.shell:Skip shell extension 'powershell' for command environment: Not usable outside of PowerShell
[31.032s] DEBUG:colcon.colcon_core.shell:Skip shell extension 'dsv' for command environment
[34.465s] DEBUG:colcon.colcon_core.event_handler.log_command:Invoking command in '/home/puzzlebot/ros2_ws/src/odometry': PYTHONPATH=/home/puzzlebot/ros2_ws/src/build/odometry/prefix_override:/home/puzzlebot/ros2_ws/src/install/odometry/lib/python3.8/site-packages:${PYTHONPATH} /usr/bin/python3 setup.py egg_info --egg-base ../build/odometry build --build-base /home/puzzlebot/ros2_ws/src/build/odometry/build install --record /home/puzzlebot/ros2_ws/src/build/odometry/install.log --single-version-externally-managed
[34.489s] DEBUG:colcon.colcon_core.event_handler.log_command:Invoking command in '/home/puzzlebot/ros2_ws/src/blue': PYTHONPATH=/home/puzzlebot/ros2_ws/src/build/blue/prefix_override:/home/puzzlebot/ros2_ws/src/install/blue/lib/python3.8/site-packages:${PYTHONPATH} /usr/bin/python3 setup.py egg_info --egg-base ../build/blue build --build-base /home/puzzlebot/ros2_ws/src/build/blue/build install --record /home/puzzlebot/ros2_ws/src/build/blue/install.log --single-version-externally-managed
[34.501s] DEBUG:colcon.colcon_core.event_handler.log_command:Invoking command in '/home/puzzlebot/ros2_ws/src/puzzlebot_ros': PYTHONPATH=/home/puzzlebot/ros2_ws/src/build/puzzlebot_ros/prefix_override:/home/puzzlebot/ros2_ws/src/install/puzzlebot_ros/lib/python3.8/site-packages:${PYTHONPATH} /usr/bin/python3 setup.py egg_info --egg-base ../build/puzzlebot_ros build --build-base /home/puzzlebot/ros2_ws/src/build/puzzlebot_ros/build install --record /home/puzzlebot/ros2_ws/src/build/puzzlebot_ros/install.log --single-version-externally-managed
[34.540s] DEBUG:colcon.colcon_core.event_handler.log_command:Invoking command in '/home/puzzlebot/ros2_ws/src/color_identification': PYTHONPATH=/home/puzzlebot/ros2_ws/src/build/color_identification/prefix_override:/home/puzzlebot/ros2_ws/src/install/color_identification/lib/python3.8/site-packages:${PYTHONPATH} /usr/bin/python3 setup.py egg_info --egg-base ../build/color_identification build --build-base /home/puzzlebot/ros2_ws/src/build/color_identification/build install --record /home/puzzlebot/ros2_ws/src/build/color_identification/install.log --single-version-externally-managed
[36.125s] DEBUG:colcon.colcon_core.event_handler.log_command:Invoked command in '/home/puzzlebot/ros2_ws/src/odometry' returned '0': PYTHONPATH=/home/puzzlebot/ros2_ws/src/build/odometry/prefix_override:/home/puzzlebot/ros2_ws/src/install/odometry/lib/python3.8/site-packages:${PYTHONPATH} /usr/bin/python3 setup.py egg_info --egg-base ../build/odometry build --build-base /home/puzzlebot/ros2_ws/src/build/odometry/build install --record /home/puzzlebot/ros2_ws/src/build/odometry/install.log --single-version-externally-managed
[36.354s] Level 1:colcon.colcon_core.environment:checking '/home/puzzlebot/ros2_ws/src/install/odometry' for CMake module files
[36.357s] Level 1:colcon.colcon_core.environment:checking '/home/puzzlebot/ros2_ws/src/install/odometry' for CMake config files
[36.360s] Level 1:colcon.colcon_core.environment:checking '/home/puzzlebot/ros2_ws/src/install/odometry/lib'
[36.360s] Level 1:colcon.colcon_core.environment:checking '/home/puzzlebot/ros2_ws/src/install/odometry/bin'
[36.360s] Level 1:colcon.colcon_core.environment:checking '/home/puzzlebot/ros2_ws/src/install/odometry/lib/pkgconfig/odometry.pc'
[36.361s] Level 1:colcon.colcon_core.environment:checking '/home/puzzlebot/ros2_ws/src/install/odometry/lib/python3.8/site-packages'
[36.362s] Level 1:colcon.colcon_core.shell:create_environment_hook('odometry', 'pythonpath')
[36.568s] INFO:colcon.colcon_core.shell:Creating environment hook '/home/puzzlebot/ros2_ws/src/install/odometry/share/odometry/hook/pythonpath.ps1'
[36.570s] INFO:colcon.colcon_core.shell:Creating environment descriptor '/home/puzzlebot/ros2_ws/src/install/odometry/share/odometry/hook/pythonpath.dsv'
[36.571s] INFO:colcon.colcon_core.shell:Creating environment hook '/home/puzzlebot/ros2_ws/src/install/odometry/share/odometry/hook/pythonpath.sh'
[36.573s] Level 1:colcon.colcon_core.environment:checking '/home/puzzlebot/ros2_ws/src/install/odometry/bin'
[36.573s] Level 1:colcon.colcon_core.environment:create_environment_scripts_only(odometry)
[36.780s] INFO:colcon.colcon_core.shell:Creating package script '/home/puzzlebot/ros2_ws/src/install/odometry/share/odometry/package.ps1'
[36.783s] INFO:colcon.colcon_core.shell:Creating package descriptor '/home/puzzlebot/ros2_ws/src/install/odometry/share/odometry/package.dsv'
[36.786s] INFO:colcon.colcon_core.shell:Creating package script '/home/puzzlebot/ros2_ws/src/install/odometry/share/odometry/package.sh'
[36.789s] INFO:colcon.colcon_core.shell:Creating package script '/home/puzzlebot/ros2_ws/src/install/odometry/share/odometry/package.bash'
[36.792s] INFO:colcon.colcon_core.shell:Creating package script '/home/puzzlebot/ros2_ws/src/install/odometry/share/odometry/package.zsh'
[36.794s] Level 1:colcon.colcon_core.environment:create_file_with_runtime_dependencies(/home/puzzlebot/ros2_ws/src/install/odometry/share/colcon-core/packages/odometry)
[36.801s] DEBUG:colcon.colcon_core.event_handler.log_command:Invoked command in '/home/puzzlebot/ros2_ws/src/blue' returned '0': PYTHONPATH=/home/puzzlebot/ros2_ws/src/build/blue/prefix_override:/home/puzzlebot/ros2_ws/src/install/blue/lib/python3.8/site-packages:${PYTHONPATH} /usr/bin/python3 setup.py egg_info --egg-base ../build/blue build --build-base /home/puzzlebot/ros2_ws/src/build/blue/build install --record /home/puzzlebot/ros2_ws/src/build/blue/install.log --single-version-externally-managed
[37.006s] Level 1:colcon.colcon_core.environment:checking '/home/puzzlebot/ros2_ws/src/install/blue' for CMake module files
[37.008s] Level 1:colcon.colcon_core.environment:checking '/home/puzzlebot/ros2_ws/src/install/blue' for CMake config files
[37.010s] Level 1:colcon.colcon_core.environment:checking '/home/puzzlebot/ros2_ws/src/install/blue/lib'
[37.011s] Level 1:colcon.colcon_core.environment:checking '/home/puzzlebot/ros2_ws/src/install/blue/bin'
[37.011s] Level 1:colcon.colcon_core.environment:checking '/home/puzzlebot/ros2_ws/src/install/blue/lib/pkgconfig/blue.pc'
[37.012s] Level 1:colcon.colcon_core.environment:checking '/home/puzzlebot/ros2_ws/src/install/blue/lib/python3.8/site-packages'
[37.012s] Level 1:colcon.colcon_core.shell:create_environment_hook('blue', 'pythonpath')
[37.220s] INFO:colcon.colcon_core.shell:Creating environment hook '/home/puzzlebot/ros2_ws/src/install/blue/share/blue/hook/pythonpath.ps1'
[37.222s] INFO:colcon.colcon_core.shell:Creating environment descriptor '/home/puzzlebot/ros2_ws/src/install/blue/share/blue/hook/pythonpath.dsv'
[37.223s] INFO:colcon.colcon_core.shell:Creating environment hook '/home/puzzlebot/ros2_ws/src/install/blue/share/blue/hook/pythonpath.sh'
[37.225s] Level 1:colcon.colcon_core.environment:checking '/home/puzzlebot/ros2_ws/src/install/blue/bin'
[37.225s] Level 1:colcon.colcon_core.environment:create_environment_scripts_only(blue)
[37.433s] INFO:colcon.colcon_core.shell:Creating package script '/home/puzzlebot/ros2_ws/src/install/blue/share/blue/package.ps1'
[37.435s] INFO:colcon.colcon_core.shell:Creating package descriptor '/home/puzzlebot/ros2_ws/src/install/blue/share/blue/package.dsv'
[37.436s] INFO:colcon.colcon_core.shell:Creating package script '/home/puzzlebot/ros2_ws/src/install/blue/share/blue/package.sh'
[37.438s] INFO:colcon.colcon_core.shell:Creating package script '/home/puzzlebot/ros2_ws/src/install/blue/share/blue/package.bash'
[37.439s] INFO:colcon.colcon_core.shell:Creating package script '/home/puzzlebot/ros2_ws/src/install/blue/share/blue/package.zsh'
[37.440s] Level 1:colcon.colcon_core.environment:create_file_with_runtime_dependencies(/home/puzzlebot/ros2_ws/src/install/blue/share/colcon-core/packages/blue)
[37.443s] DEBUG:colcon.colcon_core.event_handler.log_command:Invoked command in '/home/puzzlebot/ros2_ws/src/puzzlebot_ros' returned '0': PYTHONPATH=/home/puzzlebot/ros2_ws/src/build/puzzlebot_ros/prefix_override:/home/puzzlebot/ros2_ws/src/install/puzzlebot_ros/lib/python3.8/site-packages:${PYTHONPATH} /usr/bin/python3 setup.py egg_info --egg-base ../build/puzzlebot_ros build --build-base /home/puzzlebot/ros2_ws/src/build/puzzlebot_ros/build install --record /home/puzzlebot/ros2_ws/src/build/puzzlebot_ros/install.log --single-version-externally-managed
[37.647s] Level 1:colcon.colcon_core.environment:checking '/home/puzzlebot/ros2_ws/src/install/puzzlebot_ros' for CMake module files
[37.650s] Level 1:colcon.colcon_core.environment:checking '/home/puzzlebot/ros2_ws/src/install/puzzlebot_ros' for CMake config files
[37.653s] Level 1:colcon.colcon_core.environment:checking '/home/puzzlebot/ros2_ws/src/install/puzzlebot_ros/lib'
[37.653s] Level 1:colcon.colcon_core.environment:checking '/home/puzzlebot/ros2_ws/src/install/puzzlebot_ros/bin'
[37.653s] Level 1:colcon.colcon_core.environment:checking '/home/puzzlebot/ros2_ws/src/install/puzzlebot_ros/lib/pkgconfig/puzzlebot_ros.pc'
[37.654s] Level 1:colcon.colcon_core.environment:checking '/home/puzzlebot/ros2_ws/src/install/puzzlebot_ros/lib/python3.8/site-packages'
[37.654s] Level 1:colcon.colcon_core.shell:create_environment_hook('puzzlebot_ros', 'pythonpath')
[37.860s] INFO:colcon.colcon_core.shell:Creating environment hook '/home/puzzlebot/ros2_ws/src/install/puzzlebot_ros/share/puzzlebot_ros/hook/pythonpath.ps1'
[37.863s] INFO:colcon.colcon_core.shell:Creating environment descriptor '/home/puzzlebot/ros2_ws/src/install/puzzlebot_ros/share/puzzlebot_ros/hook/pythonpath.dsv'
[37.864s] INFO:colcon.colcon_core.shell:Creating environment hook '/home/puzzlebot/ros2_ws/src/install/puzzlebot_ros/share/puzzlebot_ros/hook/pythonpath.sh'
[37.866s] Level 1:colcon.colcon_core.environment:checking '/home/puzzlebot/ros2_ws/src/install/puzzlebot_ros/bin'
[37.866s] Level 1:colcon.colcon_core.environment:create_environment_scripts_only(puzzlebot_ros)
[38.075s] INFO:colcon.colcon_core.shell:Creating package script '/home/puzzlebot/ros2_ws/src/install/puzzlebot_ros/share/puzzlebot_ros/package.ps1'
[38.078s] INFO:colcon.colcon_core.shell:Creating package descriptor '/home/puzzlebot/ros2_ws/src/install/puzzlebot_ros/share/puzzlebot_ros/package.dsv'
[38.080s] INFO:colcon.colcon_core.shell:Creating package script '/home/puzzlebot/ros2_ws/src/install/puzzlebot_ros/share/puzzlebot_ros/package.sh'
[38.081s] INFO:colcon.colcon_core.shell:Creating package script '/home/puzzlebot/ros2_ws/src/install/puzzlebot_ros/share/puzzlebot_ros/package.bash'
[38.083s] INFO:colcon.colcon_core.shell:Creating package script '/home/puzzlebot/ros2_ws/src/install/puzzlebot_ros/share/puzzlebot_ros/package.zsh'
[38.084s] Level 1:colcon.colcon_core.environment:create_file_with_runtime_dependencies(/home/puzzlebot/ros2_ws/src/install/puzzlebot_ros/share/colcon-core/packages/puzzlebot_ros)
[38.087s] DEBUG:colcon.colcon_core.event_handler.log_command:Invoked command in '/home/puzzlebot/ros2_ws/src/color_identification' returned '0': PYTHONPATH=/home/puzzlebot/ros2_ws/src/build/color_identification/prefix_override:/home/puzzlebot/ros2_ws/src/install/color_identification/lib/python3.8/site-packages:${PYTHONPATH} /usr/bin/python3 setup.py egg_info --egg-base ../build/color_identification build --build-base /home/puzzlebot/ros2_ws/src/build/color_identification/build install --record /home/puzzlebot/ros2_ws/src/build/color_identification/install.log --single-version-externally-managed
[38.292s] Level 1:colcon.colcon_core.environment:checking '/home/puzzlebot/ros2_ws/src/install/color_identification' for CMake module files
[38.294s] Level 1:colcon.colcon_core.environment:checking '/home/puzzlebot/ros2_ws/src/install/color_identification' for CMake config files
[38.296s] Level 1:colcon.colcon_core.environment:checking '/home/puzzlebot/ros2_ws/src/install/color_identification/lib'
[38.297s] Level 1:colcon.colcon_core.environment:checking '/home/puzzlebot/ros2_ws/src/install/color_identification/bin'
[38.297s] Level 1:colcon.colcon_core.environment:checking '/home/puzzlebot/ros2_ws/src/install/color_identification/lib/pkgconfig/color_identification.pc'
[38.298s] Level 1:colcon.colcon_core.environment:checking '/home/puzzlebot/ros2_ws/src/install/color_identification/lib/python3.8/site-packages'
[38.298s] Level 1:colcon.colcon_core.shell:create_environment_hook('color_identification', 'pythonpath')
[38.507s] INFO:colcon.colcon_core.shell:Creating environment hook '/home/puzzlebot/ros2_ws/src/install/color_identification/share/color_identification/hook/pythonpath.ps1'
[38.509s] INFO:colcon.colcon_core.shell:Creating environment descriptor '/home/puzzlebot/ros2_ws/src/install/color_identification/share/color_identification/hook/pythonpath.dsv'
[38.510s] INFO:colcon.colcon_core.shell:Creating environment hook '/home/puzzlebot/ros2_ws/src/install/color_identification/share/color_identification/hook/pythonpath.sh'
[38.512s] Level 1:colcon.colcon_core.environment:checking '/home/puzzlebot/ros2_ws/src/install/color_identification/bin'
[38.512s] Level 1:colcon.colcon_core.environment:create_environment_scripts_only(color_identification)
[38.722s] INFO:colcon.colcon_core.shell:Creating package script '/home/puzzlebot/ros2_ws/src/install/color_identification/share/color_identification/package.ps1'
[38.724s] INFO:colcon.colcon_core.shell:Creating package descriptor '/home/puzzlebot/ros2_ws/src/install/color_identification/share/color_identification/package.dsv'
[38.725s] INFO:colcon.colcon_core.shell:Creating package script '/home/puzzlebot/ros2_ws/src/install/color_identification/share/color_identification/package.sh'
[38.727s] INFO:colcon.colcon_core.shell:Creating package script '/home/puzzlebot/ros2_ws/src/install/color_identification/share/color_identification/package.bash'
[38.728s] INFO:colcon.colcon_core.shell:Creating package script '/home/puzzlebot/ros2_ws/src/install/color_identification/share/color_identification/package.zsh'
[38.729s] Level 1:colcon.colcon_core.environment:create_file_with_runtime_dependencies(/home/puzzlebot/ros2_ws/src/install/color_identification/share/colcon-core/packages/color_identification)
[38.730s] DEBUG:colcon.colcon_parallel_executor.executor.parallel:closing loop
[38.731s] DEBUG:colcon.colcon_parallel_executor.executor.parallel:loop closed
[38.731s] DEBUG:colcon.colcon_parallel_executor.executor.parallel:run_until_complete finished with '0'
[38.732s] DEBUG:colcon.colcon_core.event_reactor:joining thread
[38.954s] INFO:colcon.colcon_core.plugin_system:Skipping extension 'colcon_notification.desktop_notification.terminal_notifier': Not used on non-Darwin systems
[38.954s] INFO:colcon.colcon_core.plugin_system:Skipping extension 'colcon_notification.desktop_notification.win32': Not used on non-Windows systems
[38.954s] INFO:colcon.colcon_notification.desktop_notification:Sending desktop notification using 'notify2'
[39.006s] DEBUG:colcon.colcon_core.event_reactor:joined thread
[39.228s] INFO:colcon.colcon_core.shell:Creating prefix script '/home/puzzlebot/ros2_ws/src/install/local_setup.ps1'
[39.231s] INFO:colcon.colcon_core.shell:Creating prefix util module '/home/puzzlebot/ros2_ws/src/install/_local_setup_util_ps1.py'
[39.237s] INFO:colcon.colcon_core.shell:Creating prefix chain script '/home/puzzlebot/ros2_ws/src/install/setup.ps1'
[39.447s] INFO:colcon.colcon_core.shell:Creating prefix script '/home/puzzlebot/ros2_ws/src/install/local_setup.sh'
[39.449s] INFO:colcon.colcon_core.shell:Creating prefix util module '/home/puzzlebot/ros2_ws/src/install/_local_setup_util_sh.py'
[39.451s] INFO:colcon.colcon_core.shell:Creating prefix chain script '/home/puzzlebot/ros2_ws/src/install/setup.sh'
[39.662s] INFO:colcon.colcon_core.shell:Creating prefix script '/home/puzzlebot/ros2_ws/src/install/local_setup.bash'
[39.664s] INFO:colcon.colcon_core.shell:Creating prefix chain script '/home/puzzlebot/ros2_ws/src/install/setup.bash'
[39.875s] INFO:colcon.colcon_core.shell:Creating prefix script '/home/puzzlebot/ros2_ws/src/install/local_setup.zsh'
[39.877s] INFO:colcon.colcon_core.shell:Creating prefix chain script '/home/puzzlebot/ros2_ws/src/install/setup.zsh'
